TN:
SF:src\config\constant.ts
FNF:0
FNH:0
DA:1,3
DA:2,3
DA:4,3
DA:5,3
DA:6,3
DA:7,3
DA:8,3
DA:9,3
DA:10,3
DA:11,3
DA:12,3
DA:13,3
DA:16,3
DA:17,3
DA:20,3
DA:21,3
DA:25,3
DA:26,3
LF:18
LH:18
BRDA:4,0,0,3
BRDA:4,0,1,0
BRDA:5,1,0,3
BRDA:5,1,1,0
BRDA:6,2,0,3
BRDA:6,2,1,0
BRDA:7,3,0,3
BRDA:7,3,1,0
BRDA:8,4,0,3
BRDA:8,4,1,0
BRDA:9,5,0,3
BRDA:9,5,1,0
BRDA:10,6,0,3
BRDA:10,6,1,0
BRDA:11,7,0,3
BRDA:11,7,1,0
BRDA:12,8,0,3
BRDA:12,8,1,0
BRDA:13,9,0,3
BRDA:13,9,1,0
BRDA:16,10,0,3
BRDA:16,10,1,3
BRDA:17,11,0,3
BRDA:17,11,1,3
BRDA:20,12,0,3
BRDA:20,12,1,0
BRDA:21,13,0,3
BRDA:21,13,1,0
BRDA:25,14,0,3
BRDA:25,14,1,0
BRDA:26,15,0,3
BRDA:26,15,1,0
BRF:32
BRH:18
end_of_record
TN:
SF:src\dtos\user.dto.ts
FN:34,(anonymous_0)
FN:69,(anonymous_1)
FNF:2
FNH:0
FNDA:0,(anonymous_0)
FNDA:0,(anonymous_1)
DA:1,1
DA:2,1
DA:4,1
DA:18,1
DA:23,1
DA:34,0
DA:42,1
DA:46,1
DA:51,1
DA:56,1
DA:58,1
DA:64,1
DA:69,0
DA:75,1
LF:14
LH:12
BRDA:34,0,0,0
BRDA:34,0,1,0
BRF:2
BRH:0
end_of_record
TN:
SF:src\exceptions\http-exception.ts
FN:3,(anonymous_0)
FNF:1
FNH:1
FNDA:56,(anonymous_0)
DA:1,15
DA:4,56
DA:5,56
LF:3
LH:3
BRF:0
BRH:0
end_of_record
TN:
SF:src\models\brand.model.ts
FNF:0
FNH:0
DA:1,1
DA:14,1
DA:31,1
LF:3
LH:3
BRF:0
BRH:0
end_of_record
TN:
SF:src\models\category.model.ts
FNF:0
FNH:0
DA:1,1
DA:3,1
DA:27,1
DA:52,1
LF:4
LH:4
BRF:0
BRH:0
end_of_record
TN:
SF:src\models\notification.model.ts
FNF:0
FNH:0
DA:1,1
DA:3,1
DA:6,1
DA:25,1
DA:43,1
DA:45,1
LF:6
LH:6
BRF:0
BRH:0
end_of_record
TN:
SF:src\models\order.model.ts
FNF:0
FNH:0
DA:1,1
DA:3,1
DA:14,1
DA:82,1
DA:148,1
LF:5
LH:5
BRF:0
BRH:0
end_of_record
TN:
SF:src\models\product.model.ts
FN:161,(anonymous_9)
FN:165,(anonymous_10)
FN:168,(anonymous_11)
FNF:3
FNH:0
FNDA:0,(anonymous_9)
FNDA:0,(anonymous_10)
FNDA:0,(anonymous_11)
DA:1,7
DA:70,7
DA:147,7
DA:152,7
DA:153,7
DA:161,7
DA:162,0
DA:163,0
DA:165,7
DA:166,0
DA:168,7
DA:169,0
DA:172,7
LF:13
LH:9
BRDA:162,0,0,0
BRDA:162,0,1,0
BRDA:166,1,0,0
BRDA:166,1,1,0
BRDA:169,2,0,0
BRDA:169,2,1,0
BRF:6
BRH:0
end_of_record
TN:
SF:src\models\review.model.ts
FNF:0
FNH:0
DA:1,2
DA:3,2
DA:19,2
DA:34,2
DA:36,2
LF:5
LH:5
BRF:0
BRH:0
end_of_record
TN:
SF:src\models\shipping-address.model.ts
FNF:0
FNH:0
DA:1,1
DA:3,1
DA:13,1
DA:36,1
DA:57,1
DA:59,1
LF:6
LH:6
BRF:0
BRH:0
end_of_record
TN:
SF:src\models\shipping-method.model.ts
FNF:0
FNH:0
DA:1,1
DA:15,1
DA:29,1
LF:3
LH:3
BRF:0
BRH:0
end_of_record
TN:
SF:src\models\stock-movement.model.ts
FNF:0
FNH:0
DA:1,1
DA:3,1
DA:6,1
DA:23,1
DA:40,1
DA:42,1
LF:6
LH:6
BRF:0
BRH:0
end_of_record
TN:
SF:src\repositories\brand.repository.ts
FN:30,(anonymous_1)
FN:34,(anonymous_2)
FN:46,(anonymous_3)
FN:64,(anonymous_4)
FN:76,(anonymous_5)
FN:80,(anonymous_6)
FN:84,(anonymous_7)
FN:88,(anonymous_8)
FN:96,(anonymous_9)
FN:101,(anonymous_10)
FNF:10
FNH:0
FNDA:0,(anonymous_1)
FNDA:0,(anonymous_2)
FNDA:0,(anonymous_3)
FNDA:0,(anonymous_4)
FNDA:0,(anonymous_5)
FNDA:0,(anonymous_6)
FNDA:0,(anonymous_7)
FNDA:0,(anonymous_8)
FNDA:0,(anonymous_9)
FNDA:0,(anonymous_10)
DA:2,1
DA:3,1
DA:5,1
DA:29,1
DA:31,0
DA:35,0
DA:36,0
DA:37,0
DA:39,0
DA:40,0
DA:42,0
DA:52,0
DA:56,0
DA:57,0
DA:58,0
DA:60,0
DA:61,0
DA:63,0
DA:65,0
DA:66,0
DA:73,0
DA:77,0
DA:81,0
DA:85,0
DA:89,0
DA:97,0
DA:98,0
DA:102,0
LF:28
LH:4
BRDA:35,0,0,0
BRDA:35,0,1,0
BRDA:39,1,0,0
BRDA:39,1,1,0
BRDA:52,2,0,0
BRDA:52,2,1,0
BRDA:57,3,0,0
BRDA:57,3,1,0
BRDA:57,4,0,0
BRDA:57,4,1,0
BRF:10
BRH:0
end_of_record
TN:
SF:src\repositories\category.repository.ts
FN:32,(anonymous_1)
FN:36,(anonymous_2)
FN:51,(anonymous_3)
FN:69,(anonymous_4)
FN:81,(anonymous_5)
FN:89,(anonymous_6)
FN:93,(anonymous_7)
FN:97,(anonymous_8)
FN:101,(anonymous_9)
FN:109,(anonymous_10)
FN:117,(anonymous_11)
FN:122,(anonymous_12)
FNF:12
FNH:0
FNDA:0,(anonymous_1)
FNDA:0,(anonymous_2)
FNDA:0,(anonymous_3)
FNDA:0,(anonymous_4)
FNDA:0,(anonymous_5)
FNDA:0,(anonymous_6)
FNDA:0,(anonymous_7)
FNDA:0,(anonymous_8)
FNDA:0,(anonymous_9)
FNDA:0,(anonymous_10)
FNDA:0,(anonymous_11)
FNDA:0,(anonymous_12)
DA:2,1
DA:3,1
DA:5,1
DA:31,1
DA:33,0
DA:37,0
DA:38,0
DA:39,0
DA:44,0
DA:45,0
DA:47,0
DA:57,0
DA:61,0
DA:62,0
DA:63,0
DA:65,0
DA:66,0
DA:68,0
DA:70,0
DA:71,0
DA:78,0
DA:82,0
DA:83,0
DA:84,0
DA:86,0
DA:90,0
DA:94,0
DA:98,0
DA:102,0
DA:110,0
DA:118,0
DA:119,0
DA:123,0
LF:33
LH:4
BRDA:37,0,0,0
BRDA:37,0,1,0
BRDA:44,1,0,0
BRDA:44,1,1,0
BRDA:57,2,0,0
BRDA:57,2,1,0
BRDA:62,3,0,0
BRDA:62,3,1,0
BRDA:62,4,0,0
BRDA:62,4,1,0
BRDA:83,5,0,0
BRDA:83,5,1,0
BRF:12
BRH:0
end_of_record
TN:
SF:src\repositories\product.repository.ts
FN:79,(anonymous_1)
FN:84,(anonymous_2)
FN:97,(anonymous_3)
FN:133,(anonymous_4)
FN:167,(anonymous_5)
FN:171,(anonymous_6)
FN:175,(anonymous_7)
FN:179,(anonymous_8)
FN:189,(anonymous_9)
FN:199,(anonymous_10)
FN:202,(anonymous_11)
FN:205,(anonymous_12)
FN:218,(anonymous_13)
FN:222,(anonymous_14)
FN:234,(anonymous_15)
FN:256,(anonymous_16)
FN:264,(anonymous_17)
FN:272,(anonymous_18)
FN:277,(anonymous_19)
FN:283,(anonymous_20)
FN:288,(anonymous_21)
FN:312,(anonymous_22)
FN:317,(anonymous_23)
FN:346,(anonymous_24)
FN:357,(anonymous_25)
FNF:25
FNH:0
FNDA:0,(anonymous_1)
FNDA:0,(anonymous_2)
FNDA:0,(anonymous_3)
FNDA:0,(anonymous_4)
FNDA:0,(anonymous_5)
FNDA:0,(anonymous_6)
FNDA:0,(anonymous_7)
FNDA:0,(anonymous_8)
FNDA:0,(anonymous_9)
FNDA:0,(anonymous_10)
FNDA:0,(anonymous_11)
FNDA:0,(anonymous_12)
FNDA:0,(anonymous_13)
FNDA:0,(anonymous_14)
FNDA:0,(anonymous_15)
FNDA:0,(anonymous_16)
FNDA:0,(anonymous_17)
FNDA:0,(anonymous_18)
FNDA:0,(anonymous_19)
FNDA:0,(anonymous_20)
FNDA:0,(anonymous_21)
FNDA:0,(anonymous_22)
FNDA:0,(anonymous_23)
FNDA:0,(anonymous_24)
FNDA:0,(anonymous_25)
DA:2,1
DA:3,1
DA:4,1
DA:72,1
DA:78,1
DA:80,0
DA:81,0
DA:85,0
DA:86,0
DA:87,0
DA:88,0
DA:90,0
DA:91,0
DA:93,0
DA:107,0
DA:109,0
DA:110,0
DA:115,0
DA:116,0
DA:117,0
DA:118,0
DA:121,0
DA:122,0
DA:128,0
DA:130,0
DA:142,0
DA:144,0
DA:145,0
DA:150,0
DA:151,0
DA:152,0
DA:155,0
DA:156,0
DA:162,0
DA:164,0
DA:168,0
DA:172,0
DA:176,0
DA:180,0
DA:184,0
DA:188,0
DA:189,0
DA:190,0
DA:193,0
DA:196,0
DA:200,0
DA:201,0
DA:202,0
DA:206,0
DA:207,0
DA:219,0
DA:223,0
DA:225,0
DA:227,0
DA:234,0
DA:235,0
DA:236,0
DA:240,0
DA:241,0
DA:242,0
DA:246,0
DA:247,0
DA:250,0
DA:257,0
DA:265,0
DA:273,0
DA:274,0
DA:278,0
DA:279,0
DA:280,0
DA:284,0
DA:285,0
DA:292,0
DA:313,0
DA:314,0
DA:325,0
DA:350,0
DA:361,0
LF:78
LH:5
BRDA:85,0,0,0
BRDA:85,0,1,0
BRDA:90,1,0,0
BRDA:90,1,1,0
BRDA:109,2,0,0
BRDA:109,2,1,0
BRDA:115,3,0,0
BRDA:115,3,1,0
BRDA:116,4,0,0
BRDA:116,4,1,0
BRDA:117,5,0,0
BRDA:117,5,1,0
BRDA:117,6,0,0
BRDA:117,6,1,0
BRDA:144,7,0,0
BRDA:144,7,1,0
BRDA:150,8,0,0
BRDA:150,8,1,0
BRDA:151,9,0,0
BRDA:151,9,1,0
BRDA:151,10,0,0
BRDA:151,10,1,0
BRDA:184,11,0,0
BRDA:184,11,1,0
BRDA:188,12,0,0
BRDA:188,12,1,0
BRDA:200,13,0,0
BRDA:200,13,1,0
BRDA:206,14,0,0
BRDA:206,14,1,0
BRDA:227,15,0,0
BRDA:227,15,1,0
BRDA:240,16,0,0
BRDA:240,16,1,0
BRDA:240,17,0,0
BRDA:240,17,1,0
BRDA:241,18,0,0
BRDA:241,18,1,0
BRDA:241,19,0,0
BRDA:241,19,1,0
BRDA:246,20,0,0
BRDA:246,20,1,0
BRDA:278,21,0,0
BRDA:278,21,1,0
BRDA:280,22,0,0
BRDA:280,22,1,0
BRDA:284,23,0,0
BRDA:284,23,1,0
BRF:48
BRH:0
end_of_record
TN:
SF:src\repositories\review.repository.ts
FN:42,(anonymous_1)
FN:47,(anonymous_2)
FN:51,(anonymous_3)
FN:57,(anonymous_4)
FN:61,(anonymous_5)
FN:84,(anonymous_6)
FN:89,(anonymous_7)
FN:145,(anonymous_8)
FN:153,(anonymous_9)
FNF:9
FNH:0
FNDA:0,(anonymous_1)
FNDA:0,(anonymous_2)
FNDA:0,(anonymous_3)
FNDA:0,(anonymous_4)
FNDA:0,(anonymous_5)
FNDA:0,(anonymous_6)
FNDA:0,(anonymous_7)
FNDA:0,(anonymous_8)
FNDA:0,(anonymous_9)
DA:1,1
DA:2,1
DA:3,1
DA:38,1
DA:39,1
DA:41,1
DA:43,0
DA:44,0
DA:48,0
DA:52,0
DA:58,0
DA:61,0
DA:74,0
DA:75,0
DA:76,0
DA:81,0
DA:85,0
DA:86,0
DA:90,0
DA:91,0
DA:93,0
DA:101,0
DA:102,0
DA:112,0
DA:134,0
DA:136,0
DA:141,0
DA:142,0
DA:146,0
DA:154,0
DA:155,0
LF:31
LH:6
BRDA:91,0,0,0
BRDA:91,0,1,0
BRDA:101,1,0,0
BRDA:101,1,1,0
BRDA:141,2,0,0
BRDA:141,2,1,0
BRF:6
BRH:0
end_of_record
TN:
SF:src\repositories\shipping-method.repository.ts
FN:16,(anonymous_1)
FN:20,(anonymous_2)
FN:24,(anonymous_3)
FN:28,(anonymous_4)
FN:32,(anonymous_5)
FN:36,(anonymous_6)
FN:44,(anonymous_7)
FNF:7
FNH:0
FNDA:0,(anonymous_1)
FNDA:0,(anonymous_2)
FNDA:0,(anonymous_3)
FNDA:0,(anonymous_4)
FNDA:0,(anonymous_5)
FNDA:0,(anonymous_6)
FNDA:0,(anonymous_7)
DA:1,1
DA:3,1
DA:15,1
DA:17,0
DA:21,0
DA:25,0
DA:29,0
DA:33,0
DA:37,0
DA:45,0
DA:46,0
LF:11
LH:3
BRF:0
BRH:0
end_of_record
TN:
SF:src\services\ai.service.ts
FN:60,(anonymous_0)
FN:67,(anonymous_1)
FN:74,(anonymous_2)
FN:81,(anonymous_3)
FN:86,(anonymous_4)
FN:88,(anonymous_5)
FN:102,(anonymous_6)
FN:104,(anonymous_7)
FN:126,(anonymous_8)
FN:128,(anonymous_9)
FN:131,(anonymous_10)
FN:141,(anonymous_11)
FN:150,(anonymous_12)
FN:150,(anonymous_13)
FN:151,(anonymous_14)
FN:153,(anonymous_15)
FN:153,(anonymous_16)
FN:154,(anonymous_17)
FN:175,(anonymous_18)
FN:198,(anonymous_19)
FN:210,(anonymous_20)
FNF:21
FNH:3
FNDA:0,(anonymous_0)
FNDA:2,(anonymous_1)
FNDA:2,(anonymous_2)
FNDA:18,(anonymous_3)
FNDA:0,(anonymous_4)
FNDA:0,(anonymous_5)
FNDA:0,(anonymous_6)
FNDA:0,(anonymous_7)
FNDA:0,(anonymous_8)
FNDA:0,(anonymous_9)
FNDA:0,(anonymous_10)
FNDA:0,(anonymous_11)
FNDA:0,(anonymous_12)
FNDA:0,(anonymous_13)
FNDA:0,(anonymous_14)
FNDA:0,(anonymous_15)
FNDA:0,(anonymous_16)
FNDA:0,(anonymous_17)
FNDA:0,(anonymous_18)
FNDA:0,(anonymous_19)
FNDA:0,(anonymous_20)
DA:1,1
DA:2,1
DA:3,1
DA:4,1
DA:5,1
DA:6,1
DA:8,1
DA:9,1
DA:11,1
DA:12,1
DA:13,1
DA:14,1
DA:15,1
DA:17,1
DA:19,1
DA:39,1
DA:45,1
DA:51,1
DA:59,1
DA:61,0
DA:62,0
DA:64,0
DA:68,2
DA:69,2
DA:70,1
DA:71,1
DA:75,2
DA:81,18
DA:87,0
DA:88,0
DA:91,0
DA:103,0
DA:104,0
DA:107,0
DA:111,0
DA:127,0
DA:128,0
DA:129,0
DA:131,0
DA:132,0
DA:133,0
DA:142,0
DA:143,0
DA:145,0
DA:149,0
DA:150,0
DA:151,0
DA:152,0
DA:153,0
DA:154,0
DA:156,0
DA:164,0
DA:165,0
DA:168,0
DA:170,0
DA:175,0
DA:179,0
DA:180,0
DA:189,0
DA:192,0
DA:194,0
DA:195,0
DA:199,0
DA:201,0
DA:202,0
DA:205,0
DA:207,0
DA:210,0
DA:214,0
DA:215,0
DA:224,0
DA:227,0
DA:228,0
DA:229,0
DA:232,0
LF:75
LH:25
BRDA:61,0,0,0
BRDA:61,0,1,0
BRDA:69,1,0,1
BRDA:69,1,1,1
BRDA:71,2,0,1
BRDA:71,2,1,0
BRDA:71,3,0,1
BRDA:71,3,1,1
BRDA:81,4,0,18
BRDA:81,4,1,12
BRDA:81,4,2,5
BRDA:87,5,0,0
BRDA:87,5,1,0
BRDA:103,6,0,0
BRDA:103,6,1,0
BRDA:107,7,0,0
BRDA:107,7,1,0
BRDA:107,8,0,0
BRDA:107,8,1,0
BRDA:108,9,0,0
BRDA:108,9,1,0
BRDA:113,10,0,0
BRDA:113,10,1,0
BRDA:114,11,0,0
BRDA:114,11,1,0
BRDA:115,12,0,0
BRDA:115,12,1,0
BRDA:117,13,0,0
BRDA:117,13,1,0
BRDA:119,14,0,0
BRDA:119,14,1,0
BRDA:120,15,0,0
BRDA:120,15,1,0
BRDA:121,16,0,0
BRDA:121,16,1,0
BRDA:122,17,0,0
BRDA:122,17,1,0
BRDA:127,18,0,0
BRDA:127,18,1,0
BRDA:135,19,0,0
BRDA:135,19,1,0
BRDA:136,20,0,0
BRDA:136,20,1,0
BRDA:145,21,0,0
BRDA:145,21,1,0
BRDA:164,22,0,0
BRDA:164,22,1,0
BRDA:192,23,0,0
BRDA:192,23,1,0
BRDA:201,24,0,0
BRDA:201,24,1,0
BRDA:228,25,0,0
BRDA:228,25,1,0
BRF:53
BRH:8
end_of_record
TN:
SF:src\services\brand.service.ts
FN:10,(anonymous_0)
FN:25,(anonymous_1)
FN:62,(anonymous_2)
FN:67,(anonymous_3)
FN:75,(anonymous_4)
FN:98,(anonymous_5)
FNF:6
FNH:3
FNDA:3,(anonymous_0)
FNDA:0,(anonymous_1)
FNDA:0,(anonymous_2)
FNDA:0,(anonymous_3)
FNDA:3,(anonymous_4)
FNDA:3,(anonymous_5)
DA:1,1
DA:4,1
DA:5,1
DA:7,1
DA:9,1
DA:11,3
DA:12,3
DA:13,1
DA:16,2
DA:17,2
DA:18,2
DA:19,1
DA:22,2
DA:30,0
DA:31,0
DA:32,0
DA:33,0
DA:35,0
DA:36,0
DA:37,0
DA:38,0
DA:39,0
DA:42,0
DA:43,0
DA:44,0
DA:45,0
DA:48,0
DA:49,0
DA:50,0
DA:53,0
DA:54,0
DA:55,0
DA:58,0
DA:59,0
DA:63,0
DA:64,0
DA:68,0
DA:69,0
DA:70,0
DA:72,0
DA:76,3
DA:77,3
DA:78,1
DA:81,2
DA:83,2
DA:84,1
DA:85,1
DA:86,1
DA:88,0
DA:91,1
DA:92,1
DA:93,0
DA:95,1
DA:99,3
DA:100,3
DA:101,1
DA:104,2
DA:105,2
DA:106,1
DA:109,1
DA:110,1
DA:111,0
LF:62
LH:32
BRDA:12,0,0,1
BRDA:12,0,1,2
BRDA:18,1,0,1
BRDA:18,1,1,1
BRDA:37,2,0,0
BRDA:37,2,1,0
BRDA:43,3,0,0
BRDA:43,3,1,0
BRDA:49,4,0,0
BRDA:49,4,1,0
BRDA:49,5,0,0
BRDA:49,5,1,0
BRDA:69,6,0,0
BRDA:69,6,1,0
BRDA:77,7,0,1
BRDA:77,7,1,2
BRDA:83,8,0,1
BRDA:83,8,1,1
BRDA:83,9,0,2
BRDA:83,9,1,2
BRDA:85,10,0,1
BRDA:85,10,1,0
BRDA:92,11,0,0
BRDA:92,11,1,1
BRDA:100,12,0,1
BRDA:100,12,1,2
BRDA:105,13,0,1
BRDA:105,13,1,1
BRDA:110,14,0,0
BRDA:110,14,1,1
BRF:30
BRH:17
end_of_record
TN:
SF:src\services\cart.service.ts
FN:10,(anonymous_0)
FN:16,(anonymous_1)
FN:35,(anonymous_2)
FN:51,(anonymous_3)
FN:59,(anonymous_4)
FNF:5
FNH:4
FNDA:2,(anonymous_0)
FNDA:4,(anonymous_1)
FNDA:0,(anonymous_2)
FNDA:1,(anonymous_3)
FNDA:1,(anonymous_4)
DA:1,1
DA:2,1
DA:4,1
DA:6,1
DA:7,1
DA:9,1
DA:11,2
DA:12,2
DA:13,1
DA:17,4
DA:18,4
DA:19,1
DA:21,3
DA:22,1
DA:24,2
DA:25,1
DA:28,1
DA:29,1
DA:30,0
DA:32,1
DA:36,0
DA:37,0
DA:38,0
DA:40,0
DA:41,0
DA:44,0
DA:45,0
DA:46,0
DA:48,0
DA:52,1
DA:53,1
DA:54,1
DA:56,0
DA:60,1
DA:61,1
DA:62,0
DA:64,1
LF:37
LH:25
BRDA:12,0,0,1
BRDA:12,0,1,1
BRDA:18,1,0,1
BRDA:18,1,1,3
BRDA:21,2,0,1
BRDA:21,2,1,2
BRDA:24,3,0,1
BRDA:24,3,1,1
BRDA:29,4,0,0
BRDA:29,4,1,1
BRDA:37,5,0,0
BRDA:37,5,1,0
BRDA:40,6,0,0
BRDA:40,6,1,0
BRDA:45,7,0,0
BRDA:45,7,1,0
BRDA:53,8,0,1
BRDA:53,8,1,0
BRDA:61,9,0,0
BRDA:61,9,1,1
BRF:20
BRH:11
end_of_record
TN:
SF:src\services\category.service.ts
FN:13,(anonymous_0)
FN:28,(anonymous_1)
FN:79,(anonymous_2)
FN:123,(anonymous_3)
FN:132,(anonymous_4)
FN:136,(anonymous_5)
FN:144,(anonymous_6)
FN:167,(anonymous_7)
FN:175,(anonymous_8)
FN:181,(anonymous_9)
FN:182,(anonymous_10)
FN:200,(anonymous_11)
FNF:12
FNH:5
FNDA:2,(anonymous_0)
FNDA:0,(anonymous_1)
FNDA:0,(anonymous_2)
FNDA:0,(anonymous_3)
FNDA:0,(anonymous_4)
FNDA:0,(anonymous_5)
FNDA:0,(anonymous_6)
FNDA:0,(anonymous_7)
FNDA:4,(anonymous_8)
FNDA:4,(anonymous_9)
FNDA:4,(anonymous_10)
FNDA:3,(anonymous_11)
DA:1,1
DA:2,1
DA:6,1
DA:7,1
DA:9,1
DA:10,1
DA:12,1
DA:14,2
DA:15,2
DA:16,1
DA:19,1
DA:20,1
DA:21,1
DA:22,0
DA:25,1
DA:38,0
DA:39,0
DA:40,0
DA:41,0
DA:45,0
DA:47,0
DA:48,0
DA:49,0
DA:50,0
DA:51,0
DA:54,0
DA:55,0
DA:56,0
DA:57,0
DA:60,0
DA:61,0
DA:62,0
DA:65,0
DA:66,0
DA:67,0
DA:68,0
DA:69,0
DA:73,0
DA:74,0
DA:76,0
DA:87,0
DA:88,0
DA:89,0
DA:91,0
DA:92,0
DA:93,0
DA:95,0
DA:96,0
DA:97,0
DA:98,0
DA:99,0
DA:100,0
DA:102,0
DA:104,0
DA:105,0
DA:106,0
DA:108,0
DA:110,0
DA:119,0
DA:120,0
DA:129,0
DA:133,0
DA:137,0
DA:138,0
DA:139,0
DA:141,0
DA:145,0
DA:146,0
DA:147,0
DA:150,0
DA:152,0
DA:153,0
DA:154,0
DA:155,0
DA:157,0
DA:160,0
DA:161,0
DA:162,0
DA:164,0
DA:168,0
DA:169,0
DA:170,0
DA:172,0
DA:176,4
DA:177,4
DA:178,1
DA:181,4
DA:182,4
DA:183,3
DA:184,1
DA:187,2
DA:188,2
DA:189,1
DA:193,1
DA:194,1
DA:195,0
DA:197,1
DA:201,3
DA:202,3
DA:203,0
DA:206,3
DA:207,3
DA:208,1
DA:211,2
DA:212,2
DA:213,1
DA:216,1
DA:217,1
DA:218,0
LF:109
LH:37
BRDA:15,0,0,1
BRDA:15,0,1,1
BRDA:21,1,0,0
BRDA:21,1,1,1
BRDA:49,2,0,0
BRDA:49,2,1,0
BRDA:55,3,0,0
BRDA:55,3,1,0
BRDA:61,4,0,0
BRDA:61,4,1,0
BRDA:61,5,0,0
BRDA:61,5,1,0
BRDA:68,6,0,0
BRDA:68,6,1,0
BRDA:68,7,0,0
BRDA:68,7,1,0
BRDA:93,8,0,0
BRDA:93,8,1,0
BRDA:98,9,0,0
BRDA:98,9,1,0
BRDA:105,10,0,0
BRDA:105,10,1,0
BRDA:105,11,0,0
BRDA:105,11,1,0
BRDA:138,12,0,0
BRDA:138,12,1,0
BRDA:146,13,0,0
BRDA:146,13,1,0
BRDA:152,14,0,0
BRDA:152,14,1,0
BRDA:152,15,0,0
BRDA:152,15,1,0
BRDA:154,16,0,0
BRDA:154,16,1,0
BRDA:161,17,0,0
BRDA:161,17,1,0
BRDA:169,18,0,0
BRDA:169,18,1,0
BRDA:172,19,0,0
BRDA:172,19,1,0
BRDA:177,20,0,1
BRDA:177,20,1,3
BRDA:183,21,0,1
BRDA:183,21,1,2
BRDA:188,22,0,1
BRDA:188,22,1,1
BRDA:188,23,0,2
BRDA:188,23,1,2
BRDA:194,24,0,0
BRDA:194,24,1,1
BRDA:202,25,0,0
BRDA:202,25,1,3
BRDA:207,26,0,1
BRDA:207,26,1,2
BRDA:212,27,0,1
BRDA:212,27,1,1
BRDA:217,28,0,0
BRDA:217,28,1,1
BRF:58
BRH:18
end_of_record
TN:
SF:src\services\dashboard.service.ts
FN:9,(anonymous_0)
FN:14,(anonymous_1)
FN:19,(anonymous_2)
FN:25,(anonymous_3)
FNF:4
FNH:4
FNDA:2,(anonymous_0)
FNDA:2,(anonymous_1)
FNDA:2,(anonymous_2)
FNDA:2,(anonymous_3)
DA:1,1
DA:3,1
DA:4,1
DA:5,1
DA:7,1
DA:9,1
DA:10,2
DA:11,2
DA:14,1
DA:15,2
DA:16,2
DA:19,1
DA:20,2
DA:21,2
DA:24,1
DA:26,2
DA:27,2
DA:28,2
DA:30,2
DA:37,2
LF:20
LH:20
BRF:0
BRH:0
end_of_record
TN:
SF:src\services\inventory.service.ts
FN:14,(anonymous_0)
FN:18,(anonymous_1)
FN:22,(anonymous_2)
FN:41,(anonymous_3)
FN:70,(anonymous_4)
FNF:5
FNH:2
FNDA:0,(anonymous_0)
FNDA:0,(anonymous_1)
FNDA:2,(anonymous_2)
FNDA:4,(anonymous_3)
FNDA:0,(anonymous_4)
DA:1,1
DA:2,1
DA:3,1
DA:4,1
DA:6,1
DA:8,1
DA:9,1
DA:10,1
DA:11,1
DA:13,1
DA:15,0
DA:19,0
DA:23,2
DA:24,2
DA:25,1
DA:28,1
DA:29,1
DA:38,1
DA:42,4
DA:43,4
DA:44,1
DA:47,3
DA:48,3
DA:49,1
DA:52,2
DA:53,2
DA:63,2
DA:64,1
DA:67,2
DA:71,0
LF:30
LH:27
BRDA:24,0,0,1
BRDA:24,0,1,1
BRDA:43,1,0,1
BRDA:43,1,1,3
BRDA:48,2,0,1
BRDA:48,2,1,2
BRDA:63,3,0,1
BRDA:63,3,1,1
BRF:8
BRH:8
end_of_record
TN:
SF:src\services\notification.service.ts
FN:10,(anonymous_0)
FN:21,(anonymous_1)
FN:33,(anonymous_2)
FN:47,(anonymous_3)
FN:53,(anonymous_4)
FN:59,(anonymous_5)
FN:65,(anonymous_6)
FN:86,(anonymous_7)
FNF:8
FNH:3
FNDA:0,(anonymous_0)
FNDA:0,(anonymous_1)
FNDA:1,(anonymous_2)
FNDA:2,(anonymous_3)
FNDA:0,(anonymous_4)
FNDA:0,(anonymous_5)
FNDA:2,(anonymous_6)
FNDA:0,(anonymous_7)
DA:1,1
DA:5,1
DA:7,1
DA:9,1
DA:11,0
DA:22,0
DA:34,1
DA:48,2
DA:49,1
DA:54,0
DA:60,0
DA:66,2
DA:67,2
DA:68,0
DA:71,2
DA:75,2
DA:76,1
DA:79,1
DA:80,1
DA:81,0
DA:83,1
DA:87,0
DA:88,0
DA:90,0
LF:24
LH:15
BRDA:37,0,0,0
BRDA:37,0,1,1
BRDA:38,1,0,0
BRDA:38,1,1,1
BRDA:48,2,0,1
BRDA:48,2,1,1
BRDA:48,3,0,2
BRDA:48,3,1,2
BRDA:54,4,0,0
BRDA:54,4,1,0
BRDA:60,5,0,0
BRDA:60,5,1,0
BRDA:67,6,0,0
BRDA:67,6,1,2
BRDA:71,7,0,0
BRDA:71,7,1,2
BRDA:73,8,0,2
BRDA:73,8,1,2
BRDA:75,9,0,1
BRDA:75,9,1,1
BRDA:80,10,0,0
BRDA:80,10,1,1
BRDA:87,11,0,0
BRDA:87,11,1,0
BRF:24
BRH:13
end_of_record
TN:
SF:src\services\order.service.ts
FN:30,(anonymous_1)
FN:74,(anonymous_2)
FN:85,(anonymous_3)
FN:147,(anonymous_4)
FN:216,(anonymous_5)
FN:220,(anonymous_6)
FN:232,(anonymous_7)
FN:240,(anonymous_8)
FN:275,(anonymous_9)
FN:295,(anonymous_10)
FN:325,(anonymous_11)
FNF:11
FNH:6
FNDA:3,(anonymous_1)
FNDA:3,(anonymous_2)
FNDA:3,(anonymous_3)
FNDA:3,(anonymous_4)
FNDA:0,(anonymous_5)
FNDA:0,(anonymous_6)
FNDA:0,(anonymous_7)
FNDA:3,(anonymous_8)
FNDA:0,(anonymous_9)
FNDA:0,(anonymous_10)
FNDA:1,(anonymous_11)
DA:1,1
DA:3,1
DA:4,1
DA:5,1
DA:6,1
DA:7,1
DA:8,1
DA:9,1
DA:10,1
DA:11,1
DA:15,1
DA:18,1
DA:19,1
DA:20,1
DA:21,1
DA:22,1
DA:23,1
DA:24,1
DA:25,1
DA:30,3
DA:44,1
DA:52,1
DA:74,1
DA:76,3
DA:77,3
DA:78,3
DA:79,3
DA:81,3
DA:84,1
DA:86,3
DA:87,3
DA:88,0
DA:94,3
DA:97,3
DA:98,0
DA:101,3
DA:102,3
DA:103,0
DA:106,3
DA:107,3
DA:108,3
DA:110,3
DA:111,4
DA:112,4
DA:113,0
DA:115,4
DA:116,0
DA:118,4
DA:119,0
DA:122,4
DA:130,4
DA:133,3
DA:134,0
DA:140,3
DA:141,3
DA:147,3
DA:154,3
DA:155,3
DA:156,3
DA:157,3
DA:158,4
DA:159,4
DA:160,0
DA:162,4
DA:163,4
DA:164,4
DA:165,4
DA:168,0
DA:169,0
DA:171,0
DA:174,3
DA:175,3
DA:176,3
DA:178,3
DA:197,3
DA:199,3
DA:200,4
DA:211,3
DA:213,3
DA:217,0
DA:221,0
DA:222,0
DA:223,0
DA:225,0
DA:226,0
DA:227,0
DA:229,0
DA:233,0
DA:241,3
DA:242,0
DA:244,3
DA:245,0
DA:247,3
DA:248,0
DA:251,3
DA:252,3
DA:253,0
DA:255,3
DA:256,1
DA:259,2
DA:260,2
DA:261,1
DA:264,1
DA:265,1
DA:266,0
DA:269,1
DA:270,1
DA:272,1
DA:276,0
DA:277,0
DA:278,0
DA:280,0
DA:281,0
DA:284,0
DA:285,0
DA:286,0
DA:289,0
DA:290,0
DA:292,0
DA:296,0
DA:297,0
DA:298,0
DA:300,0
DA:301,0
DA:304,0
DA:305,0
DA:306,0
DA:311,0
DA:312,0
DA:315,0
DA:316,0
DA:318,0
DA:326,1
DA:327,1
DA:328,0
DA:330,1
DA:331,0
DA:334,1
DA:335,1
DA:336,1
DA:337,1
DA:349,1
DA:350,1
DA:351,0
DA:354,1
DA:355,1
DA:357,1
LF:147
LH:95
BRDA:87,0,0,0
BRDA:87,0,1,3
BRDA:87,1,0,3
BRDA:87,1,1,3
BRDA:94,2,0,0
BRDA:94,2,1,3
BRDA:97,3,0,0
BRDA:97,3,1,3
BRDA:97,4,0,3
BRDA:97,4,1,0
BRDA:97,4,2,0
BRDA:102,5,0,0
BRDA:102,5,1,3
BRDA:102,6,0,3
BRDA:102,6,1,3
BRDA:112,7,0,0
BRDA:112,7,1,4
BRDA:115,8,0,0
BRDA:115,8,1,4
BRDA:118,9,0,0
BRDA:118,9,1,4
BRDA:133,10,0,0
BRDA:133,10,1,3
BRDA:133,11,0,3
BRDA:133,11,1,0
BRDA:140,12,0,0
BRDA:140,12,1,3
BRDA:141,13,0,3
BRDA:141,13,1,0
BRDA:159,14,0,0
BRDA:159,14,1,4
BRDA:174,15,0,3
BRDA:174,15,1,3
BRDA:183,16,0,0
BRDA:183,16,1,3
BRDA:190,17,0,3
BRDA:190,17,1,0
BRDA:193,18,0,3
BRDA:193,18,1,0
BRDA:222,19,0,0
BRDA:222,19,1,0
BRDA:226,20,0,0
BRDA:226,20,1,0
BRDA:226,21,0,0
BRDA:226,21,1,0
BRDA:241,22,0,0
BRDA:241,22,1,3
BRDA:244,23,0,0
BRDA:244,23,1,3
BRDA:247,24,0,0
BRDA:247,24,1,3
BRDA:252,25,0,0
BRDA:252,25,1,3
BRDA:255,26,0,1
BRDA:255,26,1,2
BRDA:260,27,0,1
BRDA:260,27,1,1
BRDA:265,28,0,0
BRDA:265,28,1,1
BRDA:277,29,0,0
BRDA:277,29,1,0
BRDA:280,30,0,0
BRDA:280,30,1,0
BRDA:285,31,0,0
BRDA:285,31,1,0
BRDA:297,32,0,0
BRDA:297,32,1,0
BRDA:300,33,0,0
BRDA:300,33,1,0
BRDA:305,34,0,0
BRDA:305,34,1,0
BRDA:327,35,0,0
BRDA:327,35,1,1
BRDA:330,36,0,0
BRDA:330,36,1,1
BRDA:336,37,0,1
BRDA:336,37,1,0
BRDA:350,38,0,0
BRDA:350,38,1,1
BRF:79
BRH:35
end_of_record
TN:
SF:src\services\product-search.service.ts
FN:31,(anonymous_1)
FN:34,(anonymous_2)
FN:38,(anonymous_3)
FN:47,(anonymous_4)
FN:51,(anonymous_5)
FN:62,(anonymous_6)
FN:67,(anonymous_7)
FN:72,(anonymous_8)
FN:76,(anonymous_9)
FN:79,(anonymous_10)
FN:90,(anonymous_11)
FNF:11
FNH:7
FNDA:6,(anonymous_1)
FNDA:2,(anonymous_2)
FNDA:0,(anonymous_3)
FNDA:0,(anonymous_4)
FNDA:1,(anonymous_5)
FNDA:1,(anonymous_6)
FNDA:1,(anonymous_7)
FNDA:0,(anonymous_8)
FNDA:0,(anonymous_9)
FNDA:2,(anonymous_10)
FNDA:2,(anonymous_11)
DA:1,6
DA:2,6
DA:3,6
DA:5,6
DA:9,6
DA:31,6
DA:32,6
DA:35,2
DA:39,0
DA:40,0
DA:47,0
DA:52,1
DA:53,0
DA:54,0
DA:63,1
DA:64,0
DA:68,1
DA:69,0
DA:73,0
DA:74,0
DA:75,0
DA:76,0
DA:80,2
DA:81,1
DA:86,1
DA:91,2
DA:93,1
DA:94,1
DA:95,1
DA:96,1
DA:97,1
DA:99,1
DA:100,1
DA:102,1
DA:109,1
LF:35
LH:24
BRDA:32,0,0,3
BRDA:32,0,1,3
BRDA:32,1,0,3
BRDA:32,1,1,0
BRDA:44,2,0,0
BRDA:44,2,1,0
BRDA:45,3,0,0
BRDA:45,3,1,0
BRDA:46,4,0,0
BRDA:46,4,1,0
BRDA:47,5,0,0
BRDA:47,5,1,0
BRDA:52,6,0,1
BRDA:52,6,1,0
BRDA:63,7,0,1
BRDA:63,7,1,0
BRDA:68,8,0,1
BRDA:68,8,1,0
BRDA:73,9,0,0
BRDA:73,9,1,0
BRDA:80,10,0,1
BRDA:80,10,1,1
BRDA:91,11,0,1
BRDA:91,11,1,1
BRDA:94,12,0,0
BRDA:94,12,1,1
BRDA:95,13,0,0
BRDA:95,13,1,1
BRDA:96,14,0,0
BRDA:96,14,1,1
BRDA:97,15,0,0
BRDA:97,15,1,1
BRDA:99,16,0,1
BRDA:99,16,1,1
BRDA:100,17,0,1
BRDA:100,17,1,0
BRDA:100,18,0,0
BRDA:100,18,1,1
BRDA:103,19,0,0
BRDA:103,19,1,1
BRDA:111,20,0,1
BRDA:111,20,1,0
BRDA:112,21,0,1
BRDA:112,21,1,0
BRDA:113,22,0,1
BRDA:113,22,1,0
BRDA:114,23,0,1
BRDA:114,23,1,0
BRF:48
BRH:23
end_of_record
TN:
SF:src\services\product.service.ts
FN:18,(anonymous_0)
FN:40,(anonymous_1)
FN:41,(anonymous_2)
FN:43,(anonymous_3)
FN:65,(anonymous_4)
FN:69,(anonymous_5)
FN:82,(anonymous_6)
FN:150,(anonymous_7)
FN:237,(anonymous_8)
FN:241,(anonymous_9)
FN:264,(anonymous_10)
FN:276,(anonymous_11)
FN:284,(anonymous_12)
FN:292,(anonymous_13)
FN:299,(anonymous_14)
FN:306,(anonymous_15)
FN:313,(anonymous_16)
FN:322,(anonymous_17)
FN:332,(anonymous_18)
FN:348,(anonymous_19)
FN:379,(anonymous_20)
FN:393,(anonymous_21)
FN:410,(anonymous_22)
FN:411,(anonymous_23)
FN:412,(anonymous_24)
FN:418,(anonymous_25)
FN:422,(anonymous_26)
FN:432,(anonymous_27)
FN:436,(anonymous_28)
FNF:29
FNH:13
FNDA:2,(anonymous_0)
FNDA:3,(anonymous_1)
FNDA:0,(anonymous_2)
FNDA:5,(anonymous_3)
FNDA:5,(anonymous_4)
FNDA:1,(anonymous_5)
FNDA:8,(anonymous_6)
FNDA:0,(anonymous_7)
FNDA:0,(anonymous_8)
FNDA:0,(anonymous_9)
FNDA:0,(anonymous_10)
FNDA:0,(anonymous_11)
FNDA:3,(anonymous_12)
FNDA:0,(anonymous_13)
FNDA:0,(anonymous_14)
FNDA:0,(anonymous_15)
FNDA:0,(anonymous_16)
FNDA:0,(anonymous_17)
FNDA:0,(anonymous_18)
FNDA:2,(anonymous_19)
FNDA:0,(anonymous_20)
FNDA:2,(anonymous_21)
FNDA:1,(anonymous_22)
FNDA:1,(anonymous_23)
FNDA:2,(anonymous_24)
FNDA:0,(anonymous_25)
FNDA:1,(anonymous_26)
FNDA:0,(anonymous_27)
FNDA:0,(anonymous_28)
DA:1,1
DA:2,1
DA:3,1
DA:4,1
DA:5,1
DA:6,1
DA:9,1
DA:10,1
DA:11,1
DA:13,1
DA:15,1
DA:16,1
DA:18,1
DA:19,2
DA:21,1
DA:22,1
DA:23,1
DA:24,1
DA:25,1
DA:26,1
DA:27,1
DA:29,1
DA:30,1
DA:31,1
DA:32,1
DA:39,1
DA:41,3
DA:47,5
DA:48,2
DA:50,2
DA:51,1
DA:53,1
DA:54,1
DA:59,0
DA:60,0
DA:66,5
DA:70,1
DA:71,1
DA:72,0
DA:76,1
DA:77,1
DA:78,1
DA:83,8
DA:84,8
DA:85,1
DA:87,7
DA:88,7
DA:89,1
DA:91,6
DA:92,1
DA:95,5
DA:97,3
DA:108,3
DA:109,3
DA:110,1
DA:111,1
DA:112,0
DA:114,1
DA:115,1
DA:118,2
DA:119,2
DA:120,2
DA:121,2
DA:122,2
DA:123,2
DA:125,2
DA:126,2
DA:127,1
DA:128,1
DA:134,1
DA:135,1
DA:136,1
DA:137,0
DA:139,1
DA:140,1
DA:141,0
DA:143,1
DA:144,1
DA:146,0
DA:155,0
DA:156,0
DA:157,0
DA:159,0
DA:160,0
DA:161,0
DA:166,0
DA:169,0
DA:171,0
DA:174,0
DA:176,0
DA:177,0
DA:180,0
DA:181,0
DA:184,0
DA:185,0
DA:188,0
DA:190,0
DA:198,0
DA:199,0
DA:201,0
DA:202,0
DA:203,0
DA:206,0
DA:207,0
DA:208,0
DA:209,0
DA:211,0
DA:212,0
DA:213,0
DA:216,0
DA:217,0
DA:219,0
DA:220,0
DA:232,0
DA:236,0
DA:237,0
DA:238,0
DA:251,0
DA:252,0
DA:253,0
DA:254,0
DA:258,0
DA:261,0
DA:273,0
DA:277,0
DA:278,0
DA:279,0
DA:281,0
DA:285,3
DA:288,3
DA:289,1
DA:292,2
DA:293,2
DA:300,0
DA:301,0
DA:302,0
DA:304,0
DA:305,0
DA:306,0
DA:314,0
DA:315,0
DA:316,0
DA:319,0
DA:320,0
DA:322,0
DA:323,0
DA:324,0
DA:333,0
DA:334,0
DA:335,0
DA:338,0
DA:340,0
DA:341,0
DA:345,0
DA:349,2
DA:350,2
DA:351,1
DA:354,1
DA:355,1
DA:356,1
DA:357,1
DA:360,0
DA:361,0
DA:362,0
DA:363,0
DA:366,0
DA:367,0
DA:368,0
DA:371,0
DA:372,0
DA:373,0
DA:375,0
DA:376,0
DA:380,0
DA:381,0
DA:382,0
DA:385,0
DA:386,0
DA:387,0
DA:389,0
DA:390,0
DA:397,2
DA:398,2
DA:400,2
DA:401,2
DA:402,1
DA:404,1
DA:408,2
DA:409,1
DA:410,1
DA:411,1
DA:412,1
DA:413,2
DA:417,2
DA:418,2
DA:419,2
DA:423,1
DA:424,1
DA:425,1
DA:428,0
DA:429,0
DA:430,0
DA:432,0
DA:436,1
DA:437,0
DA:438,0
DA:439,0
DA:443,0
DA:445,0
DA:446,0
LF:210
LH:103
BRDA:50,0,0,1
BRDA:50,0,1,1
BRDA:50,1,0,2
BRDA:50,1,1,1
BRDA:53,2,0,1
BRDA:53,2,1,0
BRDA:53,3,0,1
BRDA:53,3,1,1
BRDA:53,3,2,1
BRDA:53,3,3,1
BRDA:59,4,0,0
BRDA:59,4,1,0
BRDA:59,5,0,0
BRDA:59,5,1,0
BRDA:59,5,2,0
BRDA:71,6,0,0
BRDA:71,6,1,1
BRDA:77,7,0,1
BRDA:77,7,1,0
BRDA:84,8,0,1
BRDA:84,8,1,7
BRDA:88,9,0,1
BRDA:88,9,1,6
BRDA:91,10,0,1
BRDA:91,10,1,5
BRDA:95,11,0,5
BRDA:95,11,1,0
BRDA:109,12,0,1
BRDA:109,12,1,2
BRDA:111,13,0,0
BRDA:111,13,1,1
BRDA:134,14,0,1
BRDA:134,14,1,0
BRDA:134,15,0,1
BRDA:134,15,1,1
BRDA:136,16,0,0
BRDA:136,16,1,1
BRDA:140,17,0,0
BRDA:140,17,1,1
BRDA:166,18,0,0
BRDA:166,18,1,0
BRDA:169,19,0,0
BRDA:169,19,1,0
BRDA:171,20,0,0
BRDA:171,20,1,0
BRDA:174,21,0,0
BRDA:174,21,1,0
BRDA:180,22,0,0
BRDA:180,22,1,0
BRDA:181,23,0,0
BRDA:181,23,1,0
BRDA:184,24,0,0
BRDA:184,24,1,0
BRDA:188,25,0,0
BRDA:188,25,1,0
BRDA:198,26,0,0
BRDA:198,26,1,0
BRDA:202,27,0,0
BRDA:202,27,1,0
BRDA:212,28,0,0
BRDA:212,28,1,0
BRDA:232,29,0,0
BRDA:232,29,1,0
BRDA:251,30,0,0
BRDA:251,30,1,0
BRDA:251,31,0,0
BRDA:251,31,1,0
BRDA:254,32,0,0
BRDA:254,32,1,0
BRDA:278,33,0,0
BRDA:278,33,1,0
BRDA:285,34,0,2
BRDA:285,34,1,1
BRDA:288,35,0,1
BRDA:288,35,1,2
BRDA:288,36,0,3
BRDA:288,36,1,3
BRDA:301,37,0,0
BRDA:301,37,1,0
BRDA:315,38,0,0
BRDA:315,38,1,0
BRDA:326,39,0,0
BRDA:326,39,1,0
BRDA:327,40,0,0
BRDA:327,40,1,0
BRDA:332,41,0,0
BRDA:334,42,0,0
BRDA:334,42,1,0
BRDA:334,43,0,0
BRDA:334,43,1,0
BRDA:341,44,0,0
BRDA:341,44,1,0
BRDA:350,45,0,1
BRDA:350,45,1,1
BRDA:354,46,0,1
BRDA:354,46,1,0
BRDA:356,47,0,1
BRDA:356,47,1,0
BRDA:360,48,0,0
BRDA:360,48,1,0
BRDA:362,49,0,0
BRDA:362,49,1,0
BRDA:366,50,0,0
BRDA:366,50,1,0
BRDA:367,51,0,0
BRDA:367,51,1,0
BRDA:372,52,0,0
BRDA:372,52,1,0
BRDA:381,53,0,0
BRDA:381,53,1,0
BRDA:386,54,0,0
BRDA:386,54,1,0
BRDA:401,55,0,1
BRDA:401,55,1,1
BRDA:408,56,0,1
BRDA:408,56,1,1
BRDA:413,57,0,1
BRDA:413,57,1,1
BRDA:424,58,0,1
BRDA:424,58,1,0
BRDA:429,59,0,0
BRDA:429,59,1,0
BRDA:439,60,0,0
BRDA:439,60,1,0
BRF:124
BRH:43
end_of_record
TN:
SF:src\services\recommendation.service.ts
FN:30,(anonymous_0)
FN:39,(anonymous_1)
FN:40,(anonymous_2)
FN:41,(anonymous_3)
FN:41,(anonymous_4)
FN:55,(anonymous_5)
FN:57,(anonymous_6)
FN:71,(anonymous_7)
FN:82,(anonymous_8)
FN:84,(anonymous_9)
FN:89,(anonymous_10)
FN:90,(anonymous_11)
FNF:12
FNH:10
FNDA:3,(anonymous_0)
FNDA:2,(anonymous_1)
FNDA:1,(anonymous_2)
FNDA:0,(anonymous_3)
FNDA:0,(anonymous_4)
FNDA:1,(anonymous_5)
FNDA:3,(anonymous_6)
FNDA:2,(anonymous_7)
FNDA:3,(anonymous_8)
FNDA:2,(anonymous_9)
FNDA:3,(anonymous_10)
FNDA:3,(anonymous_11)
DA:1,1
DA:2,1
DA:3,1
DA:4,1
DA:7,1
DA:8,1
DA:9,1
DA:10,1
DA:12,1
DA:13,1
DA:14,1
DA:15,1
DA:16,1
DA:17,1
DA:19,1
DA:31,3
DA:33,3
DA:39,3
DA:40,3
DA:41,3
DA:43,3
DA:44,3
DA:45,1
DA:48,2
DA:49,2
DA:50,2
DA:51,4
DA:54,2
DA:55,1
DA:57,3
DA:59,2
DA:60,0
DA:63,2
DA:72,2
DA:77,2
DA:78,2
DA:79,1
DA:82,3
DA:83,1
DA:84,2
DA:88,1
DA:89,3
DA:90,3
LF:43
LH:42
BRDA:30,0,0,2
BRDA:39,1,0,3
BRDA:39,1,1,1
BRDA:39,2,0,2
BRDA:39,2,1,0
BRDA:40,3,0,3
BRDA:40,3,1,2
BRDA:40,4,0,1
BRDA:40,4,1,0
BRDA:44,5,0,1
BRDA:44,5,1,2
BRDA:51,6,0,4
BRDA:51,6,1,3
BRDA:59,7,0,0
BRDA:59,7,1,2
BRDA:71,8,0,1
BRDA:78,9,0,1
BRDA:78,9,1,1
BRF:18
BRH:15
end_of_record
TN:
SF:src\services\review.service.ts
FN:14,(anonymous_0)
FN:27,(anonymous_1)
FN:54,(anonymous_2)
FN:58,(anonymous_3)
FN:62,(anonymous_4)
FN:67,(anonymous_5)
FN:77,(anonymous_6)
FN:85,(anonymous_7)
FNF:8
FNH:6
FNDA:7,(anonymous_0)
FNDA:4,(anonymous_1)
FNDA:0,(anonymous_2)
FNDA:2,(anonymous_3)
FNDA:3,(anonymous_4)
FNDA:0,(anonymous_5)
FNDA:1,(anonymous_6)
FNDA:1,(anonymous_7)
DA:1,1
DA:2,1
DA:3,1
DA:5,1
DA:9,1
DA:10,1
DA:11,1
DA:13,1
DA:15,7
DA:16,7
DA:17,1
DA:20,6
DA:21,6
DA:22,1
DA:24,5
DA:25,1
DA:27,4
DA:28,4
DA:29,1
DA:32,3
DA:33,3
DA:34,1
DA:37,2
DA:38,2
DA:47,1
DA:48,1
DA:50,0
DA:55,0
DA:59,2
DA:60,2
DA:61,2
DA:62,3
DA:64,2
DA:74,0
DA:78,1
DA:79,1
DA:80,1
DA:82,0
DA:86,1
DA:87,1
DA:88,1
LF:41
LH:37
BRDA:16,0,0,1
BRDA:16,0,1,6
BRDA:21,1,0,1
BRDA:21,1,1,5
BRDA:21,2,0,6
BRDA:21,2,1,6
BRDA:24,3,0,1
BRDA:24,3,1,4
BRDA:28,4,0,1
BRDA:28,4,1,3
BRDA:33,5,0,1
BRDA:33,5,1,2
BRDA:47,6,0,1
BRDA:47,6,1,0
BRDA:61,7,0,1
BRDA:61,7,1,1
BRDA:79,8,0,1
BRDA:79,8,1,0
BRDA:87,9,0,1
BRDA:87,9,1,0
BRF:20
BRH:17
end_of_record
TN:
SF:src\services\shipping-address.service.ts
FN:9,(anonymous_0)
FN:13,(anonymous_1)
FN:21,(anonymous_2)
FN:32,(anonymous_3)
FN:46,(anonymous_4)
FN:59,(anonymous_5)
FNF:6
FNH:3
FNDA:0,(anonymous_0)
FNDA:4,(anonymous_1)
FNDA:2,(anonymous_2)
FNDA:0,(anonymous_3)
FNDA:2,(anonymous_4)
FNDA:0,(anonymous_5)
DA:1,1
DA:4,1
DA:6,1
DA:8,1
DA:10,0
DA:14,4
DA:15,4
DA:16,2
DA:18,2
DA:22,2
DA:23,2
DA:25,2
DA:26,1
DA:29,2
DA:33,0
DA:35,0
DA:36,0
DA:39,0
DA:40,0
DA:41,0
DA:43,0
DA:47,2
DA:49,2
DA:50,2
DA:51,0
DA:54,2
DA:55,1
DA:60,0
DA:62,0
DA:63,0
DA:64,0
DA:65,0
DA:67,0
LF:33
LH:18
BRDA:15,0,0,2
BRDA:15,0,1,2
BRDA:15,1,0,4
BRDA:15,1,1,3
BRDA:23,2,0,2
BRDA:23,2,1,1
BRDA:25,3,0,1
BRDA:25,3,1,1
BRDA:35,4,0,0
BRDA:35,4,1,0
BRDA:40,5,0,0
BRDA:40,5,1,0
BRDA:50,6,0,0
BRDA:50,6,1,2
BRDA:54,7,0,1
BRDA:54,7,1,1
BRDA:64,8,0,0
BRDA:64,8,1,0
BRF:18
BRH:11
end_of_record
TN:
SF:src\services\shipping-calculation.service.ts
FN:18,(anonymous_0)
FN:28,(anonymous_1)
FNF:2
FNH:2
FNDA:7,(anonymous_0)
FNDA:7,(anonymous_1)
DA:1,2
DA:18,2
DA:19,7
DA:20,3
DA:21,0
DA:22,0
DA:28,2
DA:32,7
DA:34,7
DA:38,7
DA:42,7
DA:43,3
DA:46,7
DA:47,0
DA:48,0
DA:49,0
DA:53,7
DA:54,7
DA:56,7
LF:19
LH:14
BRDA:19,0,0,4
BRDA:19,0,1,3
BRDA:20,1,0,3
BRDA:20,1,1,0
BRDA:21,2,0,0
BRDA:21,2,1,0
BRDA:32,3,0,7
BRDA:32,3,1,3
BRDA:34,4,0,3
BRDA:34,4,1,4
BRDA:38,5,0,4
BRDA:38,5,1,3
BRDA:42,6,0,3
BRDA:42,6,1,4
BRDA:46,7,0,0
BRDA:46,7,1,7
BRDA:46,8,0,7
BRDA:46,8,1,0
BRDA:46,8,2,0
BRDA:46,8,3,0
BRDA:48,9,0,0
BRDA:48,9,1,0
BRDA:53,10,0,7
BRDA:53,10,1,6
BRDA:53,10,2,3
BRDA:54,11,0,2
BRDA:54,11,1,5
BRDA:57,12,0,4
BRDA:57,12,1,3
BRF:29
BRH:20
end_of_record
TN:
SF:src\services\shipping-method.service.ts
FN:9,(anonymous_0)
FN:17,(anonymous_1)
FN:21,(anonymous_2)
FN:25,(anonymous_3)
FN:33,(anonymous_4)
FN:53,(anonymous_5)
FNF:6
FNH:4
FNDA:2,(anonymous_0)
FNDA:0,(anonymous_1)
FNDA:0,(anonymous_2)
FNDA:1,(anonymous_3)
FNDA:3,(anonymous_4)
FNDA:1,(anonymous_5)
DA:1,1
DA:4,1
DA:6,1
DA:8,1
DA:10,2
DA:11,2
DA:12,1
DA:14,1
DA:18,0
DA:22,0
DA:26,1
DA:27,1
DA:28,1
DA:30,0
DA:34,3
DA:35,3
DA:36,1
DA:39,2
DA:40,1
DA:41,1
DA:42,1
DA:46,1
DA:47,1
DA:48,0
DA:50,1
DA:54,1
DA:55,1
DA:56,1
DA:58,0
DA:59,0
DA:60,0
LF:31
LH:24
BRDA:11,0,0,1
BRDA:11,0,1,1
BRDA:27,1,0,1
BRDA:27,1,1,0
BRDA:35,2,0,1
BRDA:35,2,1,2
BRDA:39,3,0,1
BRDA:39,3,1,1
BRDA:39,4,0,2
BRDA:39,4,1,2
BRDA:41,5,0,1
BRDA:41,5,1,0
BRDA:47,6,0,0
BRDA:47,6,1,1
BRDA:55,7,0,1
BRDA:55,7,1,0
BRDA:59,8,0,0
BRDA:59,8,1,0
BRF:18
BRH:12
end_of_record
TN:
SF:src\services\shipping-settings.service.ts
FN:8,(anonymous_0)
FN:12,(anonymous_1)
FNF:2
FNH:2
FNDA:1,(anonymous_0)
FNDA:1,(anonymous_1)
DA:1,1
DA:5,1
DA:7,1
DA:9,1
DA:13,1
LF:5
LH:5
BRF:0
BRH:0
end_of_record
TN:
SF:src\services\subcategory.service.ts
FN:12,(anonymous_0)
FN:35,(anonymous_1)
FN:81,(anonymous_2)
FN:91,(anonymous_3)
FN:95,(anonymous_4)
FN:103,(anonymous_5)
FN:134,(anonymous_6)
FNF:7
FNH:3
FNDA:3,(anonymous_0)
FNDA:0,(anonymous_1)
FNDA:0,(anonymous_2)
FNDA:0,(anonymous_3)
FNDA:0,(anonymous_4)
FNDA:3,(anonymous_5)
FNDA:1,(anonymous_6)
DA:1,1
DA:2,1
DA:5,1
DA:6,1
DA:8,1
DA:9,1
DA:11,1
DA:13,3
DA:14,3
DA:15,1
DA:18,2
DA:22,2
DA:23,1
DA:26,1
DA:27,1
DA:28,1
DA:29,0
DA:32,1
DA:40,0
DA:41,0
DA:42,0
DA:43,0
DA:45,0
DA:46,0
DA:47,0
DA:48,0
DA:49,0
DA:52,0
DA:53,0
DA:54,0
DA:55,0
DA:58,0
DA:62,0
DA:63,0
DA:64,0
DA:67,0
DA:68,0
DA:69,0
DA:72,0
DA:73,0
DA:74,0
DA:77,0
DA:78,0
DA:88,0
DA:92,0
DA:96,0
DA:97,0
DA:98,0
DA:100,0
DA:104,3
DA:105,3
DA:106,1
DA:109,2
DA:110,2
DA:111,1
DA:112,1
DA:113,1
DA:117,1
DA:119,1
DA:120,1
DA:121,1
DA:122,0
DA:124,1
DA:127,1
DA:128,1
DA:129,0
DA:131,1
DA:135,1
DA:136,1
DA:137,0
DA:140,1
DA:141,1
DA:142,1
DA:145,0
DA:146,0
DA:147,0
LF:76
LH:38
BRDA:14,0,0,1
BRDA:14,0,1,2
BRDA:22,1,0,1
BRDA:22,1,1,1
BRDA:28,2,0,0
BRDA:28,2,1,1
BRDA:47,3,0,0
BRDA:47,3,1,0
BRDA:53,4,0,0
BRDA:53,4,1,0
BRDA:62,5,0,0
BRDA:62,5,1,0
BRDA:68,6,0,0
BRDA:68,6,1,0
BRDA:68,7,0,0
BRDA:68,7,1,0
BRDA:97,8,0,0
BRDA:97,8,1,0
BRDA:105,9,0,1
BRDA:105,9,1,2
BRDA:109,10,0,2
BRDA:109,10,1,1
BRDA:110,11,0,1
BRDA:110,11,1,1
BRDA:112,12,0,1
BRDA:112,12,1,0
BRDA:119,13,0,1
BRDA:119,13,1,0
BRDA:119,14,0,1
BRDA:119,14,1,1
BRDA:119,14,2,0
BRDA:121,15,0,0
BRDA:121,15,1,1
BRDA:121,16,0,1
BRDA:121,16,1,1
BRDA:128,17,0,0
BRDA:128,17,1,1
BRDA:136,18,0,0
BRDA:136,18,1,1
BRDA:141,19,0,1
BRDA:141,19,1,0
BRDA:146,20,0,0
BRDA:146,20,1,0
BRF:43
BRH:21
end_of_record
TN:
SF:src\services\user.service.ts
FN:28,(anonymous_1)
FN:32,(anonymous_2)
FN:40,(anonymous_3)
FN:51,(anonymous_4)
FN:71,(anonymous_5)
FN:105,(anonymous_6)
FN:153,(anonymous_7)
FN:174,(anonymous_8)
FN:188,(anonymous_9)
FN:199,(anonymous_10)
FN:219,(anonymous_11)
FN:254,(anonymous_12)
FN:302,(anonymous_13)
FN:340,(anonymous_14)
FNF:14
FNH:2
FNDA:0,(anonymous_1)
FNDA:0,(anonymous_2)
FNDA:1,(anonymous_3)
FNDA:4,(anonymous_4)
FNDA:0,(anonymous_5)
FNDA:0,(anonymous_6)
FNDA:0,(anonymous_7)
FNDA:0,(anonymous_8)
FNDA:0,(anonymous_9)
FNDA:0,(anonymous_10)
FNDA:0,(anonymous_11)
FNDA:0,(anonymous_12)
FNDA:0,(anonymous_13)
FNDA:0,(anonymous_14)
DA:1,1
DA:4,1
DA:5,1
DA:6,1
DA:7,1
DA:8,1
DA:9,1
DA:10,1
DA:12,1
DA:13,1
DA:15,1
DA:16,1
DA:17,1
DA:18,1
DA:19,1
DA:20,1
DA:23,1
DA:25,1
DA:26,1
DA:28,1
DA:32,1
DA:33,0
DA:34,0
DA:35,0
DA:36,0
DA:39,1
DA:41,1
DA:42,1
DA:43,0
DA:45,1
DA:46,1
DA:47,1
DA:48,1
DA:52,4
DA:53,4
DA:54,1
DA:56,3
DA:57,0
DA:59,3
DA:63,3
DA:64,1
DA:67,2
DA:68,2
DA:72,0
DA:73,0
DA:77,0
DA:78,0
DA:79,0
DA:81,0
DA:84,0
DA:85,0
DA:88,0
DA:89,0
DA:90,0
DA:96,0
DA:98,0
DA:101,0
DA:102,0
DA:106,0
DA:107,0
DA:108,0
DA:110,0
DA:112,0
DA:113,0
DA:115,0
DA:116,0
DA:117,0
DA:118,0
DA:121,0
DA:122,0
DA:123,0
DA:124,0
DA:127,0
DA:128,0
DA:129,0
DA:130,0
DA:132,0
DA:136,0
DA:137,0
DA:139,0
DA:140,0
DA:141,0
DA:144,0
DA:145,0
DA:146,0
DA:147,0
DA:149,0
DA:165,0
DA:171,0
DA:176,0
DA:177,0
DA:178,0
DA:182,0
DA:183,0
DA:184,0
DA:190,0
DA:192,0
DA:193,0
DA:196,0
DA:203,0
DA:205,0
DA:206,0
DA:209,0
DA:214,0
DA:216,0
DA:224,0
DA:226,0
DA:227,0
DA:230,0
DA:232,0
DA:239,0
DA:244,0
DA:245,0
DA:251,0
DA:255,0
DA:257,0
DA:260,0
DA:261,0
DA:264,0
DA:265,0
DA:266,0
DA:267,0
DA:269,0
DA:274,0
DA:275,0
DA:278,0
DA:279,0
DA:281,0
DA:292,0
DA:293,0
DA:298,0
DA:303,0
DA:305,0
DA:306,0
DA:307,0
DA:310,0
DA:311,0
DA:313,0
DA:314,0
DA:315,0
DA:318,0
DA:319,0
DA:320,0
DA:323,0
DA:328,0
DA:329,0
DA:337,0
DA:341,0
DA:343,0
DA:344,0
DA:345,0
DA:348,0
DA:349,0
DA:350,0
DA:351,0
DA:354,0
DA:355,0
DA:356,0
DA:361,0
DA:362,0
LF:160
LH:37
BRDA:34,0,0,0
BRDA:34,0,1,0
BRDA:36,1,0,0
BRDA:36,1,1,0
BRDA:42,2,0,0
BRDA:42,2,1,1
BRDA:53,3,0,1
BRDA:53,3,1,3
BRDA:56,4,0,0
BRDA:56,4,1,3
BRDA:63,5,0,1
BRDA:63,5,1,2
BRDA:72,6,0,0
BRDA:72,6,1,0
BRDA:84,7,0,0
BRDA:84,7,1,0
BRDA:84,8,0,0
BRDA:84,8,1,0
BRDA:89,9,0,0
BRDA:89,9,1,0
BRDA:91,10,0,0
BRDA:91,10,1,0
BRDA:96,11,0,0
BRDA:96,11,1,0
BRDA:98,12,0,0
BRDA:98,12,1,0
BRDA:107,13,0,0
BRDA:107,13,1,0
BRDA:115,14,0,0
BRDA:115,14,1,0
BRDA:115,15,0,0
BRDA:115,15,1,0
BRDA:117,16,0,0
BRDA:117,16,1,0
BRDA:121,17,0,0
BRDA:121,17,1,0
BRDA:121,18,0,0
BRDA:121,18,1,0
BRDA:123,19,0,0
BRDA:123,19,1,0
BRDA:127,20,0,0
BRDA:127,20,1,0
BRDA:129,21,0,0
BRDA:129,21,1,0
BRDA:136,22,0,0
BRDA:136,22,1,0
BRDA:144,23,0,0
BRDA:144,23,1,0
BRDA:146,24,0,0
BRDA:146,24,1,0
BRDA:177,25,0,0
BRDA:177,25,1,0
BRDA:183,26,0,0
BRDA:183,26,1,0
BRDA:192,27,0,0
BRDA:192,27,1,0
BRDA:205,28,0,0
BRDA:205,28,1,0
BRDA:226,29,0,0
BRDA:226,29,1,0
BRDA:230,30,0,0
BRDA:230,30,1,0
BRDA:244,31,0,0
BRDA:244,31,1,0
BRDA:257,32,0,0
BRDA:257,32,1,0
BRDA:265,33,0,0
BRDA:265,33,1,0
BRDA:266,34,0,0
BRDA:266,34,1,0
BRDA:267,35,0,0
BRDA:267,35,1,0
BRDA:267,36,0,0
BRDA:267,36,1,0
BRDA:269,37,0,0
BRDA:269,37,1,0
BRDA:274,38,0,0
BRDA:274,38,1,0
BRDA:274,39,0,0
BRDA:274,39,1,0
BRDA:274,39,2,0
BRDA:288,40,0,0
BRDA:288,40,1,0
BRDA:305,41,0,0
BRDA:305,41,1,0
BRDA:310,42,0,0
BRDA:310,42,1,0
BRDA:311,43,0,0
BRDA:311,43,1,0
BRDA:313,44,0,0
BRDA:313,44,1,0
BRDA:313,45,0,0
BRDA:313,45,1,0
BRDA:313,45,2,0
BRDA:319,46,0,0
BRDA:319,46,1,0
BRDA:321,47,0,0
BRDA:321,47,1,0
BRDA:343,48,0,0
BRDA:343,48,1,0
BRDA:348,49,0,0
BRDA:348,49,1,0
BRDA:349,50,0,0
BRDA:349,50,1,0
BRDA:349,51,0,0
BRDA:349,51,1,0
BRDA:355,52,0,0
BRDA:355,52,1,0
BRF:108
BRH:6
end_of_record
TN:
SF:src\services\wishlist.service.ts
FN:10,(anonymous_0)
FN:16,(anonymous_1)
FN:29,(anonymous_2)
FNF:3
FNH:3
FNDA:1,(anonymous_0)
FNDA:2,(anonymous_1)
FNDA:1,(anonymous_2)
DA:1,1
DA:2,1
DA:4,1
DA:6,1
DA:7,1
DA:9,1
DA:11,1
DA:12,1
DA:13,1
DA:17,2
DA:18,2
DA:19,1
DA:22,1
DA:23,1
DA:24,0
DA:26,1
DA:30,1
DA:31,1
DA:32,1
DA:34,0
LF:20
LH:18
BRDA:12,0,0,0
BRDA:12,0,1,1
BRDA:18,1,0,1
BRDA:18,1,1,1
BRDA:23,2,0,0
BRDA:23,2,1,1
BRDA:31,3,0,1
BRDA:31,3,1,0
BRF:8
BRH:5
end_of_record
TN:
SF:src\types\brand.type.ts
FN:4,(anonymous_0)
FNF:1
FNH:1
FNDA:9,(anonymous_0)
DA:1,1
DA:3,1
DA:4,9
DA:8,1
LF:4
LH:4
BRDA:4,0,0,0
BRDA:4,0,1,9
BRF:2
BRH:1
end_of_record
TN:
SF:src\types\cart.type.ts
FNF:0
FNH:0
DA:1,1
DA:3,1
DA:10,1
LF:3
LH:3
BRF:0
BRH:0
end_of_record
TN:
SF:src\types\category.type.ts
FN:4,(anonymous_0)
FNF:1
FNH:1
FNDA:16,(anonymous_0)
DA:1,1
DA:3,1
DA:4,16
DA:8,1
DA:19,1
DA:29,1
LF:6
LH:6
BRDA:4,0,0,2
BRDA:4,0,1,14
BRF:2
BRH:2
end_of_record
TN:
SF:src\types\inventory.type.ts
FN:11,(anonymous_0)
FNF:1
FNH:1
FNDA:4,(anonymous_0)
DA:1,1
DA:2,1
DA:4,1
DA:10,1
DA:11,4
LF:5
LH:5
BRF:0
BRH:0
end_of_record
TN:
SF:src\types\order.type.ts
FN:23,(anonymous_0)
FNF:1
FNH:1
FNDA:3,(anonymous_0)
DA:1,1
DA:2,1
DA:4,1
DA:12,1
DA:18,1
DA:20,1
DA:23,3
DA:30,1
DA:37,1
LF:9
LH:9
BRDA:23,0,0,1
BRDA:23,0,1,2
BRF:2
BRH:2
end_of_record
TN:
SF:src\types\product.type.ts
FN:4,(anonymous_0)
FN:9,(anonymous_1)
FN:14,(anonymous_2)
FN:30,(anonymous_3)
FN:46,(anonymous_4)
FN:62,(anonymous_5)
FN:86,(anonymous_6)
FN:99,(anonymous_7)
FNF:8
FNH:8
FNDA:84,(anonymous_0)
FNDA:12,(anonymous_1)
FNDA:6,(anonymous_2)
FNDA:6,(anonymous_3)
FNDA:6,(anonymous_4)
FNDA:6,(anonymous_5)
FNDA:6,(anonymous_6)
FNDA:6,(anonymous_7)
DA:1,1
DA:3,1
DA:4,84
DA:8,1
DA:9,12
DA:13,1
DA:15,6
DA:16,0
DA:17,0
DA:18,0
DA:20,0
DA:29,1
DA:31,6
DA:32,0
DA:33,0
DA:34,0
DA:36,0
DA:45,1
DA:47,6
DA:48,0
DA:49,0
DA:50,0
DA:52,0
DA:61,1
DA:63,6
DA:64,0
DA:65,0
DA:66,0
DA:68,0
DA:74,1
DA:86,6
DA:99,6
LF:32
LH:16
BRDA:4,0,0,0
BRDA:4,0,1,84
BRDA:9,1,0,12
BRDA:9,1,1,12
BRDA:15,2,0,6
BRDA:15,2,1,0
BRDA:16,3,0,0
BRDA:16,3,1,0
BRDA:31,4,0,6
BRDA:31,4,1,0
BRDA:32,5,0,0
BRDA:32,5,1,0
BRDA:47,6,0,6
BRDA:47,6,1,0
BRDA:48,7,0,0
BRDA:48,7,1,0
BRDA:63,8,0,6
BRDA:63,8,1,0
BRDA:64,9,0,0
BRDA:64,9,1,0
BRDA:86,10,0,6
BRDA:86,10,1,0
BRDA:86,11,0,6
BRDA:86,11,1,6
BRDA:99,12,0,6
BRDA:99,12,1,0
BRDA:99,13,0,6
BRDA:99,13,1,6
BRF:28
BRH:13
end_of_record
TN:
SF:src\types\review.type.ts
FN:5,(anonymous_0)
FNF:1
FNH:1
FNDA:6,(anonymous_0)
DA:1,1
DA:2,1
DA:4,1
DA:6,6
DA:7,2
DA:12,1
DA:22,1
LF:7
LH:7
BRDA:6,0,0,4
BRDA:6,0,1,2
BRDA:6,1,0,6
BRDA:6,1,1,2
BRDA:7,2,0,1
BRDA:7,2,1,1
BRF:6
BRH:6
end_of_record
TN:
SF:src\types\shipping-address.type.ts
FN:5,(anonymous_0)
FN:9,(anonymous_1)
FN:10,(anonymous_2)
FNF:3
FNH:3
FNDA:8,(anonymous_0)
FNDA:2,(anonymous_1)
FNDA:16,(anonymous_2)
DA:1,1
DA:2,1
DA:4,1
DA:5,8
DA:9,2
DA:10,16
DA:14,1
LF:7
LH:7
BRDA:5,0,0,0
BRDA:5,0,1,8
BRDA:10,1,0,14
BRDA:10,1,1,2
BRDA:10,2,0,16
BRDA:10,2,1,15
BRDA:10,2,2,2
BRF:7
BRH:6
end_of_record
TN:
SF:src\types\shipping-method.type.ts
FN:4,(anonymous_0)
FNF:1
FNH:1
FNDA:5,(anonymous_0)
DA:1,1
DA:3,1
DA:4,5
DA:8,1
DA:19,1
LF:5
LH:5
BRDA:4,0,0,5
BRDA:4,0,1,0
BRDA:4,1,0,5
BRDA:4,1,1,5
BRDA:4,1,2,0
BRF:5
BRH:3
end_of_record
TN:
SF:src\types\shipping-settings.type.ts
FN:4,(anonymous_0)
FN:24,(anonymous_1)
FNF:2
FNH:2
FNDA:10,(anonymous_0)
FNDA:4,(anonymous_1)
DA:1,1
DA:3,1
DA:4,10
DA:8,1
DA:23,1
DA:24,4
DA:30,1
LF:7
LH:7
BRDA:4,0,0,10
BRDA:4,0,1,0
BRDA:4,1,0,10
BRDA:4,1,1,10
BRDA:4,1,2,0
BRF:5
BRH:3
end_of_record
TN:
SF:src\types\subcategory.type.ts
FN:4,(anonymous_0)
FNF:1
FNH:1
FNDA:6,(anonymous_0)
DA:1,1
DA:3,1
DA:4,6
DA:8,1
LF:4
LH:4
BRDA:4,0,0,0
BRDA:4,0,1,6
BRF:2
BRH:1
end_of_record
TN:
SF:src\types\user.type.ts
FN:4,(anonymous_0)
FN:9,(anonymous_1)
FN:14,(anonymous_2)
FNF:3
FNH:2
FNDA:15,(anonymous_0)
FNDA:0,(anonymous_1)
FNDA:5,(anonymous_2)
DA:1,1
DA:3,1
DA:4,15
DA:8,1
DA:9,0
DA:13,1
DA:14,5
DA:18,1
LF:8
LH:7
BRDA:4,0,0,0
BRDA:4,0,1,15
BRDA:9,1,0,0
BRDA:9,1,1,0
BRDA:14,2,0,0
BRDA:14,2,1,5
BRF:6
BRH:2
end_of_record
TN:
SF:src\types\wishlist.type.ts
FNF:0
FNH:0
DA:1,1
DA:3,1
LF:2
LH:2
BRF:0
BRH:0
end_of_record
TN:
SF:src\utils\apihelper.util.ts
FN:27,(anonymous_0)
FN:48,(anonymous_1)
FNF:2
FNH:2
FNDA:3,(anonymous_0)
FNDA:2,(anonymous_1)
DA:26,1
DA:35,3
DA:36,3
DA:38,3
DA:46,3
DA:54,2
DA:60,2
LF:7
LH:7
BRDA:30,0,0,1
BRDA:31,1,0,1
BRDA:35,2,0,1
BRDA:35,2,1,2
BRDA:36,3,0,1
BRDA:36,3,1,2
BRDA:50,4,0,1
BRDA:51,5,0,1
BRF:8
BRH:8
end_of_record
TN:
SF:src\utils\hateoas.util.ts
FN:9,(anonymous_0)
FN:12,(anonymous_1)
FN:18,(anonymous_2)
FN:29,(anonymous_3)
FN:39,(anonymous_4)
FNF:5
FNH:5
FNDA:6,(anonymous_0)
FNDA:3,(anonymous_1)
FNDA:1,(anonymous_2)
FNDA:3,(anonymous_3)
FNDA:11,(anonymous_4)
DA:9,6
DA:12,1
DA:13,3
DA:14,3
DA:18,1
DA:29,1
DA:35,3
DA:36,3
DA:37,3
DA:39,3
DA:40,11
DA:41,11
DA:42,11
DA:43,11
DA:46,3
DA:51,3
DA:52,3
DA:53,3
LF:18
LH:18
BRDA:14,0,0,2
BRDA:14,0,1,1
BRDA:51,1,0,1
BRDA:51,1,1,2
BRDA:52,2,0,1
BRDA:52,2,1,2
BRF:6
BRH:6
end_of_record
TN:
SF:src\utils\haversine.util.ts
FN:3,(anonymous_0)
FN:8,(anonymous_1)
FNF:2
FNH:2
FNDA:32,(anonymous_0)
FNDA:8,(anonymous_1)
DA:1,3
DA:3,32
DA:8,3
DA:9,8
DA:10,8
DA:12,8
DA:14,8
DA:15,8
LF:8
LH:8
BRF:0
BRH:0
end_of_record
TN:
SF:src\utils\invoice.util.ts
FN:15,(anonymous_1)
FN:18,(anonymous_2)
FN:20,(anonymous_3)
FN:22,generateInvoicePdf
FN:28,(anonymous_5)
FN:34,(anonymous_6)
FNF:6
FNH:1
FNDA:0,(anonymous_1)
FNDA:2,(anonymous_2)
FNDA:0,(anonymous_3)
FNDA:0,generateInvoicePdf
FNDA:0,(anonymous_5)
FNDA:0,(anonymous_6)
DA:1,1
DA:4,1
DA:11,1
DA:12,1
DA:13,1
DA:15,1
DA:16,0
DA:18,2
DA:20,1
DA:22,1
DA:23,0
DA:24,0
DA:25,0
DA:26,0
DA:28,0
DA:29,0
DA:30,0
DA:31,0
DA:34,0
DA:35,0
DA:36,0
DA:40,0
DA:44,0
DA:45,0
DA:46,0
DA:47,0
DA:48,0
DA:51,0
DA:52,0
DA:53,0
DA:54,0
DA:57,0
DA:58,0
DA:59,0
DA:60,0
DA:61,0
DA:69,0
DA:72,0
DA:73,0
DA:74,0
DA:75,0
DA:77,0
DA:78,0
DA:79,0
DA:80,0
DA:81,0
DA:82,0
DA:83,0
DA:84,0
DA:86,0
DA:87,0
DA:88,0
DA:89,0
DA:90,0
DA:94,0
DA:96,0
DA:99,0
DA:100,0
DA:101,0
DA:102,0
DA:103,0
DA:106,0
DA:107,0
DA:108,0
DA:109,0
DA:111,0
DA:114,0
DA:115,0
DA:116,0
DA:117,0
DA:119,0
LF:71
LH:9
BRDA:37,0,0,0
BRDA:37,0,1,0
BRDA:38,1,0,0
BRDA:38,1,1,0
BRDA:57,2,0,0
BRDA:57,2,1,0
BRDA:58,3,0,0
BRDA:58,3,1,0
BRDA:100,4,0,0
BRDA:100,4,1,0
BRDA:108,5,0,0
BRDA:108,5,1,0
BRF:12
BRH:0
end_of_record
TN:
SF:src\utils\mailer.util.ts
FN:18,sendPasswordResetOtpEmail
FNF:1
FNH:1
FNDA:2,sendPasswordResetOtpEmail
DA:1,3
DA:2,3
DA:4,3
DA:16,3
DA:18,3
DA:19,2
DA:20,1
DA:21,1
DA:24,1
DA:26,1
DA:27,1
DA:30,0
LF:12
LH:11
BRDA:8,0,0,2
BRDA:8,0,1,1
BRDA:19,1,0,1
BRDA:19,1,1,1
BRDA:24,2,0,1
BRDA:24,2,1,0
BRDA:24,3,0,1
BRDA:24,3,1,0
BRF:8
BRH:6
end_of_record
TN:
SF:src\utils\object.util.ts
FN:1,(anonymous_0)
FN:3,(anonymous_1)
FNF:2
FNH:2
FNDA:3,(anonymous_0)
FNDA:6,(anonymous_1)
DA:1,3
DA:2,3
DA:3,6
LF:3
LH:3
BRF:0
BRH:0
end_of_record
TN:
SF:src\utils\precondition.util.ts
FN:5,(anonymous_1)
FN:10,(anonymous_2)
FN:12,(anonymous_3)
FN:21,(anonymous_4)
FNF:4
FNH:4
FNDA:9,(anonymous_1)
FNDA:3,(anonymous_2)
FNDA:2,(anonymous_3)
FNDA:6,(anonymous_4)
DA:1,1
DA:3,1
DA:5,1
DA:6,9
DA:7,9
DA:10,1
DA:11,3
DA:12,2
DA:21,1
DA:22,6
DA:23,6
DA:24,3
DA:25,3
DA:26,1
DA:28,2
DA:31,3
DA:32,3
DA:33,2
DA:34,2
DA:35,1
LF:20
LH:20
BRDA:11,0,0,1
BRDA:11,0,1,2
BRDA:23,1,0,3
BRDA:23,1,1,3
BRDA:25,2,0,1
BRDA:25,2,1,2
BRDA:32,3,0,2
BRDA:32,3,1,1
BRDA:32,4,0,3
BRDA:32,4,1,2
BRDA:34,5,0,1
BRDA:34,5,1,1
BRDA:34,6,0,2
BRDA:34,6,1,2
BRF:14
BRH:14
end_of_record
TN:
SF:src\utils\query.util.ts
FN:10,(anonymous_0)
FN:24,(anonymous_1)
FN:47,(anonymous_2)
FNF:3
FNH:1
FNDA:2,(anonymous_0)
FNDA:0,(anonymous_1)
FNDA:0,(anonymous_2)
DA:10,2
DA:11,2
DA:12,2
DA:13,2
DA:24,2
DA:30,0
DA:31,0
DA:33,0
DA:34,0
DA:36,0
DA:47,2
LF:11
LH:6
BRDA:10,0,0,1
BRDA:11,1,0,2
BRDA:11,1,1,1
BRDA:12,2,0,2
BRDA:12,2,1,1
BRDA:28,3,0,0
BRDA:30,4,0,0
BRDA:30,4,1,0
BRDA:31,5,0,0
BRDA:31,5,1,0
BRDA:33,6,0,0
BRDA:33,6,1,0
BRDA:34,7,0,0
BRDA:34,7,1,0
BRDA:34,8,0,0
BRDA:34,8,1,0
BRF:16
BRH:5
end_of_record
TN:
SF:src\utils\sku.util.ts
FN:11,(anonymous_0)
FN:19,(anonymous_1)
FN:27,(anonymous_2)
FN:44,(anonymous_3)
FN:54,(anonymous_4)
FN:55,(anonymous_5)
FN:56,(anonymous_6)
FN:61,(anonymous_7)
FN:64,(anonymous_8)
FN:67,(anonymous_9)
FNF:10
FNH:10
FNDA:16,(anonymous_0)
FNDA:5,(anonymous_1)
FNDA:4,(anonymous_2)
FNDA:12,(anonymous_3)
FNDA:6,(anonymous_4)
FNDA:10,(anonymous_5)
FNDA:3,(anonymous_6)
FNDA:2,(anonymous_7)
FNDA:3,(anonymous_8)
FNDA:4,(anonymous_9)
DA:11,2
DA:12,16
DA:19,2
DA:26,5
DA:27,4
DA:31,5
DA:44,2
DA:45,12
DA:46,12
DA:54,2
DA:55,6
DA:56,10
DA:58,6
DA:61,2
DA:62,2
DA:64,2
DA:65,3
DA:67,2
DA:68,4
DA:69,4
DA:70,4
DA:71,4
LF:22
LH:22
BRDA:46,0,0,12
BRDA:46,0,1,2
BRDA:58,1,0,6
BRDA:58,1,1,4
BRDA:58,1,2,4
BRDA:58,1,3,4
BRF:6
BRH:6
end_of_record
TN:
SF:src\utils\slug.util.ts
FN:6,(anonymous_0)
FNF:1
FNH:1
FNDA:9,(anonymous_0)
DA:6,5
DA:7,9
LF:2
LH:2
BRF:0
BRH:0
end_of_record
TN:
SF:src\utils\upload.util.ts
FN:4,(anonymous_0)
FN:18,(anonymous_1)
FN:27,(anonymous_2)
FNF:3
FNH:3
FNDA:3,(anonymous_0)
FNDA:4,(anonymous_1)
FNDA:2,(anonymous_2)
DA:4,1
DA:5,3
DA:6,3
DA:7,2
DA:9,3
DA:18,1
DA:19,4
DA:20,4
DA:21,4
DA:23,3
DA:24,3
DA:25,3
DA:26,2
DA:27,2
DA:30,3
LF:15
LH:15
BRDA:4,0,0,2
BRDA:6,1,0,2
BRDA:6,1,1,1
BRDA:21,2,0,1
BRDA:21,2,1,3
BRDA:25,3,0,1
BRDA:25,3,1,2
BRDA:25,4,0,3
BRDA:25,4,1,2
BRDA:26,5,0,1
BRDA:26,5,1,1
BRF:11
BRH:11
end_of_record
