{"D:\\Assignment\\gadgethub_backend\\src\\config\\constant.ts": {"path":"D:\\Assignment\\gadgethub_backend\\src\\config\\constant.ts","statementMap":{"0":{"start":{"line":1,"column":0},"end":{"line":1,"column":28}},"1":{"start":{"line":2,"column":0},"end":{"line":2,"column":16}},"2":{"start":{"line":4,"column":13},"end":{"line":4,"column":45}},"3":{"start":{"line":5,"column":13},"end":{"line":5,"column":92}},"4":{"start":{"line":6,"column":13},"end":{"line":6,"column":75}},"5":{"start":{"line":7,"column":13},"end":{"line":7,"column":63}},"6":{"start":{"line":8,"column":13},"end":{"line":8,"column":67}},"7":{"start":{"line":9,"column":13},"end":{"line":9,"column":67}},"8":{"start":{"line":10,"column":13},"end":{"line":10,"column":62}},"9":{"start":{"line":11,"column":13},"end":{"line":11,"column":53}},"10":{"start":{"line":12,"column":13},"end":{"line":12,"column":53}},"11":{"start":{"line":13,"column":13},"end":{"line":13,"column":62}},"12":{"start":{"line":16,"column":13},"end":{"line":16,"column":101}},"13":{"start":{"line":17,"column":13},"end":{"line":17,"column":105}},"14":{"start":{"line":21,"column":13},"end":{"line":21,"column":78}},"15":{"start":{"line":22,"column":13},"end":{"line":22,"column":80}},"16":{"start":{"line":26,"column":13},"end":{"line":26,"column":81}},"17":{"start":{"line":27,"column":13},"end":{"line":27,"column":82}},"18":{"start":{"line":28,"column":13},"end":{"line":28,"column":119}},"19":{"start":{"line":29,"column":13},"end":{"line":29,"column":131}},"20":{"start":{"line":33,"column":13},"end":{"line":33,"column":67}},"21":{"start":{"line":34,"column":13},"end":{"line":34,"column":73}}},"fnMap":{},"branchMap":{"0":{"loc":{"start":{"line":4,"column":20},"end":{"line":4,"column":44}},"type":"binary-expr","locations":[{"start":{"line":4,"column":20},"end":{"line":4,"column":36}},{"start":{"line":4,"column":40},"end":{"line":4,"column":44}}]},"1":{"loc":{"start":{"line":5,"column":27},"end":{"line":5,"column":91}},"type":"binary-expr","locations":[{"start":{"line":5,"column":27},"end":{"line":5,"column":50}},{"start":{"line":5,"column":54},"end":{"line":5,"column":91}}]},"2":{"loc":{"start":{"line":6,"column":26},"end":{"line":6,"column":74}},"type":"binary-expr","locations":[{"start":{"line":6,"column":26},"end":{"line":6,"column":48}},{"start":{"line":6,"column":52},"end":{"line":6,"column":74}}]},"3":{"loc":{"start":{"line":7,"column":30},"end":{"line":7,"column":62}},"type":"binary-expr","locations":[{"start":{"line":7,"column":30},"end":{"line":7,"column":56}},{"start":{"line":7,"column":60},"end":{"line":7,"column":62}}]},"4":{"loc":{"start":{"line":8,"column":32},"end":{"line":8,"column":66}},"type":"binary-expr","locations":[{"start":{"line":8,"column":32},"end":{"line":8,"column":60}},{"start":{"line":8,"column":64},"end":{"line":8,"column":66}}]},"5":{"loc":{"start":{"line":9,"column":25},"end":{"line":9,"column":66}},"type":"binary-expr","locations":[{"start":{"line":9,"column":25},"end":{"line":9,"column":46}},{"start":{"line":9,"column":50},"end":{"line":9,"column":66}}]},"6":{"loc":{"start":{"line":10,"column":25},"end":{"line":10,"column":61}},"type":"binary-expr","locations":[{"start":{"line":10,"column":25},"end":{"line":10,"column":54}},{"start":{"line":10,"column":58},"end":{"line":10,"column":61}}]},"7":{"loc":{"start":{"line":11,"column":25},"end":{"line":11,"column":52}},"type":"binary-expr","locations":[{"start":{"line":11,"column":25},"end":{"line":11,"column":46}},{"start":{"line":11,"column":50},"end":{"line":11,"column":52}}]},"8":{"loc":{"start":{"line":12,"column":25},"end":{"line":12,"column":52}},"type":"binary-expr","locations":[{"start":{"line":12,"column":25},"end":{"line":12,"column":46}},{"start":{"line":12,"column":50},"end":{"line":12,"column":52}}]},"9":{"loc":{"start":{"line":13,"column":26},"end":{"line":13,"column":61}},"type":"binary-expr","locations":[{"start":{"line":13,"column":26},"end":{"line":13,"column":48}},{"start":{"line":13,"column":52},"end":{"line":13,"column":61}}]},"10":{"loc":{"start":{"line":16,"column":52},"end":{"line":16,"column":99}},"type":"binary-expr","locations":[{"start":{"line":16,"column":52},"end":{"line":16,"column":93}},{"start":{"line":16,"column":97},"end":{"line":16,"column":99}}]},"11":{"loc":{"start":{"line":17,"column":54},"end":{"line":17,"column":103}},"type":"binary-expr","locations":[{"start":{"line":17,"column":54},"end":{"line":17,"column":97}},{"start":{"line":17,"column":101},"end":{"line":17,"column":103}}]},"12":{"loc":{"start":{"line":21,"column":27},"end":{"line":21,"column":77}},"type":"binary-expr","locations":[{"start":{"line":21,"column":27},"end":{"line":21,"column":50}},{"start":{"line":21,"column":54},"end":{"line":21,"column":77}}]},"13":{"loc":{"start":{"line":22,"column":28},"end":{"line":22,"column":79}},"type":"binary-expr","locations":[{"start":{"line":22,"column":28},"end":{"line":22,"column":52}},{"start":{"line":22,"column":56},"end":{"line":22,"column":79}}]},"14":{"loc":{"start":{"line":26,"column":35},"end":{"line":26,"column":80}},"type":"binary-expr","locations":[{"start":{"line":26,"column":35},"end":{"line":26,"column":66}},{"start":{"line":26,"column":70},"end":{"line":26,"column":80}}]},"15":{"loc":{"start":{"line":27,"column":32},"end":{"line":27,"column":81}},"type":"binary-expr","locations":[{"start":{"line":27,"column":32},"end":{"line":27,"column":60}},{"start":{"line":27,"column":64},"end":{"line":27,"column":81}}]},"16":{"loc":{"start":{"line":28,"column":33},"end":{"line":28,"column":118}},"type":"binary-expr","locations":[{"start":{"line":28,"column":33},"end":{"line":28,"column":62}},{"start":{"line":28,"column":66},"end":{"line":28,"column":118}}]},"17":{"loc":{"start":{"line":29,"column":38},"end":{"line":29,"column":130}},"type":"binary-expr","locations":[{"start":{"line":29,"column":38},"end":{"line":29,"column":72}},{"start":{"line":29,"column":76},"end":{"line":29,"column":130}}]},"18":{"loc":{"start":{"line":33,"column":32},"end":{"line":33,"column":66}},"type":"binary-expr","locations":[{"start":{"line":33,"column":32},"end":{"line":33,"column":60}},{"start":{"line":33,"column":64},"end":{"line":33,"column":66}}]},"19":{"loc":{"start":{"line":34,"column":35},"end":{"line":34,"column":72}},"type":"binary-expr","locations":[{"start":{"line":34,"column":35},"end":{"line":34,"column":66}},{"start":{"line":34,"column":70},"end":{"line":34,"column":72}}]}},"s":{"0":3,"1":3,"2":3,"3":3,"4":3,"5":3,"6":3,"7":3,"8":3,"9":3,"10":3,"11":3,"12":3,"13":3,"14":3,"15":3,"16":3,"17":3,"18":3,"19":3,"20":3,"21":3},"f":{},"b":{"0":[3,0],"1":[3,0],"2":[3,0],"3":[3,0],"4":[3,0],"5":[3,0],"6":[3,0],"7":[3,0],"8":[3,0],"9":[3,0],"10":[3,3],"11":[3,3],"12":[3,0],"13":[3,0],"14":[3,0],"15":[3,0],"16":[3,0],"17":[3,0],"18":[3,0],"19":[3,0]}}
,"D:\\Assignment\\gadgethub_backend\\src\\dtos\\user.dto.ts": {"path":"D:\\Assignment\\gadgethub_backend\\src\\dtos\\user.dto.ts","statementMap":{"0":{"start":{"line":1,"column":0},"end":{"line":1,"column":22}},"1":{"start":{"line":2,"column":0},"end":{"line":2,"column":72}},"2":{"start":{"line":4,"column":13},"end":{"line":13,"column":3}},"3":{"start":{"line":18,"column":13},"end":{"line":21,"column":3}},"4":{"start":{"line":23,"column":13},"end":{"line":37,"column":3}},"5":{"start":{"line":34,"column":19},"end":{"line":34,"column":51}},"6":{"start":{"line":42,"column":13},"end":{"line":44,"column":3}},"7":{"start":{"line":46,"column":13},"end":{"line":48,"column":3}},"8":{"start":{"line":51,"column":13},"end":{"line":53,"column":3}},"9":{"start":{"line":56,"column":18},"end":{"line":56,"column":69}},"10":{"start":{"line":58,"column":13},"end":{"line":61,"column":3}},"11":{"start":{"line":64,"column":13},"end":{"line":72,"column":3}},"12":{"start":{"line":69,"column":20},"end":{"line":69,"column":58}},"13":{"start":{"line":75,"column":13},"end":{"line":85,"column":3}}},"fnMap":{"0":{"name":"(anonymous_0)","decl":{"start":{"line":34,"column":8},"end":{"line":34,"column":9}},"loc":{"start":{"line":34,"column":19},"end":{"line":34,"column":51}}},"1":{"name":"(anonymous_1)","decl":{"start":{"line":69,"column":10},"end":{"line":69,"column":11}},"loc":{"start":{"line":69,"column":20},"end":{"line":69,"column":58}}}},"branchMap":{"0":{"loc":{"start":{"line":34,"column":19},"end":{"line":34,"column":51}},"type":"cond-expr","locations":[{"start":{"line":34,"column":34},"end":{"line":34,"column":43}},{"start":{"line":34,"column":46},"end":{"line":34,"column":51}}]}},"s":{"0":1,"1":1,"2":1,"3":1,"4":1,"5":0,"6":1,"7":1,"8":1,"9":1,"10":1,"11":1,"12":0,"13":1},"f":{"0":0,"1":0},"b":{"0":[0,0]}}
,"D:\\Assignment\\gadgethub_backend\\src\\exceptions\\http-exception.ts": {"path":"D:\\Assignment\\gadgethub_backend\\src\\exceptions\\http-exception.ts","statementMap":{"0":{"start":{"line":4,"column":8},"end":{"line":4,"column":23}},"1":{"start":{"line":5,"column":8},"end":{"line":5,"column":29}},"2":{"start":{"line":1,"column":0},"end":{"line":1,"column":13}}},"fnMap":{"0":{"name":"(anonymous_0)","decl":{"start":{"line":3,"column":4},"end":{"line":3,"column":16}},"loc":{"start":{"line":3,"column":47},"end":{"line":6,"column":5}}}},"branchMap":{},"s":{"0":5,"1":5,"2":4},"f":{"0":5},"b":{}}
,"D:\\Assignment\\gadgethub_backend\\src\\models\\brand.model.ts": {"path":"D:\\Assignment\\gadgethub_backend\\src\\models\\brand.model.ts","statementMap":{"0":{"start":{"line":1,"column":0},"end":{"line":1,"column":54}},"1":{"start":{"line":14,"column":33},"end":{"line":28,"column":null}},"2":{"start":{"line":31,"column":0},"end":{"line":34,"column":2}}},"fnMap":{},"branchMap":{},"s":{"0":1,"1":1,"2":1},"f":{},"b":{}}
,"D:\\Assignment\\gadgethub_backend\\src\\models\\category.model.ts": {"path":"D:\\Assignment\\gadgethub_backend\\src\\models\\category.model.ts","statementMap":{"0":{"start":{"line":1,"column":0},"end":{"line":1,"column":54}},"1":{"start":{"line":3,"column":13},"end":{"line":3,"column":78}},"2":{"start":{"line":26,"column":36},"end":{"line":47,"column":null}},"3":{"start":{"line":50,"column":0},"end":{"line":53,"column":2}}},"fnMap":{},"branchMap":{},"s":{"0":1,"1":1,"2":1,"3":1},"f":{},"b":{}}
,"D:\\Assignment\\gadgethub_backend\\src\\models\\notification.model.ts": {"path":"D:\\Assignment\\gadgethub_backend\\src\\models\\notification.model.ts","statementMap":{"0":{"start":{"line":1,"column":0},"end":{"line":1,"column":54}},"1":{"start":{"line":3,"column":13},"end":{"line":3,"column":65}},"2":{"start":{"line":6,"column":13},"end":{"line":6,"column":97}},"3":{"start":{"line":25,"column":40},"end":{"line":40,"column":null}},"4":{"start":{"line":43,"column":0},"end":{"line":43,"column":76}},"5":{"start":{"line":45,"column":0},"end":{"line":45,"column":86}}},"fnMap":{},"branchMap":{},"s":{"0":1,"1":1,"2":1,"3":1,"4":1,"5":1},"f":{},"b":{}}
,"D:\\Assignment\\gadgethub_backend\\src\\models\\product.model.ts": {"path":"D:\\Assignment\\gadgethub_backend\\src\\models\\product.model.ts","statementMap":{"0":{"start":{"line":1,"column":0},"end":{"line":1,"column":52}},"1":{"start":{"line":70,"column":35},"end":{"line":143,"column":null}},"2":{"start":{"line":147,"column":0},"end":{"line":147,"column":76}},"3":{"start":{"line":152,"column":30},"end":{"line":152,"column":32}},"4":{"start":{"line":153,"column":30},"end":{"line":153,"column":54}},"5":{"start":{"line":161,"column":0},"end":{"line":164,"column":3}},"6":{"start":{"line":162,"column":2},"end":{"line":162,"column":36}},"7":{"start":{"line":162,"column":23},"end":{"line":162,"column":36}},"8":{"start":{"line":163,"column":2},"end":{"line":163,"column":72}},"9":{"start":{"line":165,"column":0},"end":{"line":167,"column":3}},"10":{"start":{"line":166,"column":2},"end":{"line":166,"column":64}},"11":{"start":{"line":168,"column":0},"end":{"line":170,"column":3}},"12":{"start":{"line":169,"column":2},"end":{"line":169,"column":69}},"13":{"start":{"line":172,"column":0},"end":{"line":175,"column":2}}},"fnMap":{"0":{"name":"(anonymous_9)","decl":{"start":{"line":161,"column":45},"end":{"line":161,"column":null}},"loc":{"start":{"line":161,"column":45},"end":{"line":164,"column":1}}},"1":{"name":"(anonymous_10)","decl":{"start":{"line":165,"column":45},"end":{"line":165,"column":null}},"loc":{"start":{"line":165,"column":45},"end":{"line":167,"column":1}}},"2":{"name":"(anonymous_11)","decl":{"start":{"line":168,"column":41},"end":{"line":168,"column":null}},"loc":{"start":{"line":168,"column":41},"end":{"line":170,"column":1}}}},"branchMap":{"0":{"loc":{"start":{"line":162,"column":2},"end":{"line":162,"column":36}},"type":"if","locations":[{"start":{"line":162,"column":2},"end":{"line":162,"column":36}},{"start":{},"end":{}}]},"1":{"loc":{"start":{"line":166,"column":10},"end":{"line":166,"column":37}},"type":"binary-expr","locations":[{"start":{"line":166,"column":10},"end":{"line":166,"column":32}},{"start":{"line":166,"column":36},"end":{"line":166,"column":37}}]},"2":{"loc":{"start":{"line":169,"column":9},"end":{"line":169,"column":68}},"type":"binary-expr","locations":[{"start":{"line":169,"column":9},"end":{"line":169,"column":26}},{"start":{"line":169,"column":30},"end":{"line":169,"column":68}}]}},"s":{"0":1,"1":1,"2":1,"3":1,"4":1,"5":1,"6":0,"7":0,"8":0,"9":1,"10":0,"11":1,"12":0,"13":1},"f":{"0":0,"1":0,"2":0},"b":{"0":[0,0],"1":[0,0],"2":[0,0]}}
,"D:\\Assignment\\gadgethub_backend\\src\\models\\review.model.ts": {"path":"D:\\Assignment\\gadgethub_backend\\src\\models\\review.model.ts","statementMap":{"0":{"start":{"line":1,"column":0},"end":{"line":1,"column":54}},"1":{"start":{"line":3,"column":13},"end":{"line":3,"column":65}},"2":{"start":{"line":19,"column":34},"end":{"line":31,"column":null}},"3":{"start":{"line":34,"column":0},"end":{"line":34,"column":77}},"4":{"start":{"line":36,"column":0},"end":{"line":36,"column":68}}},"fnMap":{},"branchMap":{},"s":{"0":1,"1":1,"2":1,"3":1,"4":1},"f":{},"b":{}}
,"D:\\Assignment\\gadgethub_backend\\src\\models\\shipping-method.model.ts": {"path":"D:\\Assignment\\gadgethub_backend\\src\\models\\shipping-method.model.ts","statementMap":{"0":{"start":{"line":1,"column":0},"end":{"line":1,"column":54}},"1":{"start":{"line":15,"column":42},"end":{"line":26,"column":null}},"2":{"start":{"line":29,"column":0},"end":{"line":32,"column":2}}},"fnMap":{},"branchMap":{},"s":{"0":1,"1":1,"2":1},"f":{},"b":{}}
,"D:\\Assignment\\gadgethub_backend\\src\\repositories\\brand.repository.ts": {"path":"D:\\Assignment\\gadgethub_backend\\src\\repositories\\brand.repository.ts","statementMap":{"0":{"start":{"line":2,"column":0},"end":{"line":2,"column":54}},"1":{"start":{"line":3,"column":0},"end":{"line":3,"column":46}},"2":{"start":{"line":5,"column":0},"end":{"line":5,"column":54}},"3":{"start":{"line":31,"column":8},"end":{"line":31,"column":41}},"4":{"start":{"line":35,"column":8},"end":{"line":35,"column":43}},"5":{"start":{"line":35,"column":33},"end":{"line":35,"column":43}},"6":{"start":{"line":36,"column":8},"end":{"line":43,"column":9}},"7":{"start":{"line":37,"column":12},"end":{"line":37,"column":70}},"8":{"start":{"line":39,"column":12},"end":{"line":41,"column":13}},"9":{"start":{"line":40,"column":16},"end":{"line":40,"column":42}},"10":{"start":{"line":42,"column":12},"end":{"line":42,"column":24}},"11":{"start":{"line":52,"column":23},"end":{"line":54,"column":16}},"12":{"start":{"line":56,"column":20},"end":{"line":56,"column":49}},"13":{"start":{"line":57,"column":8},"end":{"line":59,"column":9}},"14":{"start":{"line":58,"column":12},"end":{"line":58,"column":64}},"15":{"start":{"line":60,"column":23},"end":{"line":60,"column":34}},"16":{"start":{"line":61,"column":22},"end":{"line":61,"column":56}},"17":{"start":{"line":63,"column":32},"end":{"line":70,"column":null}},"18":{"start":{"line":65,"column":37},"end":{"line":65,"column":87}},"19":{"start":{"line":66,"column":16},"end":{"line":69,"column":37}},"20":{"start":{"line":73,"column":8},"end":{"line":73,"column":50}},"21":{"start":{"line":77,"column":8},"end":{"line":77,"column":40}},"22":{"start":{"line":81,"column":8},"end":{"line":81,"column":45}},"23":{"start":{"line":85,"column":8},"end":{"line":85,"column":45}},"24":{"start":{"line":89,"column":8},"end":{"line":93,"column":10}},"25":{"start":{"line":97,"column":24},"end":{"line":97,"column":57}},"26":{"start":{"line":98,"column":8},"end":{"line":98,"column":25}},"27":{"start":{"line":102,"column":8},"end":{"line":102,"column":59}},"28":{"start":{"line":29,"column":0},"end":{"line":29,"column":13}}},"fnMap":{"0":{"name":"(anonymous_1)","decl":{"start":{"line":30,"column":4},"end":{"line":30,"column":9}},"loc":{"start":{"line":30,"column":57},"end":{"line":32,"column":5}}},"1":{"name":"(anonymous_2)","decl":{"start":{"line":34,"column":4},"end":{"line":34,"column":9}},"loc":{"start":{"line":34,"column":66},"end":{"line":44,"column":5}}},"2":{"name":"(anonymous_3)","decl":{"start":{"line":46,"column":4},"end":{"line":46,"column":9}},"loc":{"start":{"line":50,"column":22},"end":{"line":74,"column":5}}},"3":{"name":"(anonymous_4)","decl":{"start":{"line":64,"column":23},"end":{"line":64,"column":28}},"loc":{"start":{"line":64,"column":39},"end":{"line":70,"column":13}}},"4":{"name":"(anonymous_5)","decl":{"start":{"line":76,"column":4},"end":{"line":76,"column":9}},"loc":{"start":{"line":76,"column":28},"end":{"line":78,"column":5}}},"5":{"name":"(anonymous_6)","decl":{"start":{"line":80,"column":4},"end":{"line":80,"column":9}},"loc":{"start":{"line":80,"column":33},"end":{"line":82,"column":5}}},"6":{"name":"(anonymous_7)","decl":{"start":{"line":84,"column":4},"end":{"line":84,"column":9}},"loc":{"start":{"line":84,"column":33},"end":{"line":86,"column":5}}},"7":{"name":"(anonymous_8)","decl":{"start":{"line":88,"column":4},"end":{"line":88,"column":9}},"loc":{"start":{"line":88,"column":51},"end":{"line":94,"column":5}}},"8":{"name":"(anonymous_9)","decl":{"start":{"line":96,"column":4},"end":{"line":96,"column":9}},"loc":{"start":{"line":96,"column":27},"end":{"line":99,"column":5}}},"9":{"name":"(anonymous_10)","decl":{"start":{"line":101,"column":4},"end":{"line":101,"column":9}},"loc":{"start":{"line":101,"column":34},"end":{"line":103,"column":5}}}},"branchMap":{"0":{"loc":{"start":{"line":35,"column":8},"end":{"line":35,"column":43}},"type":"if","locations":[{"start":{"line":35,"column":8},"end":{"line":35,"column":43}},{"start":{},"end":{}}]},"1":{"loc":{"start":{"line":39,"column":12},"end":{"line":41,"column":13}},"type":"if","locations":[{"start":{"line":39,"column":12},"end":{"line":41,"column":13}},{"start":{},"end":{}}]},"2":{"loc":{"start":{"line":52,"column":23},"end":{"line":54,"column":16}},"type":"cond-expr","locations":[{"start":{"line":53,"column":14},"end":{"line":53,"column":57}},{"start":{"line":54,"column":14},"end":{"line":54,"column":16}}]},"3":{"loc":{"start":{"line":57,"column":8},"end":{"line":59,"column":9}},"type":"if","locations":[{"start":{"line":57,"column":8},"end":{"line":59,"column":9}},{"start":{},"end":{}}]},"4":{"loc":{"start":{"line":57,"column":12},"end":{"line":57,"column":53}},"type":"binary-expr","locations":[{"start":{"line":57,"column":12},"end":{"line":57,"column":30}},{"start":{"line":57,"column":34},"end":{"line":57,"column":53}}]}},"s":{"0":1,"1":1,"2":1,"3":0,"4":0,"5":0,"6":0,"7":0,"8":0,"9":0,"10":0,"11":0,"12":0,"13":0,"14":0,"15":0,"16":0,"17":0,"18":0,"19":0,"20":0,"21":0,"22":0,"23":0,"24":0,"25":0,"26":0,"27":0,"28":1},"f":{"0":0,"1":0,"2":0,"3":0,"4":0,"5":0,"6":0,"7":0,"8":0,"9":0},"b":{"0":[0,0],"1":[0,0],"2":[0,0],"3":[0,0],"4":[0,0]}}
,"D:\\Assignment\\gadgethub_backend\\src\\repositories\\category.repository.ts": {"path":"D:\\Assignment\\gadgethub_backend\\src\\repositories\\category.repository.ts","statementMap":{"0":{"start":{"line":2,"column":0},"end":{"line":2,"column":83}},"1":{"start":{"line":3,"column":0},"end":{"line":3,"column":46}},"2":{"start":{"line":5,"column":0},"end":{"line":5,"column":54}},"3":{"start":{"line":33,"column":8},"end":{"line":33,"column":47}},"4":{"start":{"line":37,"column":8},"end":{"line":37,"column":47}},"5":{"start":{"line":37,"column":37},"end":{"line":37,"column":47}},"6":{"start":{"line":38,"column":8},"end":{"line":48,"column":9}},"7":{"start":{"line":39,"column":12},"end":{"line":39,"column":77}},"8":{"start":{"line":44,"column":12},"end":{"line":46,"column":13}},"9":{"start":{"line":45,"column":16},"end":{"line":45,"column":42}},"10":{"start":{"line":47,"column":12},"end":{"line":47,"column":24}},"11":{"start":{"line":57,"column":23},"end":{"line":59,"column":16}},"12":{"start":{"line":61,"column":20},"end":{"line":61,"column":52}},"13":{"start":{"line":62,"column":8},"end":{"line":64,"column":9}},"14":{"start":{"line":63,"column":12},"end":{"line":63,"column":64}},"15":{"start":{"line":65,"column":27},"end":{"line":65,"column":38}},"16":{"start":{"line":66,"column":22},"end":{"line":66,"column":59}},"17":{"start":{"line":68,"column":36},"end":{"line":75,"column":null}},"18":{"start":{"line":70,"column":37},"end":{"line":70,"column":93}},"19":{"start":{"line":71,"column":16},"end":{"line":74,"column":40}},"20":{"start":{"line":78,"column":8},"end":{"line":78,"column":58}},"21":{"start":{"line":82,"column":28},"end":{"line":82,"column":48}},"22":{"start":{"line":83,"column":8},"end":{"line":85,"column":9}},"23":{"start":{"line":84,"column":12},"end":{"line":84,"column":60}},"24":{"start":{"line":86,"column":8},"end":{"line":86,"column":61}},"25":{"start":{"line":90,"column":8},"end":{"line":90,"column":43}},"26":{"start":{"line":94,"column":8},"end":{"line":94,"column":48}},"27":{"start":{"line":98,"column":8},"end":{"line":98,"column":48}},"28":{"start":{"line":102,"column":8},"end":{"line":106,"column":10}},"29":{"start":{"line":110,"column":8},"end":{"line":114,"column":10}},"30":{"start":{"line":118,"column":24},"end":{"line":118,"column":60}},"31":{"start":{"line":119,"column":8},"end":{"line":119,"column":25}},"32":{"start":{"line":123,"column":8},"end":{"line":123,"column":62}},"33":{"start":{"line":31,"column":0},"end":{"line":31,"column":13}}},"fnMap":{"0":{"name":"(anonymous_1)","decl":{"start":{"line":32,"column":4},"end":{"line":32,"column":9}},"loc":{"start":{"line":32,"column":63},"end":{"line":34,"column":5}}},"1":{"name":"(anonymous_2)","decl":{"start":{"line":36,"column":4},"end":{"line":36,"column":9}},"loc":{"start":{"line":36,"column":73},"end":{"line":49,"column":5}}},"2":{"name":"(anonymous_3)","decl":{"start":{"line":51,"column":4},"end":{"line":51,"column":9}},"loc":{"start":{"line":55,"column":22},"end":{"line":79,"column":5}}},"3":{"name":"(anonymous_4)","decl":{"start":{"line":69,"column":27},"end":{"line":69,"column":32}},"loc":{"start":{"line":69,"column":46},"end":{"line":75,"column":13}}},"4":{"name":"(anonymous_5)","decl":{"start":{"line":81,"column":4},"end":{"line":81,"column":9}},"loc":{"start":{"line":81,"column":37},"end":{"line":87,"column":5}}},"5":{"name":"(anonymous_6)","decl":{"start":{"line":89,"column":4},"end":{"line":89,"column":9}},"loc":{"start":{"line":89,"column":28},"end":{"line":91,"column":5}}},"6":{"name":"(anonymous_7)","decl":{"start":{"line":93,"column":4},"end":{"line":93,"column":9}},"loc":{"start":{"line":93,"column":33},"end":{"line":95,"column":5}}},"7":{"name":"(anonymous_8)","decl":{"start":{"line":97,"column":4},"end":{"line":97,"column":9}},"loc":{"start":{"line":97,"column":33},"end":{"line":99,"column":5}}},"8":{"name":"(anonymous_9)","decl":{"start":{"line":101,"column":4},"end":{"line":101,"column":9}},"loc":{"start":{"line":101,"column":57},"end":{"line":107,"column":5}}},"9":{"name":"(anonymous_10)","decl":{"start":{"line":109,"column":4},"end":{"line":109,"column":9}},"loc":{"start":{"line":109,"column":81},"end":{"line":115,"column":5}}},"10":{"name":"(anonymous_11)","decl":{"start":{"line":117,"column":4},"end":{"line":117,"column":9}},"loc":{"start":{"line":117,"column":27},"end":{"line":120,"column":5}}},"11":{"name":"(anonymous_12)","decl":{"start":{"line":122,"column":4},"end":{"line":122,"column":9}},"loc":{"start":{"line":122,"column":34},"end":{"line":124,"column":5}}}},"branchMap":{"0":{"loc":{"start":{"line":37,"column":8},"end":{"line":37,"column":47}},"type":"if","locations":[{"start":{"line":37,"column":8},"end":{"line":37,"column":47}},{"start":{},"end":{}}]},"1":{"loc":{"start":{"line":44,"column":12},"end":{"line":46,"column":13}},"type":"if","locations":[{"start":{"line":44,"column":12},"end":{"line":46,"column":13}},{"start":{},"end":{}}]},"2":{"loc":{"start":{"line":57,"column":23},"end":{"line":59,"column":16}},"type":"cond-expr","locations":[{"start":{"line":58,"column":14},"end":{"line":58,"column":57}},{"start":{"line":59,"column":14},"end":{"line":59,"column":16}}]},"3":{"loc":{"start":{"line":62,"column":8},"end":{"line":64,"column":9}},"type":"if","locations":[{"start":{"line":62,"column":8},"end":{"line":64,"column":9}},{"start":{},"end":{}}]},"4":{"loc":{"start":{"line":62,"column":12},"end":{"line":62,"column":53}},"type":"binary-expr","locations":[{"start":{"line":62,"column":12},"end":{"line":62,"column":30}},{"start":{"line":62,"column":34},"end":{"line":62,"column":53}}]},"5":{"loc":{"start":{"line":83,"column":8},"end":{"line":85,"column":9}},"type":"if","locations":[{"start":{"line":83,"column":8},"end":{"line":85,"column":9}},{"start":{},"end":{}}]}},"s":{"0":1,"1":1,"2":1,"3":0,"4":0,"5":0,"6":0,"7":0,"8":0,"9":0,"10":0,"11":0,"12":0,"13":0,"14":0,"15":0,"16":0,"17":0,"18":0,"19":0,"20":0,"21":0,"22":0,"23":0,"24":0,"25":0,"26":0,"27":0,"28":0,"29":0,"30":0,"31":0,"32":0,"33":1},"f":{"0":0,"1":0,"2":0,"3":0,"4":0,"5":0,"6":0,"7":0,"8":0,"9":0,"10":0,"11":0},"b":{"0":[0,0],"1":[0,0],"2":[0,0],"3":[0,0],"4":[0,0],"5":[0,0]}}
,"D:\\Assignment\\gadgethub_backend\\src\\repositories\\product.repository.ts": {"path":"D:\\Assignment\\gadgethub_backend\\src\\repositories\\product.repository.ts","statementMap":{"0":{"start":{"line":2,"column":0},"end":{"line":2,"column":60}},"1":{"start":{"line":3,"column":0},"end":{"line":3,"column":69}},"2":{"start":{"line":4,"column":0},"end":{"line":4,"column":54}},"3":{"start":{"line":72,"column":24},"end":{"line":76,"column":2}},"4":{"start":{"line":80,"column":24},"end":{"line":80,"column":53}},"5":{"start":{"line":81,"column":8},"end":{"line":81,"column":49}},"6":{"start":{"line":85,"column":8},"end":{"line":85,"column":45}},"7":{"start":{"line":85,"column":35},"end":{"line":85,"column":45}},"8":{"start":{"line":86,"column":8},"end":{"line":94,"column":9}},"9":{"start":{"line":87,"column":29},"end":{"line":87,"column":83}},"10":{"start":{"line":88,"column":12},"end":{"line":88,"column":69}},"11":{"start":{"line":90,"column":12},"end":{"line":92,"column":13}},"12":{"start":{"line":91,"column":16},"end":{"line":91,"column":83}},"13":{"start":{"line":93,"column":12},"end":{"line":93,"column":24}},"14":{"start":{"line":107,"column":27},"end":{"line":107,"column":29}},"15":{"start":{"line":109,"column":8},"end":{"line":114,"column":9}},"16":{"start":{"line":110,"column":12},"end":{"line":113,"column":14}},"17":{"start":{"line":115,"column":8},"end":{"line":115,"column":48}},"18":{"start":{"line":115,"column":22},"end":{"line":115,"column":48}},"19":{"start":{"line":116,"column":8},"end":{"line":116,"column":42}},"20":{"start":{"line":116,"column":20},"end":{"line":116,"column":42}},"21":{"start":{"line":117,"column":8},"end":{"line":119,"column":9}},"22":{"start":{"line":118,"column":12},"end":{"line":118,"column":84}},"23":{"start":{"line":121,"column":21},"end":{"line":121,"column":39}},"24":{"start":{"line":122,"column":25},"end":{"line":126,"column":25}},"25":{"start":{"line":128,"column":22},"end":{"line":128,"column":57}},"26":{"start":{"line":130,"column":8},"end":{"line":130,"column":72}},"27":{"start":{"line":142,"column":27},"end":{"line":142,"column":50}},"28":{"start":{"line":144,"column":8},"end":{"line":149,"column":9}},"29":{"start":{"line":145,"column":12},"end":{"line":148,"column":14}},"30":{"start":{"line":150,"column":8},"end":{"line":150,"column":48}},"31":{"start":{"line":150,"column":22},"end":{"line":150,"column":48}},"32":{"start":{"line":151,"column":8},"end":{"line":153,"column":9}},"33":{"start":{"line":152,"column":12},"end":{"line":152,"column":84}},"34":{"start":{"line":155,"column":21},"end":{"line":155,"column":39}},"35":{"start":{"line":156,"column":25},"end":{"line":160,"column":25}},"36":{"start":{"line":162,"column":22},"end":{"line":162,"column":57}},"37":{"start":{"line":164,"column":8},"end":{"line":164,"column":72}},"38":{"start":{"line":168,"column":8},"end":{"line":168,"column":68}},"39":{"start":{"line":172,"column":8},"end":{"line":172,"column":107}},"40":{"start":{"line":176,"column":8},"end":{"line":176,"column":104}},"41":{"start":{"line":180,"column":31},"end":{"line":180,"column":101}},"42":{"start":{"line":184,"column":34},"end":{"line":186,"column":16}},"43":{"start":{"line":188,"column":8},"end":{"line":194,"column":9}},"44":{"start":{"line":189,"column":31},"end":{"line":189,"column":83}},"45":{"start":{"line":189,"column":65},"end":{"line":189,"column":81}},"46":{"start":{"line":190,"column":29},"end":{"line":192,"column":46}},"47":{"start":{"line":193,"column":12},"end":{"line":193,"column":48}},"48":{"start":{"line":196,"column":8},"end":{"line":196,"column":23}},"49":{"start":{"line":200,"column":8},"end":{"line":200,"column":40}},"50":{"start":{"line":200,"column":30},"end":{"line":200,"column":40}},"51":{"start":{"line":201,"column":25},"end":{"line":201,"column":85}},"52":{"start":{"line":202,"column":8},"end":{"line":202,"column":96}},"53":{"start":{"line":202,"column":36},"end":{"line":202,"column":93}},"54":{"start":{"line":206,"column":8},"end":{"line":206,"column":48}},"55":{"start":{"line":206,"column":38},"end":{"line":206,"column":48}},"56":{"start":{"line":207,"column":8},"end":{"line":215,"column":26}},"57":{"start":{"line":219,"column":8},"end":{"line":219,"column":79}},"58":{"start":{"line":223,"column":69},"end":{"line":223,"column":75}},"59":{"start":{"line":225,"column":27},"end":{"line":225,"column":76}},"60":{"start":{"line":227,"column":8},"end":{"line":244,"column":9}},"61":{"start":{"line":234,"column":12},"end":{"line":243,"column":15}},"62":{"start":{"line":235,"column":30},"end":{"line":235,"column":64}},"63":{"start":{"line":236,"column":34},"end":{"line":239,"column":18}},"64":{"start":{"line":240,"column":16},"end":{"line":240,"column":103}},"65":{"start":{"line":240,"column":59},"end":{"line":240,"column":103}},"66":{"start":{"line":241,"column":16},"end":{"line":241,"column":91}},"67":{"start":{"line":241,"column":53},"end":{"line":241,"column":91}},"68":{"start":{"line":242,"column":16},"end":{"line":242,"column":35}},"69":{"start":{"line":246,"column":8},"end":{"line":248,"column":9}},"70":{"start":{"line":247,"column":12},"end":{"line":247,"column":52}},"71":{"start":{"line":250,"column":8},"end":{"line":253,"column":26}},"72":{"start":{"line":257,"column":8},"end":{"line":261,"column":36}},"73":{"start":{"line":265,"column":8},"end":{"line":269,"column":36}},"74":{"start":{"line":273,"column":24},"end":{"line":273,"column":59}},"75":{"start":{"line":274,"column":8},"end":{"line":274,"column":25}},"76":{"start":{"line":278,"column":8},"end":{"line":278,"column":39}},"77":{"start":{"line":278,"column":30},"end":{"line":278,"column":39}},"78":{"start":{"line":279,"column":23},"end":{"line":279,"column":70}},"79":{"start":{"line":280,"column":8},"end":{"line":280,"column":40}},"80":{"start":{"line":284,"column":8},"end":{"line":284,"column":42}},"81":{"start":{"line":284,"column":32},"end":{"line":284,"column":42}},"82":{"start":{"line":285,"column":8},"end":{"line":285,"column":60}},"83":{"start":{"line":292,"column":8},"end":{"line":309,"column":36}},"84":{"start":{"line":313,"column":22},"end":{"line":313,"column":51}},"85":{"start":{"line":314,"column":8},"end":{"line":314,"column":23}},"86":{"start":{"line":325,"column":8},"end":{"line":343,"column":36}},"87":{"start":{"line":350,"column":8},"end":{"line":354,"column":36}},"88":{"start":{"line":361,"column":8},"end":{"line":361,"column":73}},"89":{"start":{"line":78,"column":0},"end":{"line":78,"column":13}}},"fnMap":{"0":{"name":"(anonymous_1)","decl":{"start":{"line":79,"column":4},"end":{"line":79,"column":9}},"loc":{"start":{"line":79,"column":44},"end":{"line":82,"column":5}}},"1":{"name":"(anonymous_2)","decl":{"start":{"line":84,"column":4},"end":{"line":84,"column":9}},"loc":{"start":{"line":84,"column":51},"end":{"line":95,"column":5}}},"2":{"name":"(anonymous_3)","decl":{"start":{"line":97,"column":4},"end":{"line":97,"column":9}},"loc":{"start":{"line":105,"column":25},"end":{"line":131,"column":5}}},"3":{"name":"(anonymous_4)","decl":{"start":{"line":133,"column":4},"end":{"line":133,"column":9}},"loc":{"start":{"line":140,"column":25},"end":{"line":165,"column":5}}},"4":{"name":"(anonymous_5)","decl":{"start":{"line":167,"column":4},"end":{"line":167,"column":9}},"loc":{"start":{"line":167,"column":28},"end":{"line":169,"column":5}}},"5":{"name":"(anonymous_6)","decl":{"start":{"line":171,"column":4},"end":{"line":171,"column":9}},"loc":{"start":{"line":171,"column":39},"end":{"line":173,"column":5}}},"6":{"name":"(anonymous_7)","decl":{"start":{"line":175,"column":4},"end":{"line":175,"column":9}},"loc":{"start":{"line":175,"column":41},"end":{"line":177,"column":5}}},"7":{"name":"(anonymous_8)","decl":{"start":{"line":179,"column":4},"end":{"line":179,"column":9}},"loc":{"start":{"line":179,"column":108},"end":{"line":197,"column":5}}},"8":{"name":"(anonymous_9)","decl":{"start":{"line":189,"column":58},"end":{"line":189,"column":59}},"loc":{"start":{"line":189,"column":65},"end":{"line":189,"column":81}}},"9":{"name":"(anonymous_10)","decl":{"start":{"line":199,"column":4},"end":{"line":199,"column":9}},"loc":{"start":{"line":199,"column":49},"end":{"line":203,"column":5}}},"10":{"name":"(anonymous_11)","decl":{"start":{"line":202,"column":28},"end":{"line":202,"column":29}},"loc":{"start":{"line":202,"column":36},"end":{"line":202,"column":93}}},"11":{"name":"(anonymous_12)","decl":{"start":{"line":205,"column":4},"end":{"line":205,"column":9}},"loc":{"start":{"line":205,"column":95},"end":{"line":216,"column":5}}},"12":{"name":"(anonymous_13)","decl":{"start":{"line":218,"column":4},"end":{"line":218,"column":9}},"loc":{"start":{"line":218,"column":44},"end":{"line":220,"column":5}}},"13":{"name":"(anonymous_14)","decl":{"start":{"line":222,"column":4},"end":{"line":222,"column":9}},"loc":{"start":{"line":222,"column":59},"end":{"line":254,"column":5}}},"14":{"name":"(anonymous_15)","decl":{"start":{"line":234,"column":38},"end":{"line":234,"column":39}},"loc":{"start":{"line":234,"column":50},"end":{"line":243,"column":13}}},"15":{"name":"(anonymous_16)","decl":{"start":{"line":256,"column":4},"end":{"line":256,"column":9}},"loc":{"start":{"line":256,"column":57},"end":{"line":262,"column":5}}},"16":{"name":"(anonymous_17)","decl":{"start":{"line":264,"column":4},"end":{"line":264,"column":9}},"loc":{"start":{"line":264,"column":64},"end":{"line":270,"column":5}}},"17":{"name":"(anonymous_18)","decl":{"start":{"line":272,"column":4},"end":{"line":272,"column":9}},"loc":{"start":{"line":272,"column":27},"end":{"line":275,"column":5}}},"18":{"name":"(anonymous_19)","decl":{"start":{"line":277,"column":4},"end":{"line":277,"column":9}},"loc":{"start":{"line":277,"column":34},"end":{"line":281,"column":5}}},"19":{"name":"(anonymous_20)","decl":{"start":{"line":283,"column":4},"end":{"line":283,"column":9}},"loc":{"start":{"line":283,"column":37},"end":{"line":286,"column":5}}},"20":{"name":"(anonymous_21)","decl":{"start":{"line":288,"column":4},"end":{"line":288,"column":9}},"loc":{"start":{"line":288,"column":53},"end":{"line":310,"column":5}}},"21":{"name":"(anonymous_22)","decl":{"start":{"line":312,"column":4},"end":{"line":312,"column":9}},"loc":{"start":{"line":312,"column":33},"end":{"line":315,"column":5}}},"22":{"name":"(anonymous_23)","decl":{"start":{"line":317,"column":4},"end":{"line":317,"column":9}},"loc":{"start":{"line":317,"column":53},"end":{"line":344,"column":5}}},"23":{"name":"(anonymous_24)","decl":{"start":{"line":346,"column":4},"end":{"line":346,"column":9}},"loc":{"start":{"line":346,"column":65},"end":{"line":355,"column":5}}},"24":{"name":"(anonymous_25)","decl":{"start":{"line":357,"column":4},"end":{"line":357,"column":9}},"loc":{"start":{"line":357,"column":39},"end":{"line":362,"column":5}}}},"branchMap":{"0":{"loc":{"start":{"line":85,"column":8},"end":{"line":85,"column":45}},"type":"if","locations":[{"start":{"line":85,"column":8},"end":{"line":85,"column":45}},{"start":{},"end":{}}]},"1":{"loc":{"start":{"line":90,"column":12},"end":{"line":92,"column":13}},"type":"if","locations":[{"start":{"line":90,"column":12},"end":{"line":92,"column":13}},{"start":{},"end":{}}]},"2":{"loc":{"start":{"line":109,"column":8},"end":{"line":114,"column":9}},"type":"if","locations":[{"start":{"line":109,"column":8},"end":{"line":114,"column":9}},{"start":{},"end":{}}]},"3":{"loc":{"start":{"line":115,"column":8},"end":{"line":115,"column":48}},"type":"if","locations":[{"start":{"line":115,"column":8},"end":{"line":115,"column":48}},{"start":{},"end":{}}]},"4":{"loc":{"start":{"line":116,"column":8},"end":{"line":116,"column":42}},"type":"if","locations":[{"start":{"line":116,"column":8},"end":{"line":116,"column":42}},{"start":{},"end":{}}]},"5":{"loc":{"start":{"line":117,"column":8},"end":{"line":119,"column":9}},"type":"if","locations":[{"start":{"line":117,"column":8},"end":{"line":119,"column":9}},{"start":{},"end":{}}]},"6":{"loc":{"start":{"line":117,"column":12},"end":{"line":117,"column":60}},"type":"binary-expr","locations":[{"start":{"line":117,"column":12},"end":{"line":117,"column":34}},{"start":{"line":117,"column":38},"end":{"line":117,"column":60}}]},"7":{"loc":{"start":{"line":144,"column":8},"end":{"line":149,"column":9}},"type":"if","locations":[{"start":{"line":144,"column":8},"end":{"line":149,"column":9}},{"start":{},"end":{}}]},"8":{"loc":{"start":{"line":150,"column":8},"end":{"line":150,"column":48}},"type":"if","locations":[{"start":{"line":150,"column":8},"end":{"line":150,"column":48}},{"start":{},"end":{}}]},"9":{"loc":{"start":{"line":151,"column":8},"end":{"line":153,"column":9}},"type":"if","locations":[{"start":{"line":151,"column":8},"end":{"line":153,"column":9}},{"start":{},"end":{}}]},"10":{"loc":{"start":{"line":151,"column":12},"end":{"line":151,"column":60}},"type":"binary-expr","locations":[{"start":{"line":151,"column":12},"end":{"line":151,"column":34}},{"start":{"line":151,"column":38},"end":{"line":151,"column":60}}]},"11":{"loc":{"start":{"line":184,"column":34},"end":{"line":186,"column":16}},"type":"cond-expr","locations":[{"start":{"line":185,"column":14},"end":{"line":185,"column":117}},{"start":{"line":186,"column":14},"end":{"line":186,"column":16}}]},"12":{"loc":{"start":{"line":188,"column":8},"end":{"line":194,"column":9}},"type":"if","locations":[{"start":{"line":188,"column":8},"end":{"line":194,"column":9}},{"start":{},"end":{}}]},"13":{"loc":{"start":{"line":200,"column":8},"end":{"line":200,"column":40}},"type":"if","locations":[{"start":{"line":200,"column":8},"end":{"line":200,"column":40}},{"start":{},"end":{}}]},"14":{"loc":{"start":{"line":206,"column":8},"end":{"line":206,"column":48}},"type":"if","locations":[{"start":{"line":206,"column":8},"end":{"line":206,"column":48}},{"start":{},"end":{}}]},"15":{"loc":{"start":{"line":227,"column":8},"end":{"line":244,"column":9}},"type":"if","locations":[{"start":{"line":227,"column":8},"end":{"line":244,"column":9}},{"start":{},"end":{}}]},"16":{"loc":{"start":{"line":240,"column":16},"end":{"line":240,"column":103}},"type":"if","locations":[{"start":{"line":240,"column":16},"end":{"line":240,"column":103}},{"start":{},"end":{}}]},"17":{"loc":{"start":{"line":240,"column":20},"end":{"line":240,"column":57}},"type":"binary-expr","locations":[{"start":{"line":240,"column":20},"end":{"line":240,"column":31}},{"start":{"line":240,"column":35},"end":{"line":240,"column":57}}]},"18":{"loc":{"start":{"line":241,"column":16},"end":{"line":241,"column":91}},"type":"if","locations":[{"start":{"line":241,"column":16},"end":{"line":241,"column":91}},{"start":{},"end":{}}]},"19":{"loc":{"start":{"line":241,"column":20},"end":{"line":241,"column":51}},"type":"binary-expr","locations":[{"start":{"line":241,"column":20},"end":{"line":241,"column":28}},{"start":{"line":241,"column":32},"end":{"line":241,"column":51}}]},"20":{"loc":{"start":{"line":246,"column":8},"end":{"line":248,"column":9}},"type":"if","locations":[{"start":{"line":246,"column":8},"end":{"line":248,"column":9}},{"start":{},"end":{}}]},"21":{"loc":{"start":{"line":278,"column":8},"end":{"line":278,"column":39}},"type":"if","locations":[{"start":{"line":278,"column":8},"end":{"line":278,"column":39}},{"start":{},"end":{}}]},"22":{"loc":{"start":{"line":280,"column":15},"end":{"line":280,"column":39}},"type":"binary-expr","locations":[{"start":{"line":280,"column":15},"end":{"line":280,"column":34}},{"start":{"line":280,"column":38},"end":{"line":280,"column":39}}]},"23":{"loc":{"start":{"line":284,"column":8},"end":{"line":284,"column":42}},"type":"if","locations":[{"start":{"line":284,"column":8},"end":{"line":284,"column":42}},{"start":{},"end":{}}]}},"s":{"0":1,"1":1,"2":1,"3":1,"4":0,"5":0,"6":0,"7":0,"8":0,"9":0,"10":0,"11":0,"12":0,"13":0,"14":0,"15":0,"16":0,"17":0,"18":0,"19":0,"20":0,"21":0,"22":0,"23":0,"24":0,"25":0,"26":0,"27":0,"28":0,"29":0,"30":0,"31":0,"32":0,"33":0,"34":0,"35":0,"36":0,"37":0,"38":0,"39":0,"40":0,"41":0,"42":0,"43":0,"44":0,"45":0,"46":0,"47":0,"48":0,"49":0,"50":0,"51":0,"52":0,"53":0,"54":0,"55":0,"56":0,"57":0,"58":0,"59":0,"60":0,"61":0,"62":0,"63":0,"64":0,"65":0,"66":0,"67":0,"68":0,"69":0,"70":0,"71":0,"72":0,"73":0,"74":0,"75":0,"76":0,"77":0,"78":0,"79":0,"80":0,"81":0,"82":0,"83":0,"84":0,"85":0,"86":0,"87":0,"88":0,"89":1},"f":{"0":0,"1":0,"2":0,"3":0,"4":0,"5":0,"6":0,"7":0,"8":0,"9":0,"10":0,"11":0,"12":0,"13":0,"14":0,"15":0,"16":0,"17":0,"18":0,"19":0,"20":0,"21":0,"22":0,"23":0,"24":0},"b":{"0":[0,0],"1":[0,0],"2":[0,0],"3":[0,0],"4":[0,0],"5":[0,0],"6":[0,0],"7":[0,0],"8":[0,0],"9":[0,0],"10":[0,0],"11":[0,0],"12":[0,0],"13":[0,0],"14":[0,0],"15":[0,0],"16":[0,0],"17":[0,0],"18":[0,0],"19":[0,0],"20":[0,0],"21":[0,0],"22":[0,0],"23":[0,0]}}
,"D:\\Assignment\\gadgethub_backend\\src\\repositories\\review.repository.ts": {"path":"D:\\Assignment\\gadgethub_backend\\src\\repositories\\review.repository.ts","statementMap":{"0":{"start":{"line":1,"column":0},"end":{"line":1,"column":32}},"1":{"start":{"line":2,"column":0},"end":{"line":2,"column":71}},"2":{"start":{"line":3,"column":0},"end":{"line":3,"column":69}},"3":{"start":{"line":38,"column":22},"end":{"line":38,"column":64}},"4":{"start":{"line":39,"column":25},"end":{"line":39,"column":70}},"5":{"start":{"line":43,"column":24},"end":{"line":43,"column":49}},"6":{"start":{"line":44,"column":8},"end":{"line":44,"column":67}},"7":{"start":{"line":48,"column":8},"end":{"line":48,"column":78}},"8":{"start":{"line":52,"column":8},"end":{"line":54,"column":37}},"9":{"start":{"line":58,"column":24},"end":{"line":72,"column":10}},"10":{"start":{"line":61,"column":59},"end":{"line":61,"column":90}},"11":{"start":{"line":74,"column":56},"end":{"line":74,"column":58}},"12":{"start":{"line":75,"column":8},"end":{"line":80,"column":9}},"13":{"start":{"line":76,"column":12},"end":{"line":79,"column":14}},"14":{"start":{"line":81,"column":8},"end":{"line":81,"column":23}},"15":{"start":{"line":85,"column":22},"end":{"line":85,"column":95}},"16":{"start":{"line":86,"column":8},"end":{"line":86,"column":23}},"17":{"start":{"line":90,"column":32},"end":{"line":90,"column":34}},"18":{"start":{"line":91,"column":8},"end":{"line":91,"column":47}},"19":{"start":{"line":91,"column":20},"end":{"line":91,"column":47}},"20":{"start":{"line":93,"column":36},"end":{"line":99,"column":10}},"21":{"start":{"line":101,"column":8},"end":{"line":110,"column":9}},"22":{"start":{"line":102,"column":12},"end":{"line":109,"column":15}},"23":{"start":{"line":112,"column":29},"end":{"line":133,"column":10}},"24":{"start":{"line":134,"column":30},"end":{"line":134,"column":68}},"25":{"start":{"line":136,"column":39},"end":{"line":139,"column":10}},"26":{"start":{"line":141,"column":22},"end":{"line":141,"column":48}},"27":{"start":{"line":142,"column":8},"end":{"line":142,"column":71}},"28":{"start":{"line":146,"column":8},"end":{"line":150,"column":54}},"29":{"start":{"line":154,"column":24},"end":{"line":154,"column":58}},"30":{"start":{"line":155,"column":8},"end":{"line":155,"column":25}},"31":{"start":{"line":41,"column":0},"end":{"line":41,"column":13}}},"fnMap":{"0":{"name":"(anonymous_1)","decl":{"start":{"line":42,"column":4},"end":{"line":42,"column":9}},"loc":{"start":{"line":42,"column":40},"end":{"line":45,"column":5}}},"1":{"name":"(anonymous_2)","decl":{"start":{"line":47,"column":4},"end":{"line":47,"column":9}},"loc":{"start":{"line":47,"column":34},"end":{"line":49,"column":5}}},"2":{"name":"(anonymous_3)","decl":{"start":{"line":51,"column":4},"end":{"line":51,"column":9}},"loc":{"start":{"line":51,"column":40},"end":{"line":55,"column":5}}},"3":{"name":"(anonymous_4)","decl":{"start":{"line":57,"column":4},"end":{"line":57,"column":9}},"loc":{"start":{"line":57,"column":59},"end":{"line":82,"column":5}}},"4":{"name":"(anonymous_5)","decl":{"start":{"line":61,"column":51},"end":{"line":61,"column":52}},"loc":{"start":{"line":61,"column":59},"end":{"line":61,"column":90}}},"5":{"name":"(anonymous_6)","decl":{"start":{"line":84,"column":4},"end":{"line":84,"column":9}},"loc":{"start":{"line":84,"column":67},"end":{"line":87,"column":5}}},"6":{"name":"(anonymous_7)","decl":{"start":{"line":89,"column":4},"end":{"line":89,"column":9}},"loc":{"start":{"line":89,"column":109},"end":{"line":143,"column":5}}},"7":{"name":"(anonymous_8)","decl":{"start":{"line":145,"column":4},"end":{"line":145,"column":9}},"loc":{"start":{"line":145,"column":55},"end":{"line":151,"column":5}}},"8":{"name":"(anonymous_9)","decl":{"start":{"line":153,"column":4},"end":{"line":153,"column":9}},"loc":{"start":{"line":153,"column":27},"end":{"line":156,"column":5}}}},"branchMap":{"0":{"loc":{"start":{"line":91,"column":8},"end":{"line":91,"column":47}},"type":"if","locations":[{"start":{"line":91,"column":8},"end":{"line":91,"column":47}},{"start":{},"end":{}}]},"1":{"loc":{"start":{"line":101,"column":8},"end":{"line":110,"column":9}},"type":"if","locations":[{"start":{"line":101,"column":8},"end":{"line":110,"column":9}},{"start":{},"end":{}}]},"2":{"loc":{"start":{"line":141,"column":22},"end":{"line":141,"column":48}},"type":"binary-expr","locations":[{"start":{"line":141,"column":22},"end":{"line":141,"column":43}},{"start":{"line":141,"column":47},"end":{"line":141,"column":48}}]}},"s":{"0":1,"1":1,"2":1,"3":1,"4":1,"5":0,"6":0,"7":0,"8":0,"9":0,"10":0,"11":0,"12":0,"13":0,"14":0,"15":0,"16":0,"17":0,"18":0,"19":0,"20":0,"21":0,"22":0,"23":0,"24":0,"25":0,"26":0,"27":0,"28":0,"29":0,"30":0,"31":1},"f":{"0":0,"1":0,"2":0,"3":0,"4":0,"5":0,"6":0,"7":0,"8":0},"b":{"0":[0,0],"1":[0,0],"2":[0,0]}}
,"D:\\Assignment\\gadgethub_backend\\src\\repositories\\shipping-method.repository.ts": {"path":"D:\\Assignment\\gadgethub_backend\\src\\repositories\\shipping-method.repository.ts","statementMap":{"0":{"start":{"line":1,"column":0},"end":{"line":1,"column":82}},"1":{"start":{"line":3,"column":0},"end":{"line":3,"column":54}},"2":{"start":{"line":17,"column":8},"end":{"line":17,"column":49}},"3":{"start":{"line":21,"column":8},"end":{"line":21,"column":80}},"4":{"start":{"line":25,"column":8},"end":{"line":25,"column":98}},"5":{"start":{"line":29,"column":8},"end":{"line":29,"column":49}},"6":{"start":{"line":33,"column":8},"end":{"line":33,"column":54}},"7":{"start":{"line":37,"column":8},"end":{"line":41,"column":10}},"8":{"start":{"line":45,"column":24},"end":{"line":45,"column":66}},"9":{"start":{"line":46,"column":8},"end":{"line":46,"column":25}},"10":{"start":{"line":15,"column":0},"end":{"line":15,"column":13}}},"fnMap":{"0":{"name":"(anonymous_1)","decl":{"start":{"line":16,"column":4},"end":{"line":16,"column":9}},"loc":{"start":{"line":16,"column":46},"end":{"line":18,"column":5}}},"1":{"name":"(anonymous_2)","decl":{"start":{"line":20,"column":4},"end":{"line":20,"column":9}},"loc":{"start":{"line":20,"column":16},"end":{"line":22,"column":5}}},"2":{"name":"(anonymous_3)","decl":{"start":{"line":24,"column":4},"end":{"line":24,"column":9}},"loc":{"start":{"line":24,"column":19},"end":{"line":26,"column":5}}},"3":{"name":"(anonymous_4)","decl":{"start":{"line":28,"column":4},"end":{"line":28,"column":9}},"loc":{"start":{"line":28,"column":28},"end":{"line":30,"column":5}}},"4":{"name":"(anonymous_5)","decl":{"start":{"line":32,"column":4},"end":{"line":32,"column":9}},"loc":{"start":{"line":32,"column":33},"end":{"line":34,"column":5}}},"5":{"name":"(anonymous_6)","decl":{"start":{"line":36,"column":4},"end":{"line":36,"column":9}},"loc":{"start":{"line":36,"column":59},"end":{"line":42,"column":5}}},"6":{"name":"(anonymous_7)","decl":{"start":{"line":44,"column":4},"end":{"line":44,"column":9}},"loc":{"start":{"line":44,"column":27},"end":{"line":47,"column":5}}}},"branchMap":{},"s":{"0":1,"1":1,"2":0,"3":0,"4":0,"5":0,"6":0,"7":0,"8":0,"9":0,"10":1},"f":{"0":0,"1":0,"2":0,"3":0,"4":0,"5":0,"6":0},"b":{}}
,"D:\\Assignment\\gadgethub_backend\\src\\services\\ai.service.ts": {"path":"D:\\Assignment\\gadgethub_backend\\src\\services\\ai.service.ts","statementMap":{"0":{"start":{"line":1,"column":0},"end":{"line":1,"column":44}},"1":{"start":{"line":2,"column":0},"end":{"line":2,"column":76}},"2":{"start":{"line":3,"column":0},"end":{"line":3,"column":78}},"3":{"start":{"line":4,"column":0},"end":{"line":4,"column":72}},"4":{"start":{"line":5,"column":0},"end":{"line":5,"column":74}},"5":{"start":{"line":6,"column":0},"end":{"line":6,"column":51}},"6":{"start":{"line":8,"column":0},"end":{"line":8,"column":61}},"7":{"start":{"line":9,"column":0},"end":{"line":9,"column":52}},"8":{"start":{"line":11,"column":26},"end":{"line":11,"column":54}},"9":{"start":{"line":12,"column":27},"end":{"line":12,"column":56}},"10":{"start":{"line":13,"column":24},"end":{"line":13,"column":50}},"11":{"start":{"line":14,"column":25},"end":{"line":14,"column":52}},"12":{"start":{"line":15,"column":23},"end":{"line":15,"column":43}},"13":{"start":{"line":17,"column":24},"end":{"line":17,"column":25}},"14":{"start":{"line":19,"column":4},"end":{"line":20,"column":66}},"15":{"start":{"line":39,"column":18},"end":{"line":43,"column":2}},"16":{"start":{"line":45,"column":22},"end":{"line":49,"column":74}},"17":{"start":{"line":51,"column":30},"end":{"line":57,"column":119}},"18":{"start":{"line":61,"column":8},"end":{"line":63,"column":9}},"19":{"start":{"line":62,"column":12},"end":{"line":62,"column":75}},"20":{"start":{"line":64,"column":8},"end":{"line":64,"column":59}},"21":{"start":{"line":68,"column":22},"end":{"line":68,"column":111}},"22":{"start":{"line":69,"column":8},"end":{"line":69,"column":37}},"23":{"start":{"line":69,"column":20},"end":{"line":69,"column":37}},"24":{"start":{"line":70,"column":22},"end":{"line":70,"column":56}},"25":{"start":{"line":71,"column":8},"end":{"line":71,"column":71}},"26":{"start":{"line":75,"column":8},"end":{"line":83,"column":10}},"27":{"start":{"line":81,"column":38},"end":{"line":81,"column":107}},"28":{"start":{"line":87,"column":26},"end":{"line":89,"column":23}},"29":{"start":{"line":88,"column":27},"end":{"line":88,"column":58}},"30":{"start":{"line":91,"column":8},"end":{"line":99,"column":24}},"31":{"start":{"line":103,"column":26},"end":{"line":105,"column":23}},"32":{"start":{"line":104,"column":27},"end":{"line":104,"column":58}},"33":{"start":{"line":107,"column":26},"end":{"line":109,"column":67}},"34":{"start":{"line":111,"column":8},"end":{"line":123,"column":21}},"35":{"start":{"line":127,"column":8},"end":{"line":127,"column":45}},"36":{"start":{"line":127,"column":35},"end":{"line":127,"column":45}},"37":{"start":{"line":128,"column":20},"end":{"line":128,"column":57}},"38":{"start":{"line":128,"column":40},"end":{"line":128,"column":56}},"39":{"start":{"line":129,"column":30},"end":{"line":129,"column":86}},"40":{"start":{"line":131,"column":8},"end":{"line":138,"column":11}},"41":{"start":{"line":132,"column":27},"end":{"line":132,"column":64}},"42":{"start":{"line":133,"column":12},"end":{"line":137,"column":14}},"43":{"start":{"line":142,"column":25},"end":{"line":142,"column":52}},"44":{"start":{"line":143,"column":25},"end":{"line":143,"column":54}},"45":{"start":{"line":145,"column":51},"end":{"line":147,"column":44}},"46":{"start":{"line":149,"column":28},"end":{"line":151,"column":55}},"47":{"start":{"line":150,"column":34},"end":{"line":150,"column":95}},"48":{"start":{"line":150,"column":55},"end":{"line":150,"column":94}},"49":{"start":{"line":151,"column":31},"end":{"line":151,"column":54}},"50":{"start":{"line":152,"column":25},"end":{"line":154,"column":49}},"51":{"start":{"line":153,"column":31},"end":{"line":153,"column":89}},"52":{"start":{"line":153,"column":52},"end":{"line":153,"column":88}},"53":{"start":{"line":154,"column":28},"end":{"line":154,"column":48}},"54":{"start":{"line":156,"column":27},"end":{"line":162,"column":10}},"55":{"start":{"line":164,"column":8},"end":{"line":166,"column":9}},"56":{"start":{"line":165,"column":12},"end":{"line":165,"column":70}},"57":{"start":{"line":168,"column":23},"end":{"line":168,"column":39}},"58":{"start":{"line":170,"column":27},"end":{"line":176,"column":20}},"59":{"start":{"line":175,"column":47},"end":{"line":175,"column":85}},"60":{"start":{"line":179,"column":8},"end":{"line":190,"column":9}},"61":{"start":{"line":180,"column":12},"end":{"line":187,"column":15}},"62":{"start":{"line":189,"column":12},"end":{"line":189,"column":82}},"63":{"start":{"line":192,"column":22},"end":{"line":192,"column":61}},"64":{"start":{"line":194,"column":36},"end":{"line":194,"column":72}},"65":{"start":{"line":195,"column":8},"end":{"line":195,"column":46}},"66":{"start":{"line":199,"column":26},"end":{"line":199,"column":84}},"67":{"start":{"line":201,"column":8},"end":{"line":203,"column":9}},"68":{"start":{"line":202,"column":12},"end":{"line":202,"column":108}},"69":{"start":{"line":205,"column":23},"end":{"line":205,"column":39}},"70":{"start":{"line":207,"column":27},"end":{"line":211,"column":20}},"71":{"start":{"line":210,"column":45},"end":{"line":210,"column":93}},"72":{"start":{"line":214,"column":8},"end":{"line":225,"column":9}},"73":{"start":{"line":215,"column":12},"end":{"line":222,"column":15}},"74":{"start":{"line":224,"column":12},"end":{"line":224,"column":82}},"75":{"start":{"line":227,"column":24},"end":{"line":227,"column":45}},"76":{"start":{"line":228,"column":8},"end":{"line":230,"column":9}},"77":{"start":{"line":229,"column":12},"end":{"line":229,"column":82}},"78":{"start":{"line":232,"column":8},"end":{"line":232,"column":27}},"79":{"start":{"line":59,"column":0},"end":{"line":59,"column":13}}},"fnMap":{"0":{"name":"(anonymous_0)","decl":{"start":{"line":60,"column":12},"end":{"line":60,"column":21}},"loc":{"start":{"line":60,"column":21},"end":{"line":65,"column":5}}},"1":{"name":"(anonymous_1)","decl":{"start":{"line":67,"column":12},"end":{"line":67,"column":25}},"loc":{"start":{"line":67,"column":41},"end":{"line":72,"column":5}}},"2":{"name":"(anonymous_2)","decl":{"start":{"line":74,"column":12},"end":{"line":74,"column":27}},"loc":{"start":{"line":74,"column":43},"end":{"line":84,"column":5}}},"3":{"name":"(anonymous_3)","decl":{"start":{"line":81,"column":28},"end":{"line":81,"column":29}},"loc":{"start":{"line":81,"column":38},"end":{"line":81,"column":107}}},"4":{"name":"(anonymous_4)","decl":{"start":{"line":86,"column":12},"end":{"line":86,"column":29}},"loc":{"start":{"line":86,"column":62},"end":{"line":100,"column":5}}},"5":{"name":"(anonymous_5)","decl":{"start":{"line":88,"column":17},"end":{"line":88,"column":18}},"loc":{"start":{"line":88,"column":27},"end":{"line":88,"column":58}}},"6":{"name":"(anonymous_6)","decl":{"start":{"line":102,"column":12},"end":{"line":102,"column":39}},"loc":{"start":{"line":102,"column":85},"end":{"line":124,"column":5}}},"7":{"name":"(anonymous_7)","decl":{"start":{"line":104,"column":17},"end":{"line":104,"column":18}},"loc":{"start":{"line":104,"column":27},"end":{"line":104,"column":58}}},"8":{"name":"(anonymous_8)","decl":{"start":{"line":126,"column":12},"end":{"line":126,"column":17}},"loc":{"start":{"line":126,"column":52},"end":{"line":139,"column":5}}},"9":{"name":"(anonymous_9)","decl":{"start":{"line":128,"column":33},"end":{"line":128,"column":34}},"loc":{"start":{"line":128,"column":40},"end":{"line":128,"column":56}}},"10":{"name":"(anonymous_10)","decl":{"start":{"line":131,"column":28},"end":{"line":131,"column":29}},"loc":{"start":{"line":131,"column":40},"end":{"line":138,"column":9}}},"11":{"name":"(anonymous_11)","decl":{"start":{"line":141,"column":4},"end":{"line":141,"column":9}},"loc":{"start":{"line":141,"column":30},"end":{"line":196,"column":5}}},"12":{"name":"(anonymous_12)","decl":{"start":{"line":150,"column":20},"end":{"line":150,"column":21}},"loc":{"start":{"line":150,"column":34},"end":{"line":150,"column":95}}},"13":{"name":"(anonymous_13)","decl":{"start":{"line":150,"column":48},"end":{"line":150,"column":49}},"loc":{"start":{"line":150,"column":55},"end":{"line":150,"column":94}}},"14":{"name":"(anonymous_14)","decl":{"start":{"line":151,"column":17},"end":{"line":151,"column":18}},"loc":{"start":{"line":151,"column":31},"end":{"line":151,"column":54}}},"15":{"name":"(anonymous_15)","decl":{"start":{"line":153,"column":20},"end":{"line":153,"column":21}},"loc":{"start":{"line":153,"column":31},"end":{"line":153,"column":89}}},"16":{"name":"(anonymous_16)","decl":{"start":{"line":153,"column":45},"end":{"line":153,"column":46}},"loc":{"start":{"line":153,"column":52},"end":{"line":153,"column":88}}},"17":{"name":"(anonymous_17)","decl":{"start":{"line":154,"column":17},"end":{"line":154,"column":18}},"loc":{"start":{"line":154,"column":28},"end":{"line":154,"column":48}}},"18":{"name":"(anonymous_18)","decl":{"start":{"line":175,"column":27},"end":{"line":175,"column":28}},"loc":{"start":{"line":175,"column":47},"end":{"line":175,"column":85}}},"19":{"name":"(anonymous_19)","decl":{"start":{"line":198,"column":4},"end":{"line":198,"column":9}},"loc":{"start":{"line":198,"column":46},"end":{"line":233,"column":5}}},"20":{"name":"(anonymous_20)","decl":{"start":{"line":210,"column":25},"end":{"line":210,"column":26}},"loc":{"start":{"line":210,"column":45},"end":{"line":210,"column":93}}}},"branchMap":{"0":{"loc":{"start":{"line":61,"column":8},"end":{"line":63,"column":9}},"type":"if","locations":[{"start":{"line":61,"column":8},"end":{"line":63,"column":9}},{"start":{},"end":{}}]},"1":{"loc":{"start":{"line":69,"column":8},"end":{"line":69,"column":37}},"type":"if","locations":[{"start":{"line":69,"column":8},"end":{"line":69,"column":37}},{"start":{},"end":{}}]},"2":{"loc":{"start":{"line":71,"column":15},"end":{"line":71,"column":70}},"type":"cond-expr","locations":[{"start":{"line":71,"column":53},"end":{"line":71,"column":58}},{"start":{"line":71,"column":61},"end":{"line":71,"column":70}}]},"3":{"loc":{"start":{"line":71,"column":15},"end":{"line":71,"column":50}},"type":"binary-expr","locations":[{"start":{"line":71,"column":15},"end":{"line":71,"column":37}},{"start":{"line":71,"column":41},"end":{"line":71,"column":50}}]},"4":{"loc":{"start":{"line":81,"column":38},"end":{"line":81,"column":107}},"type":"binary-expr","locations":[{"start":{"line":81,"column":38},"end":{"line":81,"column":53}},{"start":{"line":81,"column":57},"end":{"line":81,"column":77}},{"start":{"line":81,"column":81},"end":{"line":81,"column":107}}]},"5":{"loc":{"start":{"line":87,"column":27},"end":{"line":87,"column":55}},"type":"binary-expr","locations":[{"start":{"line":87,"column":27},"end":{"line":87,"column":49}},{"start":{"line":87,"column":53},"end":{"line":87,"column":55}}]},"6":{"loc":{"start":{"line":103,"column":27},"end":{"line":103,"column":55}},"type":"binary-expr","locations":[{"start":{"line":103,"column":27},"end":{"line":103,"column":49}},{"start":{"line":103,"column":53},"end":{"line":103,"column":55}}]},"7":{"loc":{"start":{"line":107,"column":26},"end":{"line":109,"column":67}},"type":"cond-expr","locations":[{"start":{"line":108,"column":14},"end":{"line":108,"column":162}},{"start":{"line":109,"column":14},"end":{"line":109,"column":67}}]},"8":{"loc":{"start":{"line":107,"column":26},"end":{"line":107,"column":95}},"type":"binary-expr","locations":[{"start":{"line":107,"column":26},"end":{"line":107,"column":47}},{"start":{"line":107,"column":51},"end":{"line":107,"column":95}}]},"9":{"loc":{"start":{"line":108,"column":137},"end":{"line":108,"column":158}},"type":"binary-expr","locations":[{"start":{"line":108,"column":137},"end":{"line":108,"column":153}},{"start":{"line":108,"column":157},"end":{"line":108,"column":158}}]},"10":{"loc":{"start":{"line":113,"column":22},"end":{"line":113,"column":60}},"type":"binary-expr","locations":[{"start":{"line":113,"column":22},"end":{"line":113,"column":41}},{"start":{"line":113,"column":45},"end":{"line":113,"column":60}}]},"11":{"loc":{"start":{"line":114,"column":25},"end":{"line":114,"column":66}},"type":"binary-expr","locations":[{"start":{"line":114,"column":25},"end":{"line":114,"column":47}},{"start":{"line":114,"column":51},"end":{"line":114,"column":66}}]},"12":{"loc":{"start":{"line":115,"column":20},"end":{"line":115,"column":50}},"type":"binary-expr","locations":[{"start":{"line":115,"column":20},"end":{"line":115,"column":31}},{"start":{"line":115,"column":35},"end":{"line":115,"column":50}}]},"13":{"loc":{"start":{"line":117,"column":23},"end":{"line":117,"column":131}},"type":"cond-expr","locations":[{"start":{"line":117,"column":50},"end":{"line":117,"column":112}},{"start":{"line":117,"column":115},"end":{"line":117,"column":131}}]},"14":{"loc":{"start":{"line":119,"column":23},"end":{"line":119,"column":56}},"type":"binary-expr","locations":[{"start":{"line":119,"column":23},"end":{"line":119,"column":37}},{"start":{"line":119,"column":41},"end":{"line":119,"column":56}}]},"15":{"loc":{"start":{"line":120,"column":27},"end":{"line":120,"column":64}},"type":"binary-expr","locations":[{"start":{"line":120,"column":27},"end":{"line":120,"column":45}},{"start":{"line":120,"column":49},"end":{"line":120,"column":64}}]},"16":{"loc":{"start":{"line":121,"column":25},"end":{"line":121,"column":60}},"type":"binary-expr","locations":[{"start":{"line":121,"column":25},"end":{"line":121,"column":41}},{"start":{"line":121,"column":45},"end":{"line":121,"column":60}}]},"17":{"loc":{"start":{"line":122,"column":12},"end":{"line":122,"column":89}},"type":"cond-expr","locations":[{"start":{"line":122,"column":24},"end":{"line":122,"column":55}},{"start":{"line":122,"column":58},"end":{"line":122,"column":89}}]},"18":{"loc":{"start":{"line":127,"column":8},"end":{"line":127,"column":45}},"type":"if","locations":[{"start":{"line":127,"column":8},"end":{"line":127,"column":45}},{"start":{},"end":{}}]},"19":{"loc":{"start":{"line":135,"column":31},"end":{"line":135,"column":86}},"type":"cond-expr","locations":[{"start":{"line":135,"column":40},"end":{"line":135,"column":82}},{"start":{"line":135,"column":85},"end":{"line":135,"column":86}}]},"20":{"loc":{"start":{"line":136,"column":30},"end":{"line":136,"column":55}},"type":"binary-expr","locations":[{"start":{"line":136,"column":30},"end":{"line":136,"column":50}},{"start":{"line":136,"column":54},"end":{"line":136,"column":55}}]},"21":{"loc":{"start":{"line":145,"column":51},"end":{"line":147,"column":44}},"type":"cond-expr","locations":[{"start":{"line":146,"column":14},"end":{"line":146,"column":102}},{"start":{"line":147,"column":14},"end":{"line":147,"column":44}}]},"22":{"loc":{"start":{"line":164,"column":8},"end":{"line":166,"column":9}},"type":"if","locations":[{"start":{"line":164,"column":8},"end":{"line":166,"column":9}},{"start":{},"end":{}}]},"23":{"loc":{"start":{"line":192,"column":22},"end":{"line":192,"column":61}},"type":"binary-expr","locations":[{"start":{"line":192,"column":22},"end":{"line":192,"column":43}},{"start":{"line":192,"column":47},"end":{"line":192,"column":61}}]},"24":{"loc":{"start":{"line":201,"column":8},"end":{"line":203,"column":9}},"type":"if","locations":[{"start":{"line":201,"column":8},"end":{"line":203,"column":9}},{"start":{},"end":{}}]},"25":{"loc":{"start":{"line":228,"column":8},"end":{"line":230,"column":9}},"type":"if","locations":[{"start":{"line":228,"column":8},"end":{"line":230,"column":9}},{"start":{},"end":{}}]}},"s":{"0":1,"1":1,"2":1,"3":1,"4":1,"5":1,"6":1,"7":1,"8":1,"9":1,"10":1,"11":1,"12":1,"13":1,"14":1,"15":1,"16":1,"17":1,"18":0,"19":0,"20":0,"21":2,"22":2,"23":1,"24":1,"25":1,"26":2,"27":18,"28":0,"29":0,"30":0,"31":0,"32":0,"33":0,"34":0,"35":0,"36":0,"37":0,"38":0,"39":0,"40":0,"41":0,"42":0,"43":0,"44":0,"45":0,"46":0,"47":0,"48":0,"49":0,"50":0,"51":0,"52":0,"53":0,"54":0,"55":0,"56":0,"57":0,"58":0,"59":0,"60":0,"61":0,"62":0,"63":0,"64":0,"65":0,"66":0,"67":0,"68":0,"69":0,"70":0,"71":0,"72":0,"73":0,"74":0,"75":0,"76":0,"77":0,"78":0,"79":1},"f":{"0":0,"1":2,"2":2,"3":18,"4":0,"5":0,"6":0,"7":0,"8":0,"9":0,"10":0,"11":0,"12":0,"13":0,"14":0,"15":0,"16":0,"17":0,"18":0,"19":0,"20":0},"b":{"0":[0,0],"1":[1,1],"2":[1,0],"3":[1,1],"4":[18,12,5],"5":[0,0],"6":[0,0],"7":[0,0],"8":[0,0],"9":[0,0],"10":[0,0],"11":[0,0],"12":[0,0],"13":[0,0],"14":[0,0],"15":[0,0],"16":[0,0],"17":[0,0],"18":[0,0],"19":[0,0],"20":[0,0],"21":[0,0],"22":[0,0],"23":[0,0],"24":[0,0],"25":[0,0]}}
,"D:\\Assignment\\gadgethub_backend\\src\\services\\esewa.service.ts": {"path":"D:\\Assignment\\gadgethub_backend\\src\\services\\esewa.service.ts","statementMap":{"0":{"start":{"line":1,"column":0},"end":{"line":1,"column":28}},"1":{"start":{"line":2,"column":0},"end":{"line":2,"column":null}},"2":{"start":{"line":37,"column":23},"end":{"line":40,"column":1}},"3":{"start":{"line":38,"column":20},"end":{"line":38,"column":90}},"4":{"start":{"line":38,"column":52},"end":{"line":38,"column":79}},"5":{"start":{"line":39,"column":4},"end":{"line":39,"column":90}},"6":{"start":{"line":42,"column":15},"end":{"line":42,"column":71}},"7":{"start":{"line":42,"column":42},"end":{"line":42,"column":71}},"8":{"start":{"line":47,"column":33},"end":{"line":47,"column":126}},"9":{"start":{"line":47,"column":82},"end":{"line":47,"column":126}},"10":{"start":{"line":47,"column":13},"end":{"line":47,"column":33}},"11":{"start":{"line":60,"column":33},"end":{"line":60,"column":85}},"12":{"start":{"line":61,"column":23},"end":{"line":61,"column":44}},"13":{"start":{"line":62,"column":31},"end":{"line":62,"column":57}},"14":{"start":{"line":63,"column":28},"end":{"line":63,"column":80}},"15":{"start":{"line":65,"column":47},"end":{"line":76,"column":10}},"16":{"start":{"line":77,"column":8},"end":{"line":77,"column":68}},"17":{"start":{"line":79,"column":8},"end":{"line":79,"column":57}},"18":{"start":{"line":87,"column":8},"end":{"line":98,"column":9}},"19":{"start":{"line":88,"column":28},"end":{"line":88,"column":113}},"20":{"start":{"line":89,"column":12},"end":{"line":89,"column":80}},"21":{"start":{"line":89,"column":68},"end":{"line":89,"column":80}},"22":{"start":{"line":91,"column":37},"end":{"line":91,"column":74}},"23":{"start":{"line":92,"column":38},"end":{"line":92,"column":79}},"24":{"start":{"line":93,"column":12},"end":{"line":93,"column":69}},"25":{"start":{"line":93,"column":57},"end":{"line":93,"column":69}},"26":{"start":{"line":95,"column":12},"end":{"line":95,"column":27}},"27":{"start":{"line":97,"column":12},"end":{"line":97,"column":24}},"28":{"start":{"line":102,"column":22},"end":{"line":106,"column":10}},"29":{"start":{"line":108,"column":8},"end":{"line":114,"column":9}},"30":{"start":{"line":109,"column":29},"end":{"line":109,"column":89}},"31":{"start":{"line":110,"column":12},"end":{"line":110,"column":42}},"32":{"start":{"line":110,"column":30},"end":{"line":110,"column":42}},"33":{"start":{"line":111,"column":12},"end":{"line":111,"column":65}},"34":{"start":{"line":113,"column":12},"end":{"line":113,"column":24}},"35":{"start":{"line":49,"column":0},"end":{"line":49,"column":13}}},"fnMap":{"0":{"name":"(anonymous_1)","decl":{"start":{"line":37,"column":23},"end":{"line":37,"column":24}},"loc":{"start":{"line":37,"column":103},"end":{"line":40,"column":1}}},"1":{"name":"(anonymous_2)","decl":{"start":{"line":38,"column":41},"end":{"line":38,"column":42}},"loc":{"start":{"line":38,"column":52},"end":{"line":38,"column":79}}},"2":{"name":"(anonymous_3)","decl":{"start":{"line":42,"column":15},"end":{"line":42,"column":16}},"loc":{"start":{"line":42,"column":42},"end":{"line":42,"column":71}}},"3":{"name":"(anonymous_4)","decl":{"start":{"line":47,"column":33},"end":{"line":47,"column":34}},"loc":{"start":{"line":47,"column":82},"end":{"line":47,"column":126}}},"4":{"name":"(anonymous_5)","decl":{"start":{"line":59,"column":4},"end":{"line":59,"column":20}},"loc":{"start":{"line":59,"column":110},"end":{"line":80,"column":5}}},"5":{"name":"(anonymous_6)","decl":{"start":{"line":86,"column":4},"end":{"line":86,"column":22}},"loc":{"start":{"line":86,"column":41},"end":{"line":99,"column":5}}},"6":{"name":"(anonymous_7)","decl":{"start":{"line":101,"column":4},"end":{"line":101,"column":9}},"loc":{"start":{"line":101,"column":84},"end":{"line":115,"column":5}}}},"branchMap":{"0":{"loc":{"start":{"line":89,"column":12},"end":{"line":89,"column":80}},"type":"if","locations":[{"start":{"line":89,"column":12},"end":{"line":89,"column":80}},{"start":{},"end":{}}]},"1":{"loc":{"start":{"line":89,"column":16},"end":{"line":89,"column":66}},"type":"binary-expr","locations":[{"start":{"line":89,"column":16},"end":{"line":89,"column":44}},{"start":{"line":89,"column":48},"end":{"line":89,"column":66}}]},"2":{"loc":{"start":{"line":93,"column":12},"end":{"line":93,"column":69}},"type":"if","locations":[{"start":{"line":93,"column":12},"end":{"line":93,"column":69}},{"start":{},"end":{}}]},"3":{"loc":{"start":{"line":110,"column":12},"end":{"line":110,"column":42}},"type":"if","locations":[{"start":{"line":110,"column":12},"end":{"line":110,"column":42}},{"start":{},"end":{}}]}},"s":{"0":1,"1":1,"2":1,"3":4,"4":12,"5":4,"6":1,"7":16,"8":1,"9":4,"10":1,"11":2,"12":2,"13":2,"14":2,"15":2,"16":2,"17":2,"18":3,"19":3,"20":2,"21":0,"22":2,"23":2,"24":2,"25":1,"26":1,"27":1,"28":0,"29":0,"30":0,"31":0,"32":0,"33":0,"34":0,"35":1},"f":{"0":4,"1":12,"2":16,"3":4,"4":2,"5":3,"6":0},"b":{"0":[0,2],"1":[2,2],"2":[1,1],"3":[0,0]}}
,"D:\\Assignment\\gadgethub_backend\\src\\services\\notification.service.ts": {"path":"D:\\Assignment\\gadgethub_backend\\src\\services\\notification.service.ts","statementMap":{"0":{"start":{"line":1,"column":0},"end":{"line":1,"column":111}},"1":{"start":{"line":5,"column":0},"end":{"line":5,"column":61}},"2":{"start":{"line":7,"column":31},"end":{"line":7,"column":64}},"3":{"start":{"line":11,"column":8},"end":{"line":18,"column":11}},"4":{"start":{"line":22,"column":8},"end":{"line":30,"column":11}},"5":{"start":{"line":34,"column":8},"end":{"line":41,"column":11}},"6":{"start":{"line":48,"column":8},"end":{"line":50,"column":9}},"7":{"start":{"line":49,"column":12},"end":{"line":49,"column":53}},"8":{"start":{"line":54,"column":8},"end":{"line":56,"column":75}},"9":{"start":{"line":60,"column":8},"end":{"line":62,"column":70}},"10":{"start":{"line":66,"column":29},"end":{"line":66,"column":69}},"11":{"start":{"line":67,"column":8},"end":{"line":69,"column":9}},"12":{"start":{"line":68,"column":12},"end":{"line":68,"column":67}},"13":{"start":{"line":71,"column":32},"end":{"line":73,"column":95}},"14":{"start":{"line":75,"column":8},"end":{"line":77,"column":9}},"15":{"start":{"line":76,"column":12},"end":{"line":76,"column":67}},"16":{"start":{"line":79,"column":24},"end":{"line":79,"column":65}},"17":{"start":{"line":80,"column":8},"end":{"line":82,"column":9}},"18":{"start":{"line":81,"column":12},"end":{"line":81,"column":74}},"19":{"start":{"line":83,"column":8},"end":{"line":83,"column":23}},"20":{"start":{"line":87,"column":8},"end":{"line":91,"column":9}},"21":{"start":{"line":88,"column":12},"end":{"line":88,"column":63}},"22":{"start":{"line":90,"column":12},"end":{"line":90,"column":68}},"23":{"start":{"line":9,"column":0},"end":{"line":9,"column":13}}},"fnMap":{"0":{"name":"(anonymous_0)","decl":{"start":{"line":10,"column":4},"end":{"line":10,"column":9}},"loc":{"start":{"line":10,"column":47},"end":{"line":19,"column":5}}},"1":{"name":"(anonymous_1)","decl":{"start":{"line":21,"column":4},"end":{"line":21,"column":9}},"loc":{"start":{"line":21,"column":68},"end":{"line":31,"column":5}}},"2":{"name":"(anonymous_2)","decl":{"start":{"line":33,"column":4},"end":{"line":33,"column":9}},"loc":{"start":{"line":33,"column":48},"end":{"line":42,"column":5}}},"3":{"name":"(anonymous_3)","decl":{"start":{"line":47,"column":4},"end":{"line":47,"column":9}},"loc":{"start":{"line":47,"column":80},"end":{"line":51,"column":5}}},"4":{"name":"(anonymous_4)","decl":{"start":{"line":53,"column":4},"end":{"line":53,"column":9}},"loc":{"start":{"line":53,"column":90},"end":{"line":57,"column":5}}},"5":{"name":"(anonymous_5)","decl":{"start":{"line":59,"column":4},"end":{"line":59,"column":9}},"loc":{"start":{"line":59,"column":57},"end":{"line":63,"column":5}}},"6":{"name":"(anonymous_6)","decl":{"start":{"line":65,"column":4},"end":{"line":65,"column":9}},"loc":{"start":{"line":65,"column":65},"end":{"line":84,"column":5}}},"7":{"name":"(anonymous_7)","decl":{"start":{"line":86,"column":4},"end":{"line":86,"column":9}},"loc":{"start":{"line":86,"column":56},"end":{"line":92,"column":5}}}},"branchMap":{"0":{"loc":{"start":{"line":37,"column":19},"end":{"line":37,"column":91}},"type":"cond-expr","locations":[{"start":{"line":37,"column":49},"end":{"line":37,"column":71}},{"start":{"line":37,"column":74},"end":{"line":37,"column":91}}]},"1":{"loc":{"start":{"line":38,"column":73},"end":{"line":38,"column":111}},"type":"cond-expr","locations":[{"start":{"line":38,"column":103},"end":{"line":38,"column":105}},{"start":{"line":38,"column":108},"end":{"line":38,"column":111}}]},"2":{"loc":{"start":{"line":48,"column":8},"end":{"line":50,"column":9}},"type":"if","locations":[{"start":{"line":48,"column":8},"end":{"line":50,"column":9}},{"start":{},"end":{}}]},"3":{"loc":{"start":{"line":48,"column":12},"end":{"line":48,"column":107}},"type":"binary-expr","locations":[{"start":{"line":48,"column":12},"end":{"line":48,"column":62}},{"start":{"line":48,"column":66},"end":{"line":48,"column":107}}]},"4":{"loc":{"start":{"line":54,"column":15},"end":{"line":56,"column":74}},"type":"cond-expr","locations":[{"start":{"line":55,"column":14},"end":{"line":55,"column":67}},{"start":{"line":56,"column":14},"end":{"line":56,"column":74}}]},"5":{"loc":{"start":{"line":60,"column":15},"end":{"line":62,"column":69}},"type":"cond-expr","locations":[{"start":{"line":61,"column":14},"end":{"line":61,"column":64}},{"start":{"line":62,"column":14},"end":{"line":62,"column":69}}]},"6":{"loc":{"start":{"line":67,"column":8},"end":{"line":69,"column":9}},"type":"if","locations":[{"start":{"line":67,"column":8},"end":{"line":69,"column":9}},{"start":{},"end":{}}]},"7":{"loc":{"start":{"line":71,"column":32},"end":{"line":73,"column":95}},"type":"cond-expr","locations":[{"start":{"line":72,"column":14},"end":{"line":72,"column":47}},{"start":{"line":73,"column":14},"end":{"line":73,"column":95}}]},"8":{"loc":{"start":{"line":73,"column":14},"end":{"line":73,"column":95}},"type":"binary-expr","locations":[{"start":{"line":73,"column":14},"end":{"line":73,"column":46}},{"start":{"line":73,"column":50},"end":{"line":73,"column":95}}]},"9":{"loc":{"start":{"line":75,"column":8},"end":{"line":77,"column":9}},"type":"if","locations":[{"start":{"line":75,"column":8},"end":{"line":77,"column":9}},{"start":{},"end":{}}]},"10":{"loc":{"start":{"line":80,"column":8},"end":{"line":82,"column":9}},"type":"if","locations":[{"start":{"line":80,"column":8},"end":{"line":82,"column":9}},{"start":{},"end":{}}]},"11":{"loc":{"start":{"line":87,"column":8},"end":{"line":91,"column":9}},"type":"if","locations":[{"start":{"line":87,"column":8},"end":{"line":91,"column":9}},{"start":{"line":89,"column":15},"end":{"line":91,"column":9}}]}},"s":{"0":1,"1":1,"2":1,"3":0,"4":0,"5":1,"6":2,"7":1,"8":0,"9":0,"10":2,"11":2,"12":0,"13":2,"14":2,"15":1,"16":1,"17":1,"18":0,"19":1,"20":0,"21":0,"22":0,"23":1},"f":{"0":0,"1":0,"2":1,"3":2,"4":0,"5":0,"6":2,"7":0},"b":{"0":[0,1],"1":[0,1],"2":[1,1],"3":[2,2],"4":[0,0],"5":[0,0],"6":[0,2],"7":[0,2],"8":[2,2],"9":[1,1],"10":[0,1],"11":[0,0]}}
,"D:\\Assignment\\gadgethub_backend\\src\\services\\order.service.ts": {"path":"D:\\Assignment\\gadgethub_backend\\src\\services\\order.service.ts","statementMap":{"0":{"start":{"line":1,"column":0},"end":{"line":1,"column":28}},"1":{"start":{"line":3,"column":0},"end":{"line":3,"column":105}},"2":{"start":{"line":4,"column":0},"end":{"line":4,"column":70}},"3":{"start":{"line":5,"column":0},"end":{"line":5,"column":76}},"4":{"start":{"line":6,"column":0},"end":{"line":6,"column":93}},"5":{"start":{"line":7,"column":0},"end":{"line":7,"column":91}},"6":{"start":{"line":8,"column":0},"end":{"line":8,"column":89}},"7":{"start":{"line":9,"column":0},"end":{"line":9,"column":61}},"8":{"start":{"line":10,"column":0},"end":{"line":10,"column":70}},"9":{"start":{"line":11,"column":0},"end":{"line":11,"column":67}},"10":{"start":{"line":15,"column":0},"end":{"line":15,"column":61}},"11":{"start":{"line":18,"column":24},"end":{"line":18,"column":50}},"12":{"start":{"line":19,"column":23},"end":{"line":19,"column":48}},"13":{"start":{"line":20,"column":26},"end":{"line":20,"column":54}},"14":{"start":{"line":21,"column":34},"end":{"line":21,"column":70}},"15":{"start":{"line":22,"column":33},"end":{"line":22,"column":68}},"16":{"start":{"line":23,"column":32},"end":{"line":23,"column":66}},"17":{"start":{"line":24,"column":28},"end":{"line":24,"column":53}},"18":{"start":{"line":25,"column":32},"end":{"line":25,"column":61}},"19":{"start":{"line":30,"column":32},"end":{"line":42,"column":2}},"20":{"start":{"line":30,"column":87},"end":{"line":42,"column":2}},"21":{"start":{"line":44,"column":41},"end":{"line":44,"column":67}},"22":{"start":{"line":52,"column":63},"end":{"line":55,"column":2}},"23":{"start":{"line":74,"column":28},"end":{"line":82,"column":1}},"24":{"start":{"line":76,"column":17},"end":{"line":76,"column":21}},"25":{"start":{"line":77,"column":4},"end":{"line":80,"column":21}},"26":{"start":{"line":78,"column":8},"end":{"line":78,"column":83}},"27":{"start":{"line":79,"column":8},"end":{"line":79,"column":72}},"28":{"start":{"line":81,"column":4},"end":{"line":81,"column":23}},"29":{"start":{"line":86,"column":29},"end":{"line":86,"column":97}},"30":{"start":{"line":87,"column":8},"end":{"line":89,"column":9}},"31":{"start":{"line":88,"column":12},"end":{"line":88,"column":71}},"32":{"start":{"line":94,"column":31},"end":{"line":96,"column":18}},"33":{"start":{"line":97,"column":8},"end":{"line":99,"column":9}},"34":{"start":{"line":98,"column":12},"end":{"line":98,"column":70}},"35":{"start":{"line":101,"column":21},"end":{"line":101,"column":60}},"36":{"start":{"line":102,"column":8},"end":{"line":104,"column":9}},"37":{"start":{"line":103,"column":12},"end":{"line":103,"column":63}},"38":{"start":{"line":106,"column":22},"end":{"line":106,"column":24}},"39":{"start":{"line":107
[...]
2":{"start":{"line":4,"column":16},"end":{"line":9,"column":2}},"3":{"start":{"line":11,"column":13},"end":{"line":11,"column":22}},"4":{"start":{"line":12,"column":14},"end":{"line":12,"column":23}},"5":{"start":{"line":13,"column":14},"end":{"line":13,"column":23}},"6":{"start":{"line":15,"column":19},"end":{"line":16,"column":88}},"7":{"start":{"line":16,"column":4},"end":{"line":16,"column":88}},"8":{"start":{"line":18,"column":30},"end":{"line":18,"column":115}},"9":{"start":{"line":18,"column":68},"end":{"line":18,"column":115}},"10":{"start":{"line":18,"column":13},"end":{"line":18,"column":30}},"11":{"start":{"line":20,"column":25},"end":{"line":20,"column":91}},"12":{"start":{"line":20,"column":50},"end":{"line":20,"column":91}},"13":{"start":{"line":23,"column":16},"end":{"line":23,"column":59}},"14":{"start":{"line":24,"column":17},"end":{"line":24,"column":79}},"15":{"start":{"line":25,"column":22},"end":{"line":25,"column":85}},"16":{"start":{"line":26,"column":17},"end":{"line":26,"column":38}},"17":{"start":{"line":28,"column":17},"end":{"line":32,"column":5}},"18":{"start":{"line":29,"column":8},"end":{"line":29,"column":26}},"19":{"start":{"line":30,"column":8},"end":{"line":30,"column":109}},"20":{"start":{"line":31,"column":8},"end":{"line":31,"column":26}},"21":{"start":{"line":34,"column":16},"end":{"line":41,"column":5}},"22":{"start":{"line":35,"column":8},"end":{"line":35,"column":110}},"23":{"start":{"line":36,"column":8},"end":{"line":39,"column":45}},"24":{"start":{"line":40,"column":8},"end":{"line":40,"column":30}},"25":{"start":{"line":44,"column":4},"end":{"line":44,"column":100}},"26":{"start":{"line":45,"column":4},"end":{"line":45,"column":55}},"27":{"start":{"line":46,"column":4},"end":{"line":46,"column":51}},"28":{"start":{"line":47,"column":4},"end":{"line":47,"column":77}},"29":{"start":{"line":48,"column":4},"end":{"line":48,"column":11}},"30":{"start":{"line":51,"column":4},"end":{"line":51,"column":63}},"31":{"start":{"line":52,"column":4},"end":{"line":52,"column":43}},"32":{"start":{"line":53,"column":4},"end":{"line":53,"column":48}},"33":{"start":{"line":54,"column":4},"end":{"line":54,"column":11}},"34":{"start":{"line":57,"column":4},"end":{"line":57,"column":43}},"35":{"start":{"line":58,"column":4},"end":{"line":58,"column":37}},"36":{"start":{"line":59,"column":4},"end":{"line":59,"column":52}},"37":{"start":{"line":60,"column":4},"end":{"line":60,"column":76}},"38":{"start":{"line":61,"column":4},"end":{"line":68,"column":6}},"39":{"start":{"line":69,"column":4},"end":{"line":69,"column":11}},"40":{"start":{"line":72,"column":23},"end":{"line":72,"column":27}},"41":{"start":{"line":73,"column":19},"end":{"line":73,"column":41}},"42":{"start":{"line":74,"column":21},"end":{"line":74,"column":43}},"43":{"start":{"line":75,"column":21},"end":{"line":75,"column":26}},"44":{"start":{"line":77,"column":4},"end":{"line":77,"column":61}},"45":{"start":{"line":78,"column":4},"end":{"line":78,"column":83}},"46":{"start":{"line":79,"column":4},"end":{"line":79,"column":69}},"47":{"start":{"line":80,"column":4},"end":{"line":80,"column":98}},"48":{"start":{"line":81,"column":4},"end":{"line":81,"column":26}},"49":{"start":{"line":82,"column":4},"end":{"line":82,"column":22}},"50":{"start":{"line":83,"column":4},"end":{"line":83,"column":92}},"51":{"start":{"line":84,"column":4},"end":{"line":84,"column":22}},"52":{"start":{"line":86,"column":4},"end":{"line":95,"column":5}},"53":{"start":{"line":87,"column":18},"end":{"line":87,"column":23}},"54":{"start":{"line":88,"column":8},"end":{"line":88,"column":110}},"55":{"start":{"line":89,"column":8},"end":{"line":89,"column":82}},"56":{"start":{"line":90,"column":8},"end":{"line":93,"column":11}},"57":{"start":{"line":94,"column":8},"end":{"line":94,"column":26}},"58":{"start":{"line":96,"column":4},"end":{"line":96,"column":11}},"59":{"start":{"line":99,"column":4},"end":{"line":99,"column":68}},"60":{"start":{"line":100,"column":4},"end":{"line":100,"column":106}},"61":{"start":{"line":101,"column":4},"end":{"line":101,"column":22}},"62":{"start":{"line":102,"column":4},"end":{"line":102,"column":84}},"63":{"start":{"line":103,"column":4},"end":{"line":103,"column":11}},"64":{"start":{"line":106,"column":4},"end":{"line":106,"column":88}},"65":{"start":{"line":107,"column":4},"end":{"line":107,"column":47}},"66":{"start":{"line":108,"column":4},"end":{"line":110,"column":5}},"67":{"start":{"line":109,"column":8},"end":{"line":109,"column":51}},"68":{"start":{"line":111,"column":4},"end":{"line":111,"column":11}},"69":{"start":{"line":114,"column":4},"end":{"line":114,"column":20}},"70":{"start":{"line":115,"column":4},"end":{"line":115,"column":129}},"71":{"start":{"line":116,"column":4},"end":{"line":116,"column":69}},"72":{"start":{"line":117,"column":4},"end":{"line":117,"column":103}},"73":{"start":{"line":119,"column":4},"end":{"line":119,"column":15}}},"fnMap":{"0":{"name":"(anonymous_1)","decl":{"start":{"line":15,"column":19},"end":{"line":15,"column":20}},"loc":{"start":{"line":16,"column":4},"end":{"line":16,"column":88}}},"1":{"name":"(anonymous_2)","decl":{"start":{"line":18,"column":30},"end":{"line":18,"column":31}},"loc":{"start":{"line":18,"column":68},"end":{"line":18,"column":115}}},"2":{"name":"(anonymous_3)","decl":{"start":{"line":20,"column":25},"end":{"line":20,"column":26}},"loc":{"start":{"line":20,"column":50},"end":{"line":20,"column":91}}},"3":{"name":"generateInvoicePdf","decl":{"start":{"line":22,"column":16},"end":{"line":22,"column":34}},"loc":{"start":{"line":22,"column":48},"end":{"line":120,"column":1}}},"4":{"name":"(anonymous_5)","decl":{"start":{"line":28,"column":17},"end":{"line":28,"column":20}},"loc":{"start":{"line":28,"column":22},"end":{"line":32,"column":5}}},"5":{"name":"(anonymous_6)","decl":{"start":{"line":34,"column":16},"end":{"line":34,"column":17}},"loc":{"start":{"line":34,"column":76},"end":{"line":41,"column":5}}}},"branchMap":{"0":{"loc":{"start":{"line":37,"column":23},"end":{"line":37,"column":49}},"type":"cond-expr","locations":[{"start":{"line":37,"column":36},"end":{"line":37,"column":41}},{"start":{"line":37,"column":44},"end":{"line":37,"column":49}}]},"1":{"loc":{"start":{"line":38,"column":18},"end":{"line":38,"column":61}},"type":"cond-expr","locations":[{"start":{"line":38,"column":31},"end":{"line":38,"column":47}},{"start":{"line":38,"column":50},"end":{"line":38,"column":61}}]},"2":{"loc":{"start":{"line":57,"column":20},"end":{"line":57,"column":41}},"type":"binary-expr","locations":[{"start":{"line":57,"column":20},"end":{"line":57,"column":34}},{"start":{"line":57,"column":38},"end":{"line":57,"column":41}}]},"3":{"loc":{"start":{"line":58,"column":17},"end":{"line":58,"column":35}},"type":"binary-expr","locations":[{"start":{"line":58,"column":17},"end":{"line":58,"column":28}},{"start":{"line":58,"column":32},"end":{"line":58,"column":35}}]},"4":{"loc":{"start":{"line":100,"column":20},"end":{"line":100,"column":104}},"type":"cond-expr","locations":[{"start":{"line":100,"column":46},"end":{"line":100,"column":52}},{"start":{"line":100,"column":55},"end":{"line":100,"column":104}}]},"5":{"loc":{"start":{"line":106,"column":26},"end":{"line":106,"column":86}},"type":"cond-expr","locations":[{"start":{"line":106,"column":58},"end":{"line":106,"column":76}},{"start":{"line":106,"column":79},"end":{"line":106,"column":86}}]},"6":{"loc":{"start":{"line":108,"column":4},"end":{"line":110,"column":5}},"type":"if","locations":[{"start":{"line":108,"column":4},"end":{"line":110,"column":5}},{"start":{},"end":{}}]}},"s":{"0":1,"1":1,"2":1,"3":1,"4":1,"5":1,"6":1,"7":0,"8":1,"9":2,"10":1,"11":1,"12":0,"13":0,"14":0,"15":0,"16":0,"17":0,"18":0,"19":0,"20":0,"21":0,"22":0,"23":0,"24":0,"25":0,"26":0,"27":0,"28":0,"29":0,"30":0,"31":0,"32":0,"33":0,"34":0,"35":0,"36":0,"37":0,"38":0,"39":0,"40":0,"41":0,"42":0,"43":0,"44":0,"45":0,"46":0,"47":0,"48":0,"49":0,"50":0,"51":0,"52":0,"53":0,"54":0,"55":0,"56":0,"57":0,"58":0,"59":0,"60":0,"61":0,"62":0,"63":0,"64":0,"65":0,"66":0,"67":0,"68":0,"69":0,"70":0,"71":0,"72":0,"73":0},"f":{"0":0,"1":2,"2":0,"3":0,"4":0,"5":0},"b":{"0":[0,0],"1":[0,0],"2":[0,0],"3":[0,0],"4":[0,0],"5":[0,0],"6":[0,0]}}
,"D:\\Assignment\\gadgethub_backend\\src\\utils\\mailer.util.ts": {"path":"D:\\Assignment\\gadgethub_backend\\src\\utils\\mailer.util.ts","statementMap":{"0":{"start":{"line":11,"column":0},"end":{"line":11,"column":7}},"1":{"start":{"line":1,"column":0},"end":{"line":1,"column":36}},"2":{"start":{"line":2,"column":0},"end":{"line":2,"column":92}},"3":{"start":{"line":4,"column":20},"end":{"line":9,"column":2}},"4":{"start":{"line":12,"column":4},"end":{"line":16,"column":5}},"5":{"start":{"line":14,"column":8},"end":{"line":14,"column":89}},"6":{"start":{"line":15,"column":8},"end":{"line":15,"column":15}},"7":{"start":{"line":18,"column":4},"end":{"line":34,"column":7}}},"fnMap":{"0":{"name":"sendPasswordResetOtpEmail","decl":{"start":{"line":11,"column":22},"end":{"line":11,"column":47}},"loc":{"start":{"line":11,"column":89},"end":{"line":35,"column":1}}}},"branchMap":{"0":{"loc":{"start":{"line":8,"column":10},"end":{"line":8,"column":70}},"type":"cond-expr","locations":[{"start":{"line":8,"column":22},"end":{"line":8,"column":58}},{"start":{"line":8,"column":61},"end":{"line":8,"column":70}}]},"1":{"loc":{"start":{"line":12,"column":4},"end":{"line":16,"column":5}},"type":"if","locations":[{"start":{"line":12,"column":4},"end":{"line":16,"column":5}},{"start":{},"end":{}}]},"2":{"loc":{"start":{"line":12,"column":8},"end":{"line":12,"column":32}},"type":"binary-expr","locations":[{"start":{"line":12,"column":8},"end":{"line":12,"column":18}},{"start":{"line":12,"column":22},"end":{"line":12,"column":32}}]}},"s":{"0":1,"1":1,"2":1,"3":1,"4":0,"5":0,"6":0,"7":0},"f":{"0":0},"b":{"0":[1,0],"1":[0,0],"2":[0,0]}}
,"D:\\Assignment\\gadgethub_backend\\src\\utils\\object.util.ts": {"path":"D:\\Assignment\\gadgethub_backend\\src\\utils\\object.util.ts","statementMap":{"0":{"start":{"line":1,"column":30},"end":{"line":3,"column":null}},"1":{"start":{"line":2,"column":4},"end":{"line":3,"column":null}},"2":{"start":{"line":3,"column":50},"end":{"line":3,"column":69}},"3":{"start":{"line":1,"column":13},"end":{"line":1,"column":30}}},"fnMap":{"0":{"name":"(anonymous_0)","decl":{"start":{"line":1,"column":30},"end":{"line":1,"column":62}},"loc":{"start":{"line":2,"column":4},"end":{"line":3,"column":null}}},"1":{"name":"(anonymous_1)","decl":{"start":{"line":3,"column":35},"end":{"line":3,"column":36}},"loc":{"start":{"line":3,"column":50},"end":{"line":3,"column":69}}}},"branchMap":{},"s":{"0":3,"1":3,"2":6,"3":3},"f":{"0":3,"1":6},"b":{}}
,"D:\\Assignment\\gadgethub_backend\\src\\utils\\query.util.ts": {"path":"D:\\Assignment\\gadgethub_backend\\src\\utils\\query.util.ts","statementMap":{"0":{"start":{"line":10,"column":31},"end":{"line":14,"column":1}},"1":{"start":{"line":11,"column":17},"end":{"line":11,"column":53}},"2":{"start":{"line":12,"column":18},"end":{"line":12,"column":66}},"3":{"start":{"line":13,"column":4},"end":{"line":13,"column":53}},"4":{"start":{"line":10,"column":13},"end":{"line":10,"column":31}},"5":{"start":{"line":24,"column":25},"end":{"line":37,"column":1}},"6":{"start":{"line":30,"column":22},"end":{"line":30,"column":74}},"7":{"start":{"line":31,"column":18},"end":{"line":31,"column":78}},"8":{"start":{"line":33,"column":21},"end":{"line":33,"column":85}},"9":{"start":{"line":34,"column":29},"end":{"line":34,"column":93}},"10":{"start":{"line":36,"column":4},"end":{"line":36,"column":30}},"11":{"start":{"line":24,"column":13},"end":{"line":24,"column":25}},"12":{"start":{"line":47,"column":35},"end":{"line":52,"column":2}},"13":{"start":{"line":47,"column":100},"end":{"line":52,"column":2}},"14":{"start":{"line":47,"column":13},"end":{"line":47,"column":35}}},"fnMap":{"0":{"name":"(anonymous_0)","decl":{"start":{"line":10,"column":31},"end":{"line":10,"column":32}},"loc":{"start":{"line":10,"column":104},"end":{"line":14,"column":1}}},"1":{"name":"(anonymous_1)","decl":{"start":{"line":24,"column":25},"end":{"line":24,"column":null}},"loc":{"start":{"line":29,"column":31},"end":{"line":37,"column":1}}},"2":{"name":"(anonymous_2)","decl":{"start":{"line":47,"column":35},"end":{"line":47,"column":36}},"loc":{"start":{"line":47,"column":100},"end":{"line":52,"column":2}}}},"branchMap":{"0":{"loc":{"start":{"line":10,"column":57},"end":{"line":10,"column":82}},"type":"default-arg","locations":[{"start":{"line":10,"column":80},"end":{"line":10,"column":82}}]},"1":{"loc":{"start":{"line":11,"column":29},"end":{"line":11,"column":52}},"type":"binary-expr","locations":[{"start":{"line":11,"column":29},"end":{"line":11,"column":47}},{"start":{"line":11,"column":51},"end":{"line":11,"column":52}}]},"2":{"loc":{"start":{"line":12,"column":30},"end":{"line":12,"column":65}},"type":"binary-expr","locations":[{"start":{"line":12,"column":30},"end":{"line":12,"column":49}},{"start":{"line":12,"column":53},"end":{"line":12,"column":65}}]},"3":{"loc":{"start":{"line":28,"column":4},"end":{"line":28,"column":32}},"type":"default-arg","locations":[{"start":{"line":28,"column":30},"end":{"line":28,"column":32}}]},"4":{"loc":{"start":{"line":30,"column":22},"end":{"line":30,"column":74}},"type":"cond-expr","locations":[{"start":{"line":30,"column":57},"end":{"line":30,"column":69}},{"start":{"line":30,"column":72},"end":{"line":30,"column":74}}]},"5":{"loc":{"start":{"line":31,"column":18},"end":{"line":31,"column":78}},"type":"cond-expr","locations":[{"start":{"line":31,"column":54},"end":{"line":31,"column":63}},{"start":{"line":31,"column":66},"end":{"line":31,"column":78}}]},"6":{"loc":{"start":{"line":33,"column":21},"end":{"line":33,"column":85}},"type":"cond-expr","locations":[{"start":{"line":33,"column":55},"end":{"line":33,"column":80}},{"start":{"line":33,"column":83},"end":{"line":33,"column":85}}]},"7":{"loc":{"start":{"line":34,"column":29},"end":{"line":34,"column":93}},"type":"cond-expr","locations":[{"start":{"line":34,"column":50},"end":{"line":34,"column":51}},{"start":{"line":34,"column":54},"end":{"line":34,"column":93}}]},"8":{"loc":{"start":{"line":34,"column":54},"end":{"line":34,"column":93}},"type":"cond-expr","locations":[{"start":{"line":34,"column":76},"end":{"line":34,"column":78}},{"start":{"line":34,"column":81},"end":{"line":34,"column":93}}]}},"s":{"0":2,"1":2,"2":2,"3":2,"4":2,"5":2,"6":0,"7":0,"8":0,"9":0,"10":0,"11":2,"12":2,"13":0,"14":2},"f":{"0":2,"1":0,"2":0},"b":{"0":[1],"1":[2,1],"2":[2,1],"3":[0],"4":[0,0],"5":[0,0],"6":[0,0],"7":[0,0],"8":[0,0]}}
,"D:\\Assignment\\gadgethub_backend\\src\\utils\\sku.util.ts": {"path":"D:\\Assignment\\gadgethub_backend\\src\\utils\\sku.util.ts","statementMap":{"0":{"start":{"line":11,"column":29},"end":{"line":12,"column":51}},"1":{"start":{"line":12,"column":4},"end":{"line":12,"column":51}},"2":{"start":{"line":11,"column":13},"end":{"line":11,"column":29}},"3":{"start":{"line":19,"column":31},"end":{"line":38,"column":1}},"4":{"start":{"line":26,"column":33},"end":{"line":29,"column":18}},"5":{"start":{"line":27,"column":23},"end":{"line":27,"column":80}},"6":{"start":{"line":31,"column":4},"end":{"line":37,"column":17}},"7":{"start":{"line":19,"column":13},"end":{"line":19,"column":31}},"8":{"start":{"line":44,"column":18},"end":{"line":47,"column":1}},"9":{"start":{"line":45,"column":24},"end":{"line":45,"column":69}},"10":{"start":{"line":46,"column":4},"end":{"line":46,"column":52}},"11":{"start":{"line":54,"column":39},"end":{"line":59,"column":1}},"12":{"start":{"line":55,"column":22},"end":{"line":56,"column":73}},"13":{"start":{"line":56,"column":8},"end":{"line":56,"column":73}},"14":{"start":{"line":56,"column":34},"end":{"line":56,"column":65}},"15":{"start":{"line":58,"column":4},"end":{"line":58,"column":92}},"16":{"start":{"line":54,"column":13},"end":{"line":54,"column":39}},"17":{"start":{"line":61,"column":35},"end":{"line":62,"column":34}},"18":{"start":{"line":62,"column":4},"end":{"line":62,"column":34}},"19":{"start":{"line":61,"column":13},"end":{"line":61,"column":35}},"20":{"start":{"line":64,"column":25},"end":{"line":65,"column":86}},"21":{"start":{"line":65,"column":4},"end":{"line":65,"column":86}},"22":{"start":{"line":64,"column":13},"end":{"line":64,"column":25}},"23":{"start":{"line":67,"column":29},"end":{"line":72,"column":1}},"24":{"start":{"line":68,"column":25},"end":{"line":68,"column":58}},"25":{"start":{"line":69,"column":22},"end":{"line":69,"column":52}},"26":{"start":{"line":70,"column":24},"end":{"line":70,"column":87}},"27":{"start":{"line":71,"column":4},"end":{"line":71,"column":52}},"28":{"start":{"line":67,"column":13},"end":{"line":67,"column":29}}},"fnMap":{"0":{"name":"(anonymous_0)","decl":{"start":{"line":11,"column":29},"end":{"line":11,"column":30}},"loc":{"start":{"line":12,"column":4},"end":{"line":12,"column":51}}},"1":{"name":"(anonymous_1)","decl":{"start":{"line":19,"column":31},"end":{"line":19,"column":null}},"loc":{"start":{"line":25,"column":12},"end":{"line":38,"column":1}}},"2":{"name":"(anonymous_2)","decl":{"start":{"line":27,"column":13},"end":{"line":27,"column":14}},"loc":{"start":{"line":27,"column":23},"end":{"line":27,"column":80}}},"3":{"name":"(anonymous_3)","decl":{"start":{"line":44,"column":18},"end":{"line":44,"column":19}},"loc":{"start":{"line":44,"column":78},"end":{"line":47,"column":1}}},"4":{"name":"(anonymous_4)","decl":{"start":{"line":54,"column":39},"end":{"line":54,"column":40}},"loc":{"start":{"line":54,"column":88},"end":{"line":59,"column":1}}},"5":{"name":"(anonymous_5)","decl":{"start":{"line":55,"column":22},"end":{"line":55,"column":23}},"loc":{"start":{"line":56,"column":8},"end":{"line":56,"column":73}}},"6":{"name":"(anonymous_6)","decl":{"start":{"line":56,"column":24},"end":{"line":56,"column":25}},"loc":{"start":{"line":56,"column":34},"end":{"line":56,"column":65}}},"7":{"name":"(anonymous_7)","decl":{"start":{"line":61,"column":35},"end":{"line":61,"column":36}},"loc":{"start":{"line":62,"column":4},"end":{"line":62,"column":34}}},"8":{"name":"(anonymous_8)","decl":{"start":{"line":64,"column":25},"end":{"line":64,"column":26}},"loc":{"start":{"line":65,"column":4},"end":{"line":65,"column":86}}},"9":{"name":"(anonymous_9)","decl":{"start":{"line":67,"column":29},"end":{"line":67,"column":30}},"loc":{"start":{"line":67,"column":118},"end":{"line":72,"column":1}}}},"branchMap":{"0":{"loc":{"start":{"line":46,"column":11},"end":{"line":46,"column":51}},"type":"binary-expr","locations":[{"start":{"line":46,"column":11},"end":{"line":46,"column":39}},{"start":{"line":46,"column":43},"end":{"line":46,"column":51}}]},"1":{"loc":{"start":{"line":58,"column":11},"end":{"line":58,"column":91}},"type":"binary-expr","locations":[{"start":{"line":58,"column":11},"end":{"line":58,"column":29}},{"start":{"line":58,"column":33},"end":{"line":58,"column":53}},{"start":{"line":58,"column":57},"end":{"line":58,"column":77}},{"start":{"line":58,"column":81},"end":{"line":58,"column":91}}]}},"s":{"0":1,"1":13,"2":1,"3":1,"4":2,"5":4,"6":2,"7":1,"8":1,"9":6,"10":6,"11":1,"12":4,"13":6,"14":3,"15":4,"16":1,"17":1,"18":0,"19":1,"20":1,"21":1,"22":1,"23":1,"24":2,"25":2,"26":2,"27":2,"28":1},"f":{"0":13,"1":2,"2":4,"3":6,"4":4,"5":6,"6":3,"7":0,"8":1,"9":2},"b":{"0":[6,2],"1":[4,2,2,2]}}
,"D:\\Assignment\\gadgethub_backend\\src\\utils\\slug.util.ts": {"path":"D:\\Assignment\\gadgethub_backend\\src\\utils\\slug.util.ts","statementMap":{"0":{"start":{"line":6,"column":23},"end":{"line":11,"column":32}},"1":{"start":{"line":7,"column":4},"end":{"line":11,"column":32}},"2":{"start":{"line":6,"column":13},"end":{"line":6,"column":23}}},"fnMap":{"0":{"name":"(anonymous_0)","decl":{"start":{"line":6,"column":23},"end":{"line":6,"column":24}},"loc":{"start":{"line":7,"column":4},"end":{"line":11,"column":32}}}},"branchMap":{},"s":{"0":1,"1":2,"2":1},"f":{"0":2},"b":{}}
}
