TN:
SF:src\config\constant.ts
FNF:0
FNH:0
DA:1,3
DA:2,3
DA:4,3
DA:5,3
DA:6,3
DA:7,3
DA:8,3
DA:9,3
DA:10,3
DA:11,3
DA:12,3
DA:13,3
DA:16,3
DA:17,3
DA:21,3
DA:22,3
DA:26,3
DA:27,3
DA:28,3
DA:29,3
DA:33,3
DA:34,3
LF:22
LH:22
BRDA:4,0,0,3
BRDA:4,0,1,0
BRDA:5,1,0,3
BRDA:5,1,1,0
BRDA:6,2,0,3
BRDA:6,2,1,0
BRDA:7,3,0,3
BRDA:7,3,1,0
BRDA:8,4,0,3
BRDA:8,4,1,0
BRDA:9,5,0,3
BRDA:9,5,1,0
BRDA:10,6,0,3
BRDA:10,6,1,0
BRDA:11,7,0,3
BRDA:11,7,1,0
BRDA:12,8,0,3
BRDA:12,8,1,0
BRDA:13,9,0,3
BRDA:13,9,1,0
BRDA:16,10,0,3
BRDA:16,10,1,3
BRDA:17,11,0,3
BRDA:17,11,1,3
BRDA:21,12,0,3
BRDA:21,12,1,0
BRDA:22,13,0,3
BRDA:22,13,1,0
BRDA:26,14,0,3
BRDA:26,14,1,0
BRDA:27,15,0,3
BRDA:27,15,1,0
BRDA:28,16,0,3
BRDA:28,16,1,0
BRDA:29,17,0,3
BRDA:29,17,1,0
BRDA:33,18,0,3
BRDA:33,18,1,0
BRDA:34,19,0,3
BRDA:34,19,1,0
BRF:40
BRH:22
end_of_record
TN:
SF:src\dtos\user.dto.ts
FN:34,(anonymous_0)
FN:69,(anonymous_1)
FNF:2
FNH:0
FNDA:0,(anonymous_0)
FNDA:0,(anonymous_1)
DA:1,1
DA:2,1
DA:4,1
DA:18,1
DA:23,1
DA:34,0
DA:42,1
DA:46,1
DA:51,1
DA:56,1
DA:58,1
DA:64,1
DA:69,0
DA:75,1
LF:14
LH:12
BRDA:34,0,0,0
BRDA:34,0,1,0
BRF:2
BRH:0
end_of_record
TN:
SF:src\exceptions\http-exception.ts
FN:3,(anonymous_0)
FNF:1
FNH:1
FNDA:5,(anonymous_0)
DA:1,4
DA:4,5
DA:5,5
LF:3
LH:3
BRF:0
BRH:0
end_of_record
TN:
SF:src\models\brand.model.ts
FNF:0
FNH:0
DA:1,1
DA:14,1
DA:31,1
LF:3
LH:3
BRF:0
BRH:0
end_of_record
TN:
SF:src\models\category.model.ts
FNF:0
FNH:0
DA:1,1
DA:3,1
DA:26,1
DA:50,1
LF:4
LH:4
BRF:0
BRH:0
end_of_record
TN:
SF:src\models\notification.model.ts
FNF:0
FNH:0
DA:1,1
DA:3,1
DA:6,1
DA:25,1
DA:43,1
DA:45,1
LF:6
LH:6
BRF:0
BRH:0
end_of_record
TN:
SF:src\models\product.model.ts
FN:161,(anonymous_9)
FN:165,(anonymous_10)
FN:168,(anonymous_11)
FNF:3
FNH:0
FNDA:0,(anonymous_9)
FNDA:0,(anonymous_10)
FNDA:0,(anonymous_11)
DA:1,1
DA:70,1
DA:147,1
DA:152,1
DA:153,1
DA:161,1
DA:162,0
DA:163,0
DA:165,1
DA:166,0
DA:168,1
DA:169,0
DA:172,1
LF:13
LH:9
BRDA:162,0,0,0
BRDA:162,0,1,0
BRDA:166,1,0,0
BRDA:166,1,1,0
BRDA:169,2,0,0
BRDA:169,2,1,0
BRF:6
BRH:0
end_of_record
TN:
SF:src\models\review.model.ts
FNF:0
FNH:0
DA:1,1
DA:3,1
DA:19,1
DA:34,1
DA:36,1
LF:5
LH:5
BRF:0
BRH:0
end_of_record
TN:
SF:src\models\shipping-method.model.ts
FNF:0
FNH:0
DA:1,1
DA:15,1
DA:29,1
LF:3
LH:3
BRF:0
BRH:0
end_of_record
TN:
SF:src\repositories\brand.repository.ts
FN:30,(anonymous_1)
FN:34,(anonymous_2)
FN:46,(anonymous_3)
FN:64,(anonymous_4)
FN:76,(anonymous_5)
FN:80,(anonymous_6)
FN:84,(anonymous_7)
FN:88,(anonymous_8)
FN:96,(anonymous_9)
FN:101,(anonymous_10)
FNF:10
FNH:0
FNDA:0,(anonymous_1)
FNDA:0,(anonymous_2)
FNDA:0,(anonymous_3)
FNDA:0,(anonymous_4)
FNDA:0,(anonymous_5)
FNDA:0,(anonymous_6)
FNDA:0,(anonymous_7)
FNDA:0,(anonymous_8)
FNDA:0,(anonymous_9)
FNDA:0,(anonymous_10)
DA:2,1
DA:3,1
DA:5,1
DA:29,1
DA:31,0
DA:35,0
DA:36,0
DA:37,0
DA:39,0
DA:40,0
DA:42,0
DA:52,0
DA:56,0
DA:57,0
DA:58,0
DA:60,0
DA:61,0
DA:63,0
DA:65,0
DA:66,0
DA:73,0
DA:77,0
DA:81,0
DA:85,0
DA:89,0
DA:97,0
DA:98,0
DA:102,0
LF:28
LH:4
BRDA:35,0,0,0
BRDA:35,0,1,0
BRDA:39,1,0,0
BRDA:39,1,1,0
BRDA:52,2,0,0
BRDA:52,2,1,0
BRDA:57,3,0,0
BRDA:57,3,1,0
BRDA:57,4,0,0
BRDA:57,4,1,0
BRF:10
BRH:0
end_of_record
TN:
SF:src\repositories\category.repository.ts
FN:32,(anonymous_1)
FN:36,(anonymous_2)
FN:51,(anonymous_3)
FN:69,(anonymous_4)
FN:81,(anonymous_5)
FN:89,(anonymous_6)
FN:93,(anonymous_7)
FN:97,(anonymous_8)
FN:101,(anonymous_9)
FN:109,(anonymous_10)
FN:117,(anonymous_11)
FN:122,(anonymous_12)
FNF:12
FNH:0
FNDA:0,(anonymous_1)
FNDA:0,(anonymous_2)
FNDA:0,(anonymous_3)
FNDA:0,(anonymous_4)
FNDA:0,(anonymous_5)
FNDA:0,(anonymous_6)
FNDA:0,(anonymous_7)
FNDA:0,(anonymous_8)
FNDA:0,(anonymous_9)
FNDA:0,(anonymous_10)
FNDA:0,(anonymous_11)
FNDA:0,(anonymous_12)
DA:2,1
DA:3,1
DA:5,1
DA:31,1
DA:33,0
DA:37,0
DA:38,0
DA:39,0
DA:44,0
DA:45,0
DA:47,0
DA:57,0
DA:61,0
DA:62,0
DA:63,0
DA:65,0
DA:66,0
DA:68,0
DA:70,0
DA:71,0
DA:78,0
DA:82,0
DA:83,0
DA:84,0
DA:86,0
DA:90,0
DA:94,0
DA:98,0
DA:102,0
DA:110,0
DA:118,0
DA:119,0
DA:123,0
LF:33
LH:4
BRDA:37,0,0,0
BRDA:37,0,1,0
BRDA:44,1,0,0
BRDA:44,1,1,0
BRDA:57,2,0,0
BRDA:57,2,1,0
BRDA:62,3,0,0
BRDA:62,3,1,0
BRDA:62,4,0,0
BRDA:62,4,1,0
BRDA:83,5,0,0
BRDA:83,5,1,0
BRF:12
BRH:0
end_of_record
TN:
SF:src\repositories\product.repository.ts
FN:79,(anonymous_1)
FN:84,(anonymous_2)
FN:97,(anonymous_3)
FN:133,(anonymous_4)
FN:167,(anonymous_5)
FN:171,(anonymous_6)
FN:175,(anonymous_7)
FN:179,(anonymous_8)
FN:189,(anonymous_9)
FN:199,(anonymous_10)
FN:202,(anonymous_11)
FN:205,(anonymous_12)
FN:218,(anonymous_13)
FN:222,(anonymous_14)
FN:234,(anonymous_15)
FN:256,(anonymous_16)
FN:264,(anonymous_17)
FN:272,(anonymous_18)
FN:277,(anonymous_19)
FN:283,(anonymous_20)
FN:288,(anonymous_21)
FN:312,(anonymous_22)
FN:317,(anonymous_23)
FN:346,(anonymous_24)
FN:357,(anonymous_25)
FNF:25
FNH:0
FNDA:0,(anonymous_1)
FNDA:0,(anonymous_2)
FNDA:0,(anonymous_3)
FNDA:0,(anonymous_4)
FNDA:0,(anonymous_5)
FNDA:0,(anonymous_6)
FNDA:0,(anonymous_7)
FNDA:0,(anonymous_8)
FNDA:0,(anonymous_9)
FNDA:0,(anonymous_10)
FNDA:0,(anonymous_11)
FNDA:0,(anonymous_12)
FNDA:0,(anonymous_13)
FNDA:0,(anonymous_14)
FNDA:0,(anonymous_15)
FNDA:0,(anonymous_16)
FNDA:0,(anonymous_17)
FNDA:0,(anonymous_18)
FNDA:0,(anonymous_19)
FNDA:0,(anonymous_20)
FNDA:0,(anonymous_21)
FNDA:0,(anonymous_22)
FNDA:0,(anonymous_23)
FNDA:0,(anonymous_24)
FNDA:0,(anonymous_25)
DA:2,1
DA:3,1
DA:4,1
DA:72,1
DA:78,1
DA:80,0
DA:81,0
DA:85,0
DA:86,0
DA:87,0
DA:88,0
DA:90,0
DA:91,0
DA:93,0
DA:107,0
DA:109,0
DA:110,0
DA:115,0
DA:116,0
DA:117,0
DA:118,0
DA:121,0
DA:122,0
DA:128,0
DA:130,0
DA:142,0
DA:144,0
DA:145,0
DA:150,0
DA:151,0
DA:152,0
DA:155,0
DA:156,0
DA:162,0
DA:164,0
DA:168,0
DA:172,0
DA:176,0
DA:180,0
DA:184,0
DA:188,0
DA:189,0
DA:190,0
DA:193,0
DA:196,0
DA:200,0
DA:201,0
DA:202,0
DA:206,0
DA:207,0
DA:219,0
DA:223,0
DA:225,0
DA:227,0
DA:234,0
DA:235,0
DA:236,0
DA:240,0
DA:241,0
DA:242,0
DA:246,0
DA:247,0
DA:250,0
DA:257,0
DA:265,0
DA:273,0
DA:274,0
DA:278,0
DA:279,0
DA:280,0
DA:284,0
DA:285,0
DA:292,0
DA:313,0
DA:314,0
DA:325,0
DA:350,0
DA:361,0
LF:78
LH:5
BRDA:85,0,0,0
BRDA:85,0,1,0
BRDA:90,1,0,0
BRDA:90,1,1,0
BRDA:109,2,0,0
BRDA:109,2,1,0
BRDA:115,3,0,0
BRDA:115,3,1,0
BRDA:116,4,0,0
BRDA:116,4,1,0
BRDA:117,5,0,0
BRDA:117,5,1,0
BRDA:117,6,0,0
BRDA:117,6,1,0
BRDA:144,7,0,0
BRDA:144,7,1,0
BRDA:150,8,0,0
BRDA:150,8,1,0
BRDA:151,9,0,0
BRDA:151,9,1,0
BRDA:151,10,0,0
BRDA:151,10,1,0
BRDA:184,11,0,0
BRDA:184,11,1,0
BRDA:188,12,0,0
BRDA:188,12,1,0
BRDA:200,13,0,0
BRDA:200,13,1,0
BRDA:206,14,0,0
BRDA:206,14,1,0
BRDA:227,15,0,0
BRDA:227,15,1,0
BRDA:240,16,0,0
BRDA:240,16,1,0
BRDA:240,17,0,0
BRDA:240,17,1,0
BRDA:241,18,0,0
BRDA:241,18,1,0
BRDA:241,19,0,0
BRDA:241,19,1,0
BRDA:246,20,0,0
BRDA:246,20,1,0
BRDA:278,21,0,0
BRDA:278,21,1,0
BRDA:280,22,0,0
BRDA:280,22,1,0
BRDA:284,23,0,0
BRDA:284,23,1,0
BRF:48
BRH:0
end_of_record
TN:
SF:src\repositories\review.repository.ts
FN:42,(anonymous_1)
FN:47,(anonymous_2)
FN:51,(anonymous_3)
FN:57,(anonymous_4)
FN:61,(anonymous_5)
FN:84,(anonymous_6)
FN:89,(anonymous_7)
FN:145,(anonymous_8)
FN:153,(anonymous_9)
FNF:9
FNH:0
FNDA:0,(anonymous_1)
FNDA:0,(anonymous_2)
FNDA:0,(anonymous_3)
FNDA:0,(anonymous_4)
FNDA:0,(anonymous_5)
FNDA:0,(anonymous_6)
FNDA:0,(anonymous_7)
FNDA:0,(anonymous_8)
FNDA:0,(anonymous_9)
DA:1,1
DA:2,1
DA:3,1
DA:38,1
DA:39,1
DA:41,1
DA:43,0
DA:44,0
DA:48,0
DA:52,0
DA:58,0
DA:61,0
DA:74,0
DA:75,0
DA:76,0
DA:81,0
DA:85,0
DA:86,0
DA:90,0
DA:91,0
DA:93,0
DA:101,0
DA:102,0
DA:112,0
DA:134,0
DA:136,0
DA:141,0
DA:142,0
DA:146,0
DA:154,0
DA:155,0
LF:31
LH:6
BRDA:91,0,0,0
BRDA:91,0,1,0
BRDA:101,1,0,0
BRDA:101,1,1,0
BRDA:141,2,0,0
BRDA:141,2,1,0
BRF:6
BRH:0
end_of_record
TN:
SF:src\repositories\shipping-method.repository.ts
FN:16,(anonymous_1)
FN:20,(anonymous_2)
FN:24,(anonymous_3)
FN:28,(anonymous_4)
FN:32,(anonymous_5)
FN:36,(anonymous_6)
FN:44,(anonymous_7)
FNF:7
FNH:0
FNDA:0,(anonymous_1)
FNDA:0,(anonymous_2)
FNDA:0,(anonymous_3)
FNDA:0,(anonymous_4)
FNDA:0,(anonymous_5)
FNDA:0,(anonymous_6)
FNDA:0,(anonymous_7)
DA:1,1
DA:3,1
DA:15,1
DA:17,0
DA:21,0
DA:25,0
DA:29,0
DA:33,0
DA:37,0
DA:45,0
DA:46,0
LF:11
LH:3
BRF:0
BRH:0
end_of_record
TN:
SF:src\services\ai.service.ts
FN:60,(anonymous_0)
FN:67,(anonymous_1)
FN:74,(anonymous_2)
FN:81,(anonymous_3)
FN:86,(anonymous_4)
FN:88,(anonymous_5)
FN:102,(anonymous_6)
FN:104,(anonymous_7)
FN:126,(anonymous_8)
FN:128,(anonymous_9)
FN:131,(anonymous_10)
FN:141,(anonymous_11)
FN:150,(anonymous_12)
FN:150,(anonymous_13)
FN:151,(anonymous_14)
FN:153,(anonymous_15)
FN:153,(anonymous_16)
FN:154,(anonymous_17)
FN:175,(anonymous_18)
FN:198,(anonymous_19)
FN:210,(anonymous_20)
FNF:21
FNH:3
FNDA:0,(anonymous_0)
FNDA:2,(anonymous_1)
FNDA:2,(anonymous_2)
FNDA:18,(anonymous_3)
FNDA:0,(anonymous_4)
FNDA:0,(anonymous_5)
FNDA:0,(anonymous_6)
FNDA:0,(anonymous_7)
FNDA:0,(anonymous_8)
FNDA:0,(anonymous_9)
FNDA:0,(anonymous_10)
FNDA:0,(anonymous_11)
FNDA:0,(anonymous_12)
FNDA:0,(anonymous_13)
FNDA:0,(anonymous_14)
FNDA:0,(anonymous_15)
FNDA:0,(anonymous_16)
FNDA:0,(anonymous_17)
FNDA:0,(anonymous_18)
FNDA:0,(anonymous_19)
FNDA:0,(anonymous_20)
DA:1,1
DA:2,1
DA:3,1
DA:4,1
DA:5,1
DA:6,1
DA:8,1
DA:9,1
DA:11,1
DA:12,1
DA:13,1
DA:14,1
DA:15,1
DA:17,1
DA:19,1
DA:39,1
DA:45,1
DA:51,1
DA:59,1
DA:61,0
DA:62,0
DA:64,0
DA:68,2
DA:69,2
DA:70,1
DA:71,1
DA:75,2
DA:81,18
DA:87,0
DA:88,0
DA:91,0
DA:103,0
DA:104,0
DA:107,0
DA:111,0
DA:127,0
DA:128,0
DA:129,0
DA:131,0
DA:132,0
DA:133,0
DA:142,0
DA:143,0
DA:145,0
DA:149,0
DA:150,0
DA:151,0
DA:152,0
DA:153,0
DA:154,0
DA:156,0
DA:164,0
DA:165,0
DA:168,0
DA:170,0
DA:175,0
DA:179,0
DA:180,0
DA:189,0
DA:192,0
DA:194,0
DA:195,0
DA:199,0
DA:201,0
DA:202,0
DA:205,0
DA:207,0
DA:210,0
DA:214,0
DA:215,0
DA:224,0
DA:227,0
DA:228,0
DA:229,0
DA:232,0
LF:75
LH:25
BRDA:61,0,0,0
BRDA:61,0,1,0
BRDA:69,1,0,1
BRDA:69,1,1,1
BRDA:71,2,0,1
BRDA:71,2,1,0
BRDA:71,3,0,1
BRDA:71,3,1,1
BRDA:81,4,0,18
BRDA:81,4,1,12
BRDA:81,4,2,5
BRDA:87,5,0,0
BRDA:87,5,1,0
BRDA:103,6,0,0
BRDA:103,6,1,0
BRDA:107,7,0,0
BRDA:107,7,1,0
BRDA:107,8,0,0
BRDA:107,8,1,0
BRDA:108,9,0,0
BRDA:108,9,1,0
BRDA:113,10,0,0
BRDA:113,10,1,0
BRDA:114,11,0,0
BRDA:114,11,1,0
BRDA:115,12,0,0
BRDA:115,12,1,0
BRDA:117,13,0,0
BRDA:117,13,1,0
BRDA:119,14,0,0
BRDA:119,14,1,0
BRDA:120,15,0,0
BRDA:120,15,1,0
BRDA:121,16,0,0
BRDA:121,16,1,0
BRDA:122,17,0,0
BRDA:122,17,1,0
BRDA:127,18,0,0
BRDA:127,18,1,0
BRDA:135,19,0,0
BRDA:135,19,1,0
BRDA:136,20,0,0
BRDA:136,20,1,0
BRDA:145,21,0,0
BRDA:145,21,1,0
BRDA:164,22,0,0
BRDA:164,22,1,0
BRDA:192,23,0,0
BRDA:192,23,1,0
BRDA:201,24,0,0
BRDA:201,24,1,0
BRDA:228,25,0,0
BRDA:228,25,1,0
BRF:53
BRH:8
end_of_record
TN:
SF:src\services\esewa.service.ts
FN:37,(anonymous_1)
FN:38,(anonymous_2)
FN:42,(anonymous_3)
FN:47,(anonymous_4)
FN:59,(anonymous_5)
FN:86,(anonymous_6)
FN:101,(anonymous_7)
FNF:7
FNH:6
FNDA:4,(anonymous_1)
FNDA:12,(anonymous_2)
FNDA:16,(anonymous_3)
FNDA:4,(anonymous_4)
FNDA:2,(anonymous_5)
FNDA:3,(anonymous_6)
FNDA:0,(anonymous_7)
DA:1,1
DA:2,1
DA:37,1
DA:38,12
DA:39,4
DA:42,16
DA:47,4
DA:49,1
DA:60,2
DA:61,2
DA:62,2
DA:63,2
DA:65,2
DA:77,2
DA:79,2
DA:87,3
DA:88,3
DA:89,2
DA:91,2
DA:92,2
DA:93,2
DA:95,1
DA:97,1
DA:102,0
DA:108,0
DA:109,0
DA:110,0
DA:111,0
DA:113,0
LF:29
LH:23
BRDA:89,0,0,0
BRDA:89,0,1,2
BRDA:89,1,0,2
BRDA:89,1,1,2
BRDA:93,2,0,1
BRDA:93,2,1,1
BRDA:110,3,0,0
BRDA:110,3,1,0
BRF:8
BRH:5
end_of_record
TN:
SF:src\services\notification.service.ts
FN:10,(anonymous_0)
FN:21,(anonymous_1)
FN:33,(anonymous_2)
FN:47,(anonymous_3)
FN:53,(anonymous_4)
FN:59,(anonymous_5)
FN:65,(anonymous_6)
FN:86,(anonymous_7)
FNF:8
FNH:3
FNDA:0,(anonymous_0)
FNDA:0,(anonymous_1)
FNDA:1,(anonymous_2)
FNDA:2,(anonymous_3)
FNDA:0,(anonymous_4)
FNDA:0,(anonymous_5)
FNDA:2,(anonymous_6)
FNDA:0,(anonymous_7)
DA:1,1
DA:5,1
DA:7,1
DA:9,1
DA:11,0
DA:22,0
DA:34,1
DA:48,2
DA:49,1
DA:54,0
DA:60,0
DA:66,2
DA:67,2
DA:68,0
DA:71,2
DA:75,2
DA:76,1
DA:79,1
DA:80,1
DA:81,0
DA:83,1
DA:87,0
DA:88,0
DA:90,0
LF:24
LH:15
BRDA:37,0,0,0
BRDA:37,0,1,1
BRDA:38,1,0,0
BRDA:38,1,1,1
BRDA:48,2,0,1
BRDA:48,2,1,1
BRDA:48,3,0,2
BRDA:48,3,1,2
BRDA:54,4,0,0
BRDA:54,4,1,0
BRDA:60,5,0,0
BRDA:60,5,1,0
BRDA:67,6,0,0
BRDA:67,6,1,2
BRDA:71,7,0,0
BRDA:71,7,1,2
BRDA:73,8,0,2
BRDA:73,8,1,2
BRDA:75,9,0,1
BRDA:75,9,1,1
BRDA:80,10,0,0
BRDA:80,10,1,1
BRDA:87,11,0,0
BRDA:87,11,1,0
BRF:24
BRH:13
end_of_record
TN:
SF:src\services\order.service.ts
FN:30,(anonymous_1)
FN:74,(anonymous_2)
FN:85,(anonymous_3)
FN:147,(anonymous_4)
FN:221,(anonymous_5)
FN:225,(anonymous_6)
FN:237,(anonymous_7)
FN:245,(anonymous_8)
FN:280,(anonymous_9)
FN:300,(anonymous_10)
FN:332,(anonymous_11)
FN:369,(anonymous_12)
FN:373,(anonymous_13)
FN:416,(anonymous_14)
FNF:14
FNH:6
FNDA:4,(anonymous_1)
FNDA:4,(anonymous_2)
FNDA:4,(anonymous_3)
FNDA:4,(anonymous_4)
FNDA:0,(anonymous_5)
FNDA:0,(anonymous_6)
FNDA:0,(anonymous_7)
FNDA:3,(anonymous_8)
FNDA:0,(anonymous_9)
FNDA:0,(anonymous_10)
FNDA:2,(anonymous_11)
FNDA:0,(anonymous_12)
FNDA:0,(anonymous_13)
FNDA:0,(anonymous_14)
DA:1,1
DA:3,1
DA:4,1
DA:5,1
DA:6,1
DA:7,1
DA:8,1
DA:9,1
DA:10,1
DA:11,1
DA:15,1
DA:18,1
DA:19,1
DA:20,1
DA:21,1
DA:22,1
DA:23,1
DA:24,1
DA:25,1
DA:30,4
DA:44,1
DA:52,1
DA:74,1
DA:76,4
DA:77,4
DA:78,4
DA:79,4
DA:81,4
DA:84,1
DA:86,4
DA:87,4
DA:88,0
DA:94,4
DA:97,4
DA:98,0
DA:101,4
DA:102,4
DA:103,0
DA:106,4
DA:107,4
DA:108,4
DA:110,4
DA:111,5
DA:112,5
DA:113,0
DA:115,5
DA:116,0
DA:118,5
DA:119,0
DA:122,5
DA:130,5
DA:133,4
DA:134,0
DA:140,4
DA:141,4
DA:147,4
DA:157,4
DA:158,4
DA:159,3
DA:160,3
DA:161,3
DA:162,4
DA:163,4
DA:164,0
DA:166,4
DA:167,4
DA:168,4
DA:169,4
DA:172,0
DA:173,0
DA:175,0
DA:179,4
DA:180,4
DA:181,4
DA:183,4
DA:202,4
DA:204,4
DA:205,4
DA:216,4
DA:218,4
DA:222,0
DA:226,0
DA:227,0
DA:228,0
DA:230,0
DA:231,0
DA:232,0
DA:234,0
DA:238,0
DA:246,3
DA:247,0
DA:249,3
DA:250,0
DA:252,3
DA:253,0
DA:256,3
DA:257,3
DA:258,0
DA:260,3
DA:261,1
DA:264,2
DA:265,2
DA:266,1
DA:269,1
DA:270,1
DA:271,0
DA:274,1
DA:275,1
DA:277,1
DA:281,0
DA:282,0
DA:283,0
DA:285,0
DA:286,0
DA:289,0
DA:290,0
DA:291,0
DA:294,0
DA:295,0
DA:297,0
DA:301,0
DA:302,0
DA:303,0
DA:305,0
DA:306,0
DA:309,0
DA:310,0
DA:311,0
DA:316,0
DA:317,0
DA:320,0
DA:321,0
DA:323,0
DA:333,2
DA:334,2
DA:335,0
DA:337,2
DA:338,0
DA:341,2
DA:342,1
DA:343,1
DA:344,1
DA:345,1
DA:358,2
DA:359,2
DA:360,0
DA:363,2
DA:364,2
DA:366,2
DA:370,0
DA:374,0
DA:375,0
DA:376,0
DA:378,0
DA:379,0
DA:386,0
DA:387,0
DA:388,0
DA:389,0
DA:390,0
DA:392,0
DA:393,0
DA:402,0
DA:405,0
DA:410,0
DA:411,0
DA:413,0
DA:417,0
DA:418,0
DA:419,0
DA:421,0
LF:171
LH:97
BRDA:87,0,0,0
BRDA:87,0,1,4
BRDA:87,1,0,4
BRDA:87,1,1,4
BRDA:94,2,0,0
BRDA:94,2,1,4
BRDA:97,3,0,0
BRDA:97,3,1,4
BRDA:97,4,0,4
BRDA:97,4,1,0
BRDA:97,4,2,0
BRDA:102,5,0,0
BRDA:102,5,1,4
BRDA:102,6,0,4
BRDA:102,6,1,4
BRDA:112,7,0,0
BRDA:112,7,1,5
BRDA:115,8,0,0
BRDA:115,8,1,5
BRDA:118,9,0,0
BRDA:118,9,1,5
BRDA:133,10,0,0
BRDA:133,10,1,4
BRDA:133,11,0,4
BRDA:133,11,1,0
BRDA:140,12,0,0
BRDA:140,12,1,4
BRDA:141,13,0,4
BRDA:141,13,1,0
BRDA:158,14,0,3
BRDA:158,14,1,1
BRDA:163,15,0,0
BRDA:163,15,1,4
BRDA:179,16,0,4
BRDA:179,16,1,4
BRDA:188,17,0,0
BRDA:188,17,1,4
BRDA:195,18,0,4
BRDA:195,18,1,0
BRDA:198,19,0,4
BRDA:198,19,1,0
BRDA:227,20,0,0
BRDA:227,20,1,0
BRDA:231,21,0,0
BRDA:231,21,1,0
BRDA:231,22,0,0
BRDA:231,22,1,0
BRDA:246,23,0,0
BRDA:246,23,1,3
BRDA:249,24,0,0
BRDA:249,24,1,3
BRDA:252,25,0,0
BRDA:252,25,1,3
BRDA:257,26,0,0
BRDA:257,26,1,3
BRDA:260,27,0,1
BRDA:260,27,1,2
BRDA:265,28,0,1
BRDA:265,28,1,1
BRDA:270,29,0,0
BRDA:270,29,1,1
BRDA:282,30,0,0
BRDA:282,30,1,0
BRDA:285,31,0,0
BRDA:285,31,1,0
BRDA:290,32,0,0
BRDA:290,32,1,0
BRDA:302,33,0,0
BRDA:302,33,1,0
BRDA:305,34,0,0
BRDA:305,34,1,0
BRDA:310,35,0,0
BRDA:310,35,1,0
BRDA:334,36,0,0
BRDA:334,36,1,2
BRDA:337,37,0,0
BRDA:337,37,1,2
BRDA:341,38,0,1
BRDA:341,38,1,1
BRDA:341,39,0,2
BRDA:341,39,1,1
BRDA:344,40,0,1
BRDA:344,40,1,0
BRDA:359,41,0,0
BRDA:359,41,1,2
BRDA:375,42,0,0
BRDA:375,42,1,0
BRDA:378,43,0,0
BRDA:378,43,1,0
BRDA:388,44,0,0
BRDA:388,44,1,0
BRDA:410,45,0,0
BRDA:410,45,1,0
BRDA:418,46,0,0
BRDA:418,46,1,0
BRDA:418,47,0,0
BRDA:418,47,1,0
BRF:97
BRH:41
end_of_record
TN:
SF:src\services\shipping-calculation.service.ts
FN:18,(anonymous_0)
FN:28,(anonymous_1)
FNF:2
FNH:2
FNDA:8,(anonymous_0)
FNDA:8,(anonymous_1)
DA:1,2
DA:18,2
DA:19,8
DA:20,3
DA:21,0
DA:22,0
DA:28,2
DA:32,8
DA:34,8
DA:38,8
DA:42,8
DA:43,3
DA:46,8
DA:47,0
DA:48,0
DA:49,0
DA:53,8
DA:54,8
DA:56,8
LF:19
LH:14
BRDA:19,0,0,5
BRDA:19,0,1,3
BRDA:20,1,0,3
BRDA:20,1,1,0
BRDA:21,2,0,0
BRDA:21,2,1,0
BRDA:32,3,0,8
BRDA:32,3,1,3
BRDA:34,4,0,3
BRDA:34,4,1,5
BRDA:38,5,0,5
BRDA:38,5,1,3
BRDA:42,6,0,3
BRDA:42,6,1,5
BRDA:46,7,0,0
BRDA:46,7,1,8
BRDA:46,8,0,8
BRDA:46,8,1,0
BRDA:46,8,2,0
BRDA:46,8,3,0
BRDA:48,9,0,0
BRDA:48,9,1,0
BRDA:53,10,0,8
BRDA:53,10,1,7
BRDA:53,10,2,3
BRDA:54,11,0,2
BRDA:54,11,1,6
BRDA:57,12,0,5
BRDA:57,12,1,3
BRF:29
BRH:20
end_of_record
TN:
SF:src\services\user.service.ts
FN:28,(anonymous_1)
FN:32,(anonymous_2)
FN:40,(anonymous_3)
FN:51,(anonymous_4)
FN:71,(anonymous_5)
FN:105,(anonymous_6)
FN:153,(anonymous_7)
FN:174,(anonymous_8)
FN:188,(anonymous_9)
FN:199,(anonymous_10)
FN:219,(anonymous_11)
FN:254,(anonymous_12)
FN:302,(anonymous_13)
FN:340,(anonymous_14)
FNF:14
FNH:2
FNDA:0,(anonymous_1)
FNDA:0,(anonymous_2)
FNDA:1,(anonymous_3)
FNDA:4,(anonymous_4)
FNDA:0,(anonymous_5)
FNDA:0,(anonymous_6)
FNDA:0,(anonymous_7)
FNDA:0,(anonymous_8)
FNDA:0,(anonymous_9)
FNDA:0,(anonymous_10)
FNDA:0,(anonymous_11)
FNDA:0,(anonymous_12)
FNDA:0,(anonymous_13)
FNDA:0,(anonymous_14)
DA:1,1
DA:4,1
DA:5,1
DA:6,1
DA:7,1
DA:8,1
DA:9,1
DA:10,1
DA:12,1
DA:13,1
DA:15,1
DA:16,1
DA:17,1
DA:18,1
DA:19,1
DA:20,1
DA:23,1
DA:25,1
DA:26,1
DA:28,1
DA:32,1
DA:33,0
DA:34,0
DA:35,0
DA:36,0
DA:39,1
DA:41,1
DA:42,1
DA:43,0
DA:45,1
DA:46,1
DA:47,1
DA:48,1
DA:52,4
DA:53,4
DA:54,1
DA:56,3
DA:57,0
DA:59,3
DA:63,3
DA:64,1
DA:67,2
DA:68,2
DA:72,0
DA:73,0
DA:77,0
DA:78,0
DA:79,0
DA:81,0
DA:84,0
DA:85,0
DA:88,0
DA:89,0
DA:90,0
DA:96,0
DA:98,0
DA:101,0
DA:102,0
DA:106,0
DA:107,0
DA:108,0
DA:110,0
DA:112,0
DA:113,0
DA:115,0
DA:116,0
DA:117,0
DA:118,0
DA:121,0
DA:122,0
DA:123,0
DA:124,0
DA:127,0
DA:128,0
DA:129,0
DA:130,0
DA:132,0
DA:136,0
DA:137,0
DA:139,0
DA:140,0
DA:141,0
DA:144,0
DA:145,0
DA:146,0
DA:147,0
DA:149,0
DA:165,0
DA:171,0
DA:176,0
DA:177,0
DA:178,0
DA:182,0
DA:183,0
DA:184,0
DA:190,0
DA:192,0
DA:193,0
DA:196,0
DA:203,0
DA:205,0
DA:206,0
DA:209,0
DA:214,0
DA:216,0
DA:224,0
DA:226,0
DA:227,0
DA:230,0
DA:232,0
DA:239,0
DA:244,0
DA:245,0
DA:251,0
DA:255,0
DA:257,0
DA:260,0
DA:261,0
DA:264,0
DA:265,0
DA:266,0
DA:267,0
DA:269,0
DA:274,0
DA:275,0
DA:278,0
DA:279,0
DA:281,0
DA:292,0
DA:293,0
DA:298,0
DA:303,0
DA:305,0
DA:306,0
DA:307,0
DA:310,0
DA:311,0
DA:313,0
DA:314,0
DA:315,0
DA:318,0
DA:319,0
DA:320,0
DA:323,0
DA:328,0
DA:329,0
DA:337,0
DA:341,0
DA:343,0
DA:344,0
DA:345,0
DA:348,0
DA:349,0
DA:350,0
DA:351,0
DA:354,0
DA:355,0
DA:356,0
DA:361,0
DA:362,0
LF:160
LH:37
BRDA:34,0,0,0
BRDA:34,0,1,0
BRDA:36,1,0,0
BRDA:36,1,1,0
BRDA:42,2,0,0
BRDA:42,2,1,1
BRDA:53,3,0,1
BRDA:53,3,1,3
BRDA:56,4,0,0
BRDA:56,4,1,3
BRDA:63,5,0,1
BRDA:63,5,1,2
BRDA:72,6,0,0
BRDA:72,6,1,0
BRDA:84,7,0,0
BRDA:84,7,1,0
BRDA:84,8,0,0
BRDA:84,8,1,0
BRDA:89,9,0,0
BRDA:89,9,1,0
BRDA:91,10,0,0
BRDA:91,10,1,0
BRDA:96,11,0,0
BRDA:96,11,1,0
BRDA:98,12,0,0
BRDA:98,12,1,0
BRDA:107,13,0,0
BRDA:107,13,1,0
BRDA:115,14,0,0
BRDA:115,14,1,0
BRDA:115,15,0,0
BRDA:115,15,1,0
BRDA:117,16,0,0
BRDA:117,16,1,0
BRDA:121,17,0,0
BRDA:121,17,1,0
BRDA:121,18,0,0
BRDA:121,18,1,0
BRDA:123,19,0,0
BRDA:123,19,1,0
BRDA:127,20,0,0
BRDA:127,20,1,0
BRDA:129,21,0,0
BRDA:129,21,1,0
BRDA:136,22,0,0
BRDA:136,22,1,0
BRDA:144,23,0,0
BRDA:144,23,1,0
BRDA:146,24,0,0
BRDA:146,24,1,0
BRDA:177,25,0,0
BRDA:177,25,1,0
BRDA:183,26,0,0
BRDA:183,26,1,0
BRDA:192,27,0,0
BRDA:192,27,1,0
BRDA:205,28,0,0
BRDA:205,28,1,0
BRDA:226,29,0,0
BRDA:226,29,1,0
BRDA:230,30,0,0
BRDA:230,30,1,0
BRDA:244,31,0,0
BRDA:244,31,1,0
BRDA:257,32,0,0
BRDA:257,32,1,0
BRDA:265,33,0,0
BRDA:265,33,1,0
BRDA:266,34,0,0
BRDA:266,34,1,0
BRDA:267,35,0,0
BRDA:267,35,1,0
BRDA:267,36,0,0
BRDA:267,36,1,0
BRDA:269,37,0,0
BRDA:269,37,1,0
BRDA:274,38,0,0
BRDA:274,38,1,0
BRDA:274,39,0,0
BRDA:274,39,1,0
BRDA:274,39,2,0
BRDA:288,40,0,0
BRDA:288,40,1,0
BRDA:305,41,0,0
BRDA:305,41,1,0
BRDA:310,42,0,0
BRDA:310,42,1,0
BRDA:311,43,0,0
BRDA:311,43,1,0
BRDA:313,44,0,0
BRDA:313,44,1,0
BRDA:313,45,0,0
BRDA:313,45,1,0
BRDA:313,45,2,0
BRDA:319,46,0,0
BRDA:319,46,1,0
BRDA:321,47,0,0
BRDA:321,47,1,0
BRDA:343,48,0,0
BRDA:343,48,1,0
BRDA:348,49,0,0
BRDA:348,49,1,0
BRDA:349,50,0,0
BRDA:349,50,1,0
BRDA:349,51,0,0
BRDA:349,51,1,0
BRDA:355,52,0,0
BRDA:355,52,1,0
BRF:108
BRH:6
end_of_record
TN:
SF:src\types\product.type.ts
FN:4,(anonymous_0)
FN:9,(anonymous_1)
FN:14,(anonymous_2)
FN:30,(anonymous_3)
FN:46,(anonymous_4)
FN:62,(anonymous_5)
FN:86,(anonymous_6)
FN:99,(anonymous_7)
FNF:8
FNH:8
FNDA:84,(anonymous_0)
FNDA:12,(anonymous_1)
FNDA:6,(anonymous_2)
FNDA:6,(anonymous_3)
FNDA:6,(anonymous_4)
FNDA:6,(anonymous_5)
FNDA:6,(anonymous_6)
FNDA:6,(anonymous_7)
DA:1,1
DA:3,1
DA:4,84
DA:8,1
DA:9,12
DA:13,1
DA:15,6
DA:16,0
DA:17,0
DA:18,0
DA:20,0
DA:29,1
DA:31,6
DA:32,0
DA:33,0
DA:34,0
DA:36,0
DA:45,1
DA:47,6
DA:48,0
DA:49,0
DA:50,0
DA:52,0
DA:61,1
DA:63,6
DA:64,0
DA:65,0
DA:66,0
DA:68,0
DA:74,1
DA:86,6
DA:99,6
LF:32
LH:16
BRDA:4,0,0,0
BRDA:4,0,1,84
BRDA:9,1,0,12
BRDA:9,1,1,12
BRDA:15,2,0,6
BRDA:15,2,1,0
BRDA:16,3,0,0
BRDA:16,3,1,0
BRDA:31,4,0,6
BRDA:31,4,1,0
BRDA:32,5,0,0
BRDA:32,5,1,0
BRDA:47,6,0,6
BRDA:47,6,1,0
BRDA:48,7,0,0
BRDA:48,7,1,0
BRDA:63,8,0,6
BRDA:63,8,1,0
BRDA:64,9,0,0
BRDA:64,9,1,0
BRDA:86,10,0,6
BRDA:86,10,1,0
BRDA:86,11,0,6
BRDA:86,11,1,6
BRDA:99,12,0,6
BRDA:99,12,1,0
BRDA:99,13,0,6
BRDA:99,13,1,6
BRF:28
BRH:13
end_of_record
TN:
SF:src\types\user.type.ts
FN:4,(anonymous_0)
FN:9,(anonymous_1)
FN:14,(anonymous_2)
FNF:3
FNH:2
FNDA:15,(anonymous_0)
FNDA:0,(anonymous_1)
FNDA:5,(anonymous_2)
DA:1,1
DA:3,1
DA:4,15
DA:8,1
DA:9,0
DA:13,1
DA:14,5
DA:18,1
LF:8
LH:7
BRDA:4,0,0,0
BRDA:4,0,1,15
BRDA:9,1,0,0
BRDA:9,1,1,0
BRDA:14,2,0,0
BRDA:14,2,1,5
BRF:6
BRH:2
end_of_record
TN:
SF:src\utils\haversine.util.ts
FN:3,(anonymous_0)
FN:8,(anonymous_1)
FNF:2
FNH:2
FNDA:16,(anonymous_0)
FNDA:4,(anonymous_1)
DA:1,2
DA:3,16
DA:8,2
DA:9,4
DA:10,4
DA:12,4
DA:14,4
DA:15,4
LF:8
LH:8
BRF:0
BRH:0
end_of_record
TN:
SF:src\utils\invoice.util.ts
FN:15,(anonymous_1)
FN:18,(anonymous_2)
FN:20,(anonymous_3)
FN:22,generateInvoicePdf
FN:28,(anonymous_5)
FN:34,(anonymous_6)
FNF:6
FNH:1
FNDA:0,(anonymous_1)
FNDA:2,(anonymous_2)
FNDA:0,(anonymous_3)
FNDA:0,generateInvoicePdf
FNDA:0,(anonymous_5)
FNDA:0,(anonymous_6)
DA:1,1
DA:4,1
DA:11,1
DA:12,1
DA:13,1
DA:15,1
DA:16,0
DA:18,2
DA:20,1
DA:22,1
DA:23,0
DA:24,0
DA:25,0
DA:26,0
DA:28,0
DA:29,0
DA:30,0
DA:31,0
DA:34,0
DA:35,0
DA:36,0
DA:40,0
DA:44,0
DA:45,0
DA:46,0
DA:47,0
DA:48,0
DA:51,0
DA:52,0
DA:53,0
DA:54,0
DA:57,0
DA:58,0
DA:59,0
DA:60,0
DA:61,0
DA:69,0
DA:72,0
DA:73,0
DA:74,0
DA:75,0
DA:77,0
DA:78,0
DA:79,0
DA:80,0
DA:81,0
DA:82,0
DA:83,0
DA:84,0
DA:86,0
DA:87,0
DA:88,0
DA:89,0
DA:90,0
DA:94,0
DA:96,0
DA:99,0
DA:100,0
DA:101,0
DA:102,0
DA:103,0
DA:106,0
DA:107,0
DA:108,0
DA:109,0
DA:111,0
DA:114,0
DA:115,0
DA:116,0
DA:117,0
DA:119,0
LF:71
LH:9
BRDA:37,0,0,0
BRDA:37,0,1,0
BRDA:38,1,0,0
BRDA:38,1,1,0
BRDA:57,2,0,0
BRDA:57,2,1,0
BRDA:58,3,0,0
BRDA:58,3,1,0
BRDA:100,4,0,0
BRDA:100,4,1,0
BRDA:106,5,0,0
BRDA:106,5,1,0
BRDA:108,6,0,0
BRDA:108,6,1,0
BRF:14
BRH:0
end_of_record
TN:
SF:src\utils\mailer.util.ts
FN:11,sendPasswordResetOtpEmail
FNF:1
FNH:0
FNDA:0,sendPasswordResetOtpEmail
DA:1,1
DA:2,1
DA:4,1
DA:11,1
DA:12,0
DA:14,0
DA:15,0
DA:18,0
LF:8
LH:4
BRDA:8,0,0,1
BRDA:8,0,1,0
BRDA:12,1,0,0
BRDA:12,1,1,0
BRDA:12,2,0,0
BRDA:12,2,1,0
BRF:6
BRH:1
end_of_record
TN:
SF:src\utils\object.util.ts
FN:1,(anonymous_0)
FN:3,(anonymous_1)
FNF:2
FNH:2
FNDA:3,(anonymous_0)
FNDA:6,(anonymous_1)
DA:1,3
DA:2,3
DA:3,6
LF:3
LH:3
BRF:0
BRH:0
end_of_record
TN:
SF:src\utils\query.util.ts
FN:10,(anonymous_0)
FN:24,(anonymous_1)
FN:47,(anonymous_2)
FNF:3
FNH:1
FNDA:2,(anonymous_0)
FNDA:0,(anonymous_1)
FNDA:0,(anonymous_2)
DA:10,2
DA:11,2
DA:12,2
DA:13,2
DA:24,2
DA:30,0
DA:31,0
DA:33,0
DA:34,0
DA:36,0
DA:47,2
LF:11
LH:6
BRDA:10,0,0,1
BRDA:11,1,0,2
BRDA:11,1,1,1
BRDA:12,2,0,2
BRDA:12,2,1,1
BRDA:28,3,0,0
BRDA:30,4,0,0
BRDA:30,4,1,0
BRDA:31,5,0,0
BRDA:31,5,1,0
BRDA:33,6,0,0
BRDA:33,6,1,0
BRDA:34,7,0,0
BRDA:34,7,1,0
BRDA:34,8,0,0
BRDA:34,8,1,0
BRF:16
BRH:5
end_of_record
TN:
SF:src\utils\sku.util.ts
FN:11,(anonymous_0)
FN:19,(anonymous_1)
FN:27,(anonymous_2)
FN:44,(anonymous_3)
FN:54,(anonymous_4)
FN:55,(anonymous_5)
FN:56,(anonymous_6)
FN:61,(anonymous_7)
FN:64,(anonymous_8)
FN:67,(anonymous_9)
FNF:10
FNH:9
FNDA:13,(anonymous_0)
FNDA:2,(anonymous_1)
FNDA:4,(anonymous_2)
FNDA:6,(anonymous_3)
FNDA:4,(anonymous_4)
FNDA:6,(anonymous_5)
FNDA:3,(anonymous_6)
FNDA:0,(anonymous_7)
FNDA:1,(anonymous_8)
FNDA:2,(anonymous_9)
DA:11,1
DA:12,13
DA:19,1
DA:26,2
DA:27,4
DA:31,2
DA:44,1
DA:45,6
DA:46,6
DA:54,1
DA:55,4
DA:56,6
DA:58,4
DA:61,1
DA:62,0
DA:64,1
DA:65,1
DA:67,1
DA:68,2
DA:69,2
DA:70,2
DA:71,2
LF:22
LH:21
BRDA:46,0,0,6
BRDA:46,0,1,2
BRDA:58,1,0,4
BRDA:58,1,1,2
BRDA:58,1,2,2
BRDA:58,1,3,2
BRF:6
BRH:6
end_of_record
TN:
SF:src\utils\slug.util.ts
FN:6,(anonymous_0)
FNF:1
FNH:1
FNDA:2,(anonymous_0)
DA:6,1
DA:7,2
LF:2
LH:2
BRF:0
BRH:0
end_of_record
